   1                             	r8	=	0xffef0
   2                             	r16	=	0xffee8
   3                             	r24	=	0xffee0
   4                             	r9	=	0xffef1
   5                             	r17	=	0xffee9
   6                             	r25	=	0xffee1
   7                             	r10	=	0xffef2
   8                             	r18	=	0xffeea
   9                             	r26	=	0xffee2
  10                             	r11	=	0xffef3
  11                             	r19	=	0xffeeb
  12                             	r27	=	0xffee3
  13                             	r12	=	0xffef4
  14                             	r20	=	0xffeec
  15                             	r28	=	0xffee4
  16                             	r13	=	0xffef5
  17                             	r21	=	0xffeed
  18                             	r29	=	0xffee5
  19                             	r14	=	0xffef6
  20                             	r22	=	0xffeee
  21                             	r30	=	0xffee6
  22                             	r15	=	0xffef7
  23                             	r23	=	0xffeef
  24                             	r31	=	0xffee7
  25                             	.text
  26                             	.Ltext0:
  27                             		.comm	_gate_status,2,2
  28                             		.comm	_mode,2,2
  29                             		.comm	_uart1RxBuf,16,1
  30                             		.comm	_uart1RxCnt,2,2
  31                             		.comm	_uart1RxFlag,1,1
  32                             		.comm	_uart1RxErrFlag,1,1
  33                             		.comm	_uart1RxOvrFlag,1,1
  34                             		.comm	_uart1TxBuf,16,1
  35                             		.comm	_uart1TxCnt,2,2
  36                             		.comm	_uart1TxFlag,1,1
  37                             		.comm	_uart1Status,2,2
  38                             	.Letext0:
  39                             		.file 1 "../src/r_cg_macrodriver.h"
  40                             		.file 2 "../src/r_cg_userdefine.h"
  41                             		.file 3 "../src/global.c"
