   1                             	r8	=	0xffef0
   2                             	r16	=	0xffee8
   3                             	r24	=	0xffee0
   4                             	r9	=	0xffef1
   5                             	r17	=	0xffee9
   6                             	r25	=	0xffee1
   7                             	r10	=	0xffef2
   8                             	r18	=	0xffeea
   9                             	r26	=	0xffee2
  10                             	r11	=	0xffef3
  11                             	r19	=	0xffeeb
  12                             	r27	=	0xffee3
  13                             	r12	=	0xffef4
  14                             	r20	=	0xffeec
  15                             	r28	=	0xffee4
  16                             	r13	=	0xffef5
  17                             	r21	=	0xffeed
  18                             	r29	=	0xffee5
  19                             	r14	=	0xffef6
  20                             	r22	=	0xffeee
  21                             	r30	=	0xffee6
  22                             	r15	=	0xffef7
  23                             	r23	=	0xffeef
  24                             	r31	=	0xffee7
  25                             	.text
  26                             	.Ltext0:
  27                             		.comm	_ir_rxMessage,2,2
  28                             		.comm	_dataReady,1,1
  29                             		.comm	_dataPrint,1,1
  30                             		.comm	_dataResponse,1,1
  31                             		.comm	_ADC_done,1,1
  32                             		.comm	_ADC_value,8,2
  33                             		.comm	_INTAD_FSM_state,1,1
  34                             		.comm	_adc_ready,1,1
  35                             		.comm	_latest_current_reading,1,1
  36                             		.comm	_ADC_counter,1,1
  37                             		.comm	_timer_adc_reader_10Hz_interrupt,1,1
  38                             		.comm	_initial_current,1,1
  39                             		.comm	_collision_det_counter,1,1
  40                             		.comm	_collision_det,1,1
  41                             		.comm	_ctrlMode,2,2
  42                             		.comm	_gate_status,2,2
  43                             		.comm	_prev_gate_status,2,2
  44                             		.comm	_time_now,7,1
  45                             		.comm	_uart1Status,2,2
  46                             		.comm	_uart1RxFlag,1,1
  47                             		.comm	_uart1RxBuf,16,1
  48                             		.comm	_uart1RxCnt,2,2
  49                             		.comm	_uart1TxFlag,1,1
  50                             		.comm	_uart1TxBuf,16,1
  51                             		.comm	_uart1TxCnt,2,2
  52                             		.comm	_myBuffer,16,1
  53                             		.comm	_myCounter,2,2
  54                             		.comm	_pwm_counter,2,2
  55                             		.comm	_pwm_edge,2,2
  56                             		.comm	_switch_edge,2,2
  57                             		.comm	_check_btns,2,2
  58                             		.comm	_gate_cmd,1,1
  59                             		.comm	_auto_close,1,1
  60                             		.comm	_auto_close_cntr,1,1
  61                             		.global	_r_intc7_interrupt
  63                             	_r_intc7_interrupt:
  64                             	.LFB0:
  65                             		.file 1 "../src/r_cg_intc_user.c"
   1:../src/r_cg_intc_user.c **** /**************************************************************************************************
   2:../src/r_cg_intc_user.c **** * DISCLAIMER
   3:../src/r_cg_intc_user.c **** * This software is supplied by Renesas Electronics Corporation and is only intended for use with Re
   4:../src/r_cg_intc_user.c **** * No other uses are authorized. This software is owned by Renesas Electronics Corporation and is pr
   5:../src/r_cg_intc_user.c **** * applicable laws, including copyright laws. 
   6:../src/r_cg_intc_user.c **** * THIS SOFTWARE IS PROVIDED "AS IS" AND RENESAS MAKES NO WARRANTIESREGARDING THIS SOFTWARE, WHETHER
   7:../src/r_cg_intc_user.c **** * OR STATUTORY, INCLUDING BUT NOT LIMITED TO WARRANTIES OF MERCHANTABILITY, FITNESS FOR A PARTICULA
   8:../src/r_cg_intc_user.c **** * NON-INFRINGEMENT.  ALL SUCH WARRANTIES ARE EXPRESSLY DISCLAIMED.TO THE MAXIMUM EXTENT PERMITTED N
   9:../src/r_cg_intc_user.c **** * LAW, NEITHER RENESAS ELECTRONICS CORPORATION NOR ANY OF ITS AFFILIATED COMPANIES SHALL BE LIABLE 
  10:../src/r_cg_intc_user.c **** * INDIRECT, SPECIAL, INCIDENTAL OR CONSEQUENTIAL DAMAGES FOR ANY REASON RELATED TO THIS SOFTWARE, E
  11:../src/r_cg_intc_user.c **** * ITS AFFILIATES HAVE BEEN ADVISED OF THE POSSIBILITY OF SUCH DAMAGES.
  12:../src/r_cg_intc_user.c **** * Renesas reserves the right, without notice, to make changes to this software and to discontinue t
  13:../src/r_cg_intc_user.c **** * of this software. By using this software, you agree to the additional terms and conditions found 
  14:../src/r_cg_intc_user.c **** * following link:
  15:../src/r_cg_intc_user.c **** * http://www.renesas.com/disclaimer
  16:../src/r_cg_intc_user.c **** *
  17:../src/r_cg_intc_user.c **** * Copyright (C) 2011, 2015 Renesas Electronics Corporation. All rights reserved.
  18:../src/r_cg_intc_user.c **** ***************************************************************************************************
  19:../src/r_cg_intc_user.c **** 
  20:../src/r_cg_intc_user.c **** /**************************************************************************************************
  21:../src/r_cg_intc_user.c **** * File Name    : r_cg_intc_user.c
  22:../src/r_cg_intc_user.c **** * Version      : CodeGenerator for RL78/G14 V2.04.02.01 [15 May 2015]
  23:../src/r_cg_intc_user.c **** * Device(s)    : R5F104LE
  24:../src/r_cg_intc_user.c **** * Tool-Chain   : GCCRL78
  25:../src/r_cg_intc_user.c **** * Description  : This file implements device driver for INTC module.
  26:../src/r_cg_intc_user.c **** * Creation Date: 5/4/2016
  27:../src/r_cg_intc_user.c **** ***************************************************************************************************
  28:../src/r_cg_intc_user.c **** 
  29:../src/r_cg_intc_user.c **** /**************************************************************************************************
  30:../src/r_cg_intc_user.c **** Includes
  31:../src/r_cg_intc_user.c **** ***************************************************************************************************
  32:../src/r_cg_intc_user.c **** #include "r_cg_macrodriver.h"
  33:../src/r_cg_intc_user.c **** #include "r_cg_intc.h"
  34:../src/r_cg_intc_user.c **** /* Start user code for include. Do not edit comment generated here */
  35:../src/r_cg_intc_user.c **** #include "infrared.h"
  36:../src/r_cg_intc_user.c **** /* End user code. Do not edit comment generated here */
  37:../src/r_cg_intc_user.c **** #include "global.h"
  38:../src/r_cg_intc_user.c **** 
  39:../src/r_cg_intc_user.c **** /**************************************************************************************************
  40:../src/r_cg_intc_user.c **** Global variables and functions
  41:../src/r_cg_intc_user.c **** ***************************************************************************************************
  42:../src/r_cg_intc_user.c **** /* Start user code for global. Do not edit comment generated here */
  43:../src/r_cg_intc_user.c **** /* End user code. Do not edit comment generated here */
  44:../src/r_cg_intc_user.c **** 
  45:../src/r_cg_intc_user.c **** /**************************************************************************************************
  46:../src/r_cg_intc_user.c **** * Function Name: r_intc7_interrupt
  47:../src/r_cg_intc_user.c **** * Description  : This function is INTP7 interrupt service routine.
  48:../src/r_cg_intc_user.c **** * Arguments    : None
  49:../src/r_cg_intc_user.c **** * Return Value : None
  50:../src/r_cg_intc_user.c **** ***************************************************************************************************
  51:../src/r_cg_intc_user.c **** void r_intc7_interrupt(void)
  52:../src/r_cg_intc_user.c **** {
  66                             		.loc 1 52 0
  67                             		; start of function
  68                             		; push 16: ax bc de hl r8 r10 r12 r14
  69 0000 61 CF                   		sel	rb0
  70 0002 C1                      		push	ax
  71                             	.LCFI0:
  72 0003 C3                      		push	bc
  73                             	.LCFI1:
  74 0004 C5                      		push	de
  75                             	.LCFI2:
  76 0005 C7                      		push	hl
  77                             	.LCFI3:
  78 0006 61 DF                   		sel	rb1
  79 0008 C1                      		push	ax ; r8
  80                             	.LCFI4:
  81 0009 C3                      		push	bc ; r10
  82                             	.LCFI5:
  83 000a C5                      		push	de ; r12
  84                             	.LCFI6:
  85 000b C7                      		push	hl ; r14
  86                             	.LCFI7:
  87 000c 61 CF                   		sel	rb0
  53:../src/r_cg_intc_user.c ****     /* Start user code. Do not edit comment generated here */
  54:../src/r_cg_intc_user.c **** 	dataReady = 0;
  88                             		.loc 1 54 0
  89 000e F5 00 00                		clrb	!_dataReady
  55:../src/r_cg_intc_user.c **** 	R_INTC7_Stop();
  90                             		.loc 1 55 0
  91 0011 FC 00 00 00             		call	!!%code(_R_INTC7_Stop)
  56:../src/r_cg_intc_user.c **** 	R_TAU0_Channel3_Start();
  92                             		.loc 1 56 0
  93 0015 FC 00 00 00             		call	!!%code(_R_TAU0_Channel3_Start)
  57:../src/r_cg_intc_user.c ****     /* End user code. Do not edit comment generated here */
  58:../src/r_cg_intc_user.c **** }
  94                             		.loc 1 58 0
  95 0019 61 DF                   		sel	rb1
  96 001b C6                      		pop	hl ; r14
  97 001c C4                      		pop	de ; r12
  98 001d C2                      		pop	bc ; r10
  99 001e C0                      		pop	ax ; r8
 100 001f 61 CF                   		sel	rb0
 101 0021 C6                      		pop	hl
 102 0022 C4                      		pop	de
 103 0023 C2                      		pop	bc
 104 0024 C0                      		pop	ax
 105 0025 61 FC                   		reti
 106                             	.LFE0:
 166                             	.Letext0:
 167                             		.file 2 "../src/r_cg_macrodriver.h"
 168                             		.file 3 "../src/r_cg_rtc.h"
 169                             		.file 4 "../src/global.h"
 170                             		.file 5 "../src/infrared.h"
 171                             		.file 6 "../src/adc.h"
