   1                             	r8	=	0xffef0
   2                             	r16	=	0xffee8
   3                             	r24	=	0xffee0
   4                             	r9	=	0xffef1
   5                             	r17	=	0xffee9
   6                             	r25	=	0xffee1
   7                             	r10	=	0xffef2
   8                             	r18	=	0xffeea
   9                             	r26	=	0xffee2
  10                             	r11	=	0xffef3
  11                             	r19	=	0xffeeb
  12                             	r27	=	0xffee3
  13                             	r12	=	0xffef4
  14                             	r20	=	0xffeec
  15                             	r28	=	0xffee4
  16                             	r13	=	0xffef5
  17                             	r21	=	0xffeed
  18                             	r29	=	0xffee5
  19                             	r14	=	0xffef6
  20                             	r22	=	0xffeee
  21                             	r30	=	0xffee6
  22                             	r15	=	0xffef7
  23                             	r23	=	0xffeef
  24                             	r31	=	0xffee7
  25                             	.text
  26                             	.Ltext0:
  27                             		.global	_R_PCLBUZ0_Create
  29                             	_R_PCLBUZ0_Create:
  30                             	.LFB0:
  31                             		.file 1 "../src/r_cg_pclbuz.c"
   1:../src/r_cg_pclbuz.c **** /**************************************************************************************************
   2:../src/r_cg_pclbuz.c **** * DISCLAIMER
   3:../src/r_cg_pclbuz.c **** * This software is supplied by Renesas Electronics Corporation and is only intended for use with Re
   4:../src/r_cg_pclbuz.c **** * No other uses are authorized. This software is owned by Renesas Electronics Corporation and is pr
   5:../src/r_cg_pclbuz.c **** * applicable laws, including copyright laws. 
   6:../src/r_cg_pclbuz.c **** * THIS SOFTWARE IS PROVIDED "AS IS" AND RENESAS MAKES NO WARRANTIESREGARDING THIS SOFTWARE, WHETHER
   7:../src/r_cg_pclbuz.c **** * OR STATUTORY, INCLUDING BUT NOT LIMITED TO WARRANTIES OF MERCHANTABILITY, FITNESS FOR A PARTICULA
   8:../src/r_cg_pclbuz.c **** * NON-INFRINGEMENT.  ALL SUCH WARRANTIES ARE EXPRESSLY DISCLAIMED.TO THE MAXIMUM EXTENT PERMITTED N
   9:../src/r_cg_pclbuz.c **** * LAW, NEITHER RENESAS ELECTRONICS CORPORATION NOR ANY OF ITS AFFILIATED COMPANIES SHALL BE LIABLE 
  10:../src/r_cg_pclbuz.c **** * INDIRECT, SPECIAL, INCIDENTAL OR CONSEQUENTIAL DAMAGES FOR ANY REASON RELATED TO THIS SOFTWARE, E
  11:../src/r_cg_pclbuz.c **** * ITS AFFILIATES HAVE BEEN ADVISED OF THE POSSIBILITY OF SUCH DAMAGES.
  12:../src/r_cg_pclbuz.c **** * Renesas reserves the right, without notice, to make changes to this software and to discontinue t
  13:../src/r_cg_pclbuz.c **** * of this software. By using this software, you agree to the additional terms and conditions found 
  14:../src/r_cg_pclbuz.c **** * following link:
  15:../src/r_cg_pclbuz.c **** * http://www.renesas.com/disclaimer
  16:../src/r_cg_pclbuz.c **** *
  17:../src/r_cg_pclbuz.c **** * Copyright (C) 2011, 2015 Renesas Electronics Corporation. All rights reserved.
  18:../src/r_cg_pclbuz.c **** ***************************************************************************************************
  19:../src/r_cg_pclbuz.c **** 
  20:../src/r_cg_pclbuz.c **** /**************************************************************************************************
  21:../src/r_cg_pclbuz.c **** * File Name    : r_cg_pclbuz.c
  22:../src/r_cg_pclbuz.c **** * Version      : CodeGenerator for RL78/G14 V2.04.02.01 [15 May 2015]
  23:../src/r_cg_pclbuz.c **** * Device(s)    : R5F104LE
  24:../src/r_cg_pclbuz.c **** * Tool-Chain   : GCCRL78
  25:../src/r_cg_pclbuz.c **** * Description  : This file implements device driver for PCLBUZ module.
  26:../src/r_cg_pclbuz.c **** * Creation Date: 5/4/2016
  27:../src/r_cg_pclbuz.c **** ***************************************************************************************************
  28:../src/r_cg_pclbuz.c **** 
  29:../src/r_cg_pclbuz.c **** /**************************************************************************************************
  30:../src/r_cg_pclbuz.c **** Includes
  31:../src/r_cg_pclbuz.c **** ***************************************************************************************************
  32:../src/r_cg_pclbuz.c **** #include "r_cg_macrodriver.h"
  33:../src/r_cg_pclbuz.c **** #include "r_cg_pclbuz.h"
  34:../src/r_cg_pclbuz.c **** /* Start user code for include. Do not edit comment generated here */
  35:../src/r_cg_pclbuz.c **** /* End user code. Do not edit comment generated here */
  36:../src/r_cg_pclbuz.c **** #include "r_cg_userdefine.h"
  37:../src/r_cg_pclbuz.c **** 
  38:../src/r_cg_pclbuz.c **** /**************************************************************************************************
  39:../src/r_cg_pclbuz.c **** Global variables and functions
  40:../src/r_cg_pclbuz.c **** ***************************************************************************************************
  41:../src/r_cg_pclbuz.c **** /* Start user code for global. Do not edit comment generated here */
  42:../src/r_cg_pclbuz.c **** /* End user code. Do not edit comment generated here */
  43:../src/r_cg_pclbuz.c **** 
  44:../src/r_cg_pclbuz.c **** /**************************************************************************************************
  45:../src/r_cg_pclbuz.c **** * Function Name: R_PCLBUZ0_Create
  46:../src/r_cg_pclbuz.c **** * Description  : This function initializes the PCLBUZ0 module.
  47:../src/r_cg_pclbuz.c **** * Arguments    : None
  48:../src/r_cg_pclbuz.c **** * Return Value : None
  49:../src/r_cg_pclbuz.c **** ***************************************************************************************************
  50:../src/r_cg_pclbuz.c **** void R_PCLBUZ0_Create(void)
  51:../src/r_cg_pclbuz.c **** {
  32                             		.loc 1 51 0
  52:../src/r_cg_pclbuz.c ****     PCLOE0 = 0U;    /* disable PCLBUZ0 operation */
  33                             		.loc 1 52 0
  34 0000 C9 F0 A5 FF             		movw	r8, #-91
  35 0004 AD F0                   		movw	ax, r8
  36 0006 BD F4                   		movw	r12, ax
  37 0008 FA F4                   		movw	hl, r12
  38 000a 8B                      		mov	a, [hl]
  39 000b 9D F2                   		mov	r10, a
  40 000d 5A F2 7F                		and	r10, #127
  41 0010 AD F0                   		movw	ax, r8
  42 0012 DA F4                   		movw	bc, r12
  43 0014 8D F2                   		mov	a, r10
  44 0016 48 00 00                		mov	[bc], a
  53:../src/r_cg_pclbuz.c ****     CKS0 = _0C_PCLBUZ_OUTCLK_fSUB4;
  45                             		.loc 1 53 0
  46 0019 C9 F0 A5 FF             		movw	r8, #-91
  47 001d AD F0                   		movw	ax, r8
  48 001f BD F2                   		movw	r10, ax
  49 0021 DA F2                   		movw	bc, r10
  50 0023 51 0C                   		mov	a, #12
  51 0025 48 00 00                		mov	[bc], a
  54:../src/r_cg_pclbuz.c ****     /* Set PCLBUZ0 pin */
  55:../src/r_cg_pclbuz.c ****     P14 &= 0xFEU;
  52                             		.loc 1 55 0
  53 0028 C9 F2 0E FF             		movw	r10, #-242
  54 002c C9 F0 0E FF             		movw	r8, #-242
  55 0030 AD F0                   		movw	ax, r8
  56 0032 BD F4                   		movw	r12, ax
  57 0034 FA F4                   		movw	hl, r12
  58 0036 8B                      		mov	a, [hl]
  59 0037 9D F0                   		mov	r8, a
  60 0039 5A F0 FE                		and	r8, #-2
  61 003c AD F2                   		movw	ax, r10
  62 003e BD F4                   		movw	r12, ax
  63 0040 DA F4                   		movw	bc, r12
  64 0042 8D F0                   		mov	a, r8
  65 0044 48 00 00                		mov	[bc], a
  56:../src/r_cg_pclbuz.c ****     PM14 &= 0xFEU;
  66                             		.loc 1 56 0
  67 0047 C9 F2 2E FF             		movw	r10, #-210
  68 004b C9 F0 2E FF             		movw	r8, #-210
  69 004f AD F0                   		movw	ax, r8
  70 0051 BD F4                   		movw	r12, ax
  71 0053 FA F4                   		movw	hl, r12
  72 0055 8B                      		mov	a, [hl]
  73 0056 9D F0                   		mov	r8, a
  74 0058 5A F0 FE                		and	r8, #-2
  75 005b AD F2                   		movw	ax, r10
  76 005d BD F4                   		movw	r12, ax
  77 005f DA F4                   		movw	bc, r12
  78 0061 8D F0                   		mov	a, r8
  79 0063 48 00 00                		mov	[bc], a
  57:../src/r_cg_pclbuz.c **** }
  80                             		.loc 1 57 0
  81 0066 D7                      		ret
  82                             	.LFE0:
  84                             		.global	_R_PCLBUZ0_Start
  86                             	_R_PCLBUZ0_Start:
  87                             	.LFB1:
  58:../src/r_cg_pclbuz.c **** 
  59:../src/r_cg_pclbuz.c **** /**************************************************************************************************
  60:../src/r_cg_pclbuz.c **** * Function Name: R_PCLBUZ0_Start
  61:../src/r_cg_pclbuz.c **** * Description  : This function starts the PCLBUZ0 module.
  62:../src/r_cg_pclbuz.c **** * Arguments    : None
  63:../src/r_cg_pclbuz.c **** * Return Value : None
  64:../src/r_cg_pclbuz.c **** ***************************************************************************************************
  65:../src/r_cg_pclbuz.c **** void R_PCLBUZ0_Start(void)
  66:../src/r_cg_pclbuz.c **** {
  88                             		.loc 1 66 0
  67:../src/r_cg_pclbuz.c ****     PCLOE0 = 1U;    /* enable PCLBUZ0 operation */
  89                             		.loc 1 67 0
  90 0067 C9 F0 A5 FF             		movw	r8, #-91
  91 006b AD F0                   		movw	ax, r8
  92 006d BD F4                   		movw	r12, ax
  93 006f FA F4                   		movw	hl, r12
  94 0071 8B                      		mov	a, [hl]
  95 0072 9D F2                   		mov	r10, a
  96 0074 6A F2 80                		or	r10, #-128
  97 0077 AD F0                   		movw	ax, r8
  98 0079 DA F4                   		movw	bc, r12
  99 007b 8D F2                   		mov	a, r10
 100 007d 48 00 00                		mov	[bc], a
  68:../src/r_cg_pclbuz.c **** }
 101                             		.loc 1 68 0
 102 0080 D7                      		ret
 103                             	.LFE1:
 105                             		.global	_R_PCLBUZ0_Stop
 107                             	_R_PCLBUZ0_Stop:
 108                             	.LFB2:
  69:../src/r_cg_pclbuz.c **** 
  70:../src/r_cg_pclbuz.c **** /**************************************************************************************************
  71:../src/r_cg_pclbuz.c **** * Function Name: R_PCLBUZ0_Stop
  72:../src/r_cg_pclbuz.c **** * Description  : This function stops the PCLBUZ0 module.
  73:../src/r_cg_pclbuz.c **** * Arguments    : None
  74:../src/r_cg_pclbuz.c **** * Return Value : None
  75:../src/r_cg_pclbuz.c **** ***************************************************************************************************
  76:../src/r_cg_pclbuz.c **** void R_PCLBUZ0_Stop(void)
  77:../src/r_cg_pclbuz.c **** {
 109                             		.loc 1 77 0
  78:../src/r_cg_pclbuz.c ****     PCLOE0 = 0U;    /* disable PCLBUZ0 operation */
 110                             		.loc 1 78 0
 111 0081 C9 F0 A5 FF             		movw	r8, #-91
 112 0085 AD F0                   		movw	ax, r8
 113 0087 BD F4                   		movw	r12, ax
 114 0089 FA F4                   		movw	hl, r12
 115 008b 8B                      		mov	a, [hl]
 116 008c 9D F2                   		mov	r10, a
 117 008e 5A F2 7F                		and	r10, #127
 118 0091 AD F0                   		movw	ax, r8
 119 0093 DA F4                   		movw	bc, r12
 120 0095 8D F2                   		mov	a, r10
 121 0097 48 00 00                		mov	[bc], a
  79:../src/r_cg_pclbuz.c **** }
 122                             		.loc 1 79 0
 123 009a D7                      		ret
 124                             	.LFE2:
 168                             	.Letext0:
 169                             		.file 2 "../src/iodefine.h"
