   1                             	r8	=	0xffef0
   2                             	r16	=	0xffee8
   3                             	r24	=	0xffee0
   4                             	r9	=	0xffef1
   5                             	r17	=	0xffee9
   6                             	r25	=	0xffee1
   7                             	r10	=	0xffef2
   8                             	r18	=	0xffeea
   9                             	r26	=	0xffee2
  10                             	r11	=	0xffef3
  11                             	r19	=	0xffeeb
  12                             	r27	=	0xffee3
  13                             	r12	=	0xffef4
  14                             	r20	=	0xffeec
  15                             	r28	=	0xffee4
  16                             	r13	=	0xffef5
  17                             	r21	=	0xffeed
  18                             	r29	=	0xffee5
  19                             	r14	=	0xffef6
  20                             	r22	=	0xffeee
  21                             	r30	=	0xffee6
  22                             	r15	=	0xffef7
  23                             	r23	=	0xffeef
  24                             	r31	=	0xffee7
  25                             	.text
  26                             	.Ltext0:
  27                             		.comm	_gate_status,2,2
  28                             		.comm	_mode,2,2
  29                             		.comm	_uart1RxBuf,16,1
  30                             		.comm	_uart1RxCnt,2,2
  31                             		.comm	_uart1RxFlag,1,1
  32                             		.comm	_uart1RxErrFlag,1,1
  33                             		.comm	_uart1RxOvrFlag,1,1
  34                             		.comm	_uart1TxBuf,16,1
  35                             		.comm	_uart1TxCnt,2,2
  36                             		.comm	_uart1TxFlag,1,1
  37                             		.comm	_uart1Status,2,2
  38                             		.global	_R_CGC_Create
  40                             	_R_CGC_Create:
  41                             	.LFB0:
  42                             		.file 1 "../src/r_cg_cgc.c"
   1:../src/r_cg_cgc.c **** /**************************************************************************************************
   2:../src/r_cg_cgc.c **** * DISCLAIMER
   3:../src/r_cg_cgc.c **** * This software is supplied by Renesas Electronics Corporation and is only intended for use with Re
   4:../src/r_cg_cgc.c **** * No other uses are authorized. This software is owned by Renesas Electronics Corporation and is pr
   5:../src/r_cg_cgc.c **** * applicable laws, including copyright laws. 
   6:../src/r_cg_cgc.c **** * THIS SOFTWARE IS PROVIDED "AS IS" AND RENESAS MAKES NO WARRANTIESREGARDING THIS SOFTWARE, WHETHER
   7:../src/r_cg_cgc.c **** * OR STATUTORY, INCLUDING BUT NOT LIMITED TO WARRANTIES OF MERCHANTABILITY, FITNESS FOR A PARTICULA
   8:../src/r_cg_cgc.c **** * NON-INFRINGEMENT.  ALL SUCH WARRANTIES ARE EXPRESSLY DISCLAIMED.TO THE MAXIMUM EXTENT PERMITTED N
   9:../src/r_cg_cgc.c **** * LAW, NEITHER RENESAS ELECTRONICS CORPORATION NOR ANY OF ITS AFFILIATED COMPANIES SHALL BE LIABLE 
  10:../src/r_cg_cgc.c **** * INDIRECT, SPECIAL, INCIDENTAL OR CONSEQUENTIAL DAMAGES FOR ANY REASON RELATED TO THIS SOFTWARE, E
  11:../src/r_cg_cgc.c **** * ITS AFFILIATES HAVE BEEN ADVISED OF THE POSSIBILITY OF SUCH DAMAGES.
  12:../src/r_cg_cgc.c **** * Renesas reserves the right, without notice, to make changes to this software and to discontinue t
  13:../src/r_cg_cgc.c **** * of this software. By using this software, you agree to the additional terms and conditions found 
  14:../src/r_cg_cgc.c **** * following link:
  15:../src/r_cg_cgc.c **** * http://www.renesas.com/disclaimer
  16:../src/r_cg_cgc.c **** *
  17:../src/r_cg_cgc.c **** * Copyright (C) 2011, 2015 Renesas Electronics Corporation. All rights reserved.
  18:../src/r_cg_cgc.c **** ***************************************************************************************************
  19:../src/r_cg_cgc.c **** 
  20:../src/r_cg_cgc.c **** /**************************************************************************************************
  21:../src/r_cg_cgc.c **** * File Name    : r_cg_cgc.c
  22:../src/r_cg_cgc.c **** * Version      : CodeGenerator for RL78/G14 V2.04.02.01 [15 May 2015]
  23:../src/r_cg_cgc.c **** * Device(s)    : R5F104LE
  24:../src/r_cg_cgc.c **** * Tool-Chain   : GCCRL78
  25:../src/r_cg_cgc.c **** * Description  : This file implements device driver for CGC module.
  26:../src/r_cg_cgc.c **** * Creation Date: 4/13/2016
  27:../src/r_cg_cgc.c **** ***************************************************************************************************
  28:../src/r_cg_cgc.c **** 
  29:../src/r_cg_cgc.c **** /**************************************************************************************************
  30:../src/r_cg_cgc.c **** Includes
  31:../src/r_cg_cgc.c **** ***************************************************************************************************
  32:../src/r_cg_cgc.c **** #include "r_cg_macrodriver.h"
  33:../src/r_cg_cgc.c **** #include "r_cg_cgc.h"
  34:../src/r_cg_cgc.c **** /* Start user code for include. Do not edit comment generated here */
  35:../src/r_cg_cgc.c **** /* End user code. Do not edit comment generated here */
  36:../src/r_cg_cgc.c **** #include "r_cg_userdefine.h"
  37:../src/r_cg_cgc.c **** 
  38:../src/r_cg_cgc.c **** /**************************************************************************************************
  39:../src/r_cg_cgc.c **** Global variables and functions
  40:../src/r_cg_cgc.c **** ***************************************************************************************************
  41:../src/r_cg_cgc.c **** /* Start user code for global. Do not edit comment generated here */
  42:../src/r_cg_cgc.c **** /* End user code. Do not edit comment generated here */
  43:../src/r_cg_cgc.c **** 
  44:../src/r_cg_cgc.c **** /**************************************************************************************************
  45:../src/r_cg_cgc.c **** * Function Name: R_CGC_Create
  46:../src/r_cg_cgc.c **** * Description  : This function initializes the clock generator.
  47:../src/r_cg_cgc.c **** * Arguments    : None
  48:../src/r_cg_cgc.c **** * Return Value : None
  49:../src/r_cg_cgc.c **** ***************************************************************************************************
  50:../src/r_cg_cgc.c **** void R_CGC_Create(void)
  51:../src/r_cg_cgc.c **** {
  43                             		.loc 1 51 0
  44                             		; start of function
  45                             		; locals: 2 bytes
  46 0000 20 02                   		subw	sp, #2
  47                             	.LCFI0:
  52:../src/r_cg_cgc.c ****     volatile uint16_t w_count;
  53:../src/r_cg_cgc.c **** 
  54:../src/r_cg_cgc.c ****     /* Set fMX */
  55:../src/r_cg_cgc.c ****     CMC = _00_CGC_HISYS_PORT | _10_CGC_SUB_OSC | _00_CGC_SYSOSC_DEFAULT | _00_CGC_SUBMODE_LOW;
  48                             		.loc 1 55 0
  49 0002 C9 F0 A0 FF             		movw	r8, #-96
  50 0006 AD F0                   		movw	ax, r8
  51 0008 BD F2                   		movw	r10, ax
  52 000a DA F2                   		movw	bc, r10
  53 000c 51 10                   		mov	a, #16
  54 000e 48 00 00                		mov	[bc], a
  56:../src/r_cg_cgc.c ****     MSTOP = 1U;
  55                             		.loc 1 56 0
  56 0011 C9 F0 A1 FF             		movw	r8, #-95
  57 0015 AD F0                   		movw	ax, r8
  58 0017 BD F4                   		movw	r12, ax
  59 0019 FA F4                   		movw	hl, r12
  60 001b 8B                      		mov	a, [hl]
  61 001c 9D F2                   		mov	r10, a
  62 001e 6A F2 80                		or	r10, #-128
  63 0021 AD F0                   		movw	ax, r8
  64 0023 DA F4                   		movw	bc, r12
  65 0025 8D F2                   		mov	a, r10
  66 0027 48 00 00                		mov	[bc], a
  57:../src/r_cg_cgc.c ****     /* Set fMAIN */
  58:../src/r_cg_cgc.c ****     MCM0 = 0U;
  67                             		.loc 1 58 0
  68 002a C9 F0 A4 FF             		movw	r8, #-92
  69 002e AD F0                   		movw	ax, r8
  70 0030 BD F4                   		movw	r12, ax
  71 0032 FA F4                   		movw	hl, r12
  72 0034 8B                      		mov	a, [hl]
  73 0035 9D F2                   		mov	r10, a
  74 0037 5A F2 EF                		and	r10, #-17
  75 003a AD F0                   		movw	ax, r8
  76 003c DA F4                   		movw	bc, r12
  77 003e 8D F2                   		mov	a, r10
  78 0040 48 00 00                		mov	[bc], a
  59:../src/r_cg_cgc.c ****     /* Set fSUB */
  60:../src/r_cg_cgc.c ****     XTSTOP = 0U;
  79                             		.loc 1 60 0
  80 0043 C9 F0 A1 FF             		movw	r8, #-95
  81 0047 AD F0                   		movw	ax, r8
  82 0049 BD F4                   		movw	r12, ax
  83 004b FA F4                   		movw	hl, r12
  84 004d 8B                      		mov	a, [hl]
  85 004e 9D F2                   		mov	r10, a
  86 0050 5A F2 BF                		and	r10, #-65
  87 0053 AD F0                   		movw	ax, r8
  88 0055 DA F4                   		movw	bc, r12
  89 0057 8D F2                   		mov	a, r10
  90 0059 48 00 00                		mov	[bc], a
  61:../src/r_cg_cgc.c **** 
  62:../src/r_cg_cgc.c ****     /* Change the waiting time according to the system */
  63:../src/r_cg_cgc.c ****     for (w_count = 0U; w_count <= CGC_SUBWAITTIME; w_count++)
  91                             		.loc 1 63 0
  92 005c F6                      		clrw	ax
  93 005d B8 00                   		movw	[sp], ax
  94 005f EC 6E 00 00             		br	!!.L2
  95                             	.L3:
  64:../src/r_cg_cgc.c ****     {
  65:../src/r_cg_cgc.c ****         NOP();
  96                             		.loc 1 65 0 discriminator 3
  97                             	 ; 65 "../src/r_cg_cgc.c" 1
  98 0063 00                      		nop
  99                             	 ; 0 "" 2
  63:../src/r_cg_cgc.c ****     {
 100                             		.loc 1 63 0 discriminator 3
 101 0064 A8 00                   		movw	ax, [sp]
 102 0066 BD F0                   		movw	r8, ax
 103 0068 A6 F0                   		incw	r8
 104 006a AD F0                   		movw	ax, r8
 105 006c B8 00                   		movw	[sp], ax
 106                             	.L2:
  63:../src/r_cg_cgc.c ****     {
 107                             		.loc 1 63 0 is_stmt 0 discriminator 1
 108 006e A8 00                   		movw	ax, [sp]
 109 0070 BD F0                   		movw	r8, ax
 110 0072 44 A0 00                		cmpw	ax, #160
 111 0075 61 E3                   		 skh
 112 0077 EC 63 00 00             		 br	!!.L3
  66:../src/r_cg_cgc.c ****     }
  67:../src/r_cg_cgc.c ****     
  68:../src/r_cg_cgc.c ****     OSMC = _00_CGC_SUBINHALT_ON | _00_CGC_RTC_CLK_FSUB;
 113                             		.loc 1 68 0 is_stmt 1
 114 007b C9 F0 F3 00             		movw	r8, #243
 115 007f AD F0                   		movw	ax, r8
 116 0081 BD F2                   		movw	r10, ax
 117 0083 DA F2                   		movw	bc, r10
 118 0085 F1                      		clrb	a
 119 0086 48 00 00                		mov	[bc], a
  69:../src/r_cg_cgc.c ****     /* Set fCLK */
  70:../src/r_cg_cgc.c ****     CSS = 0U;
 120                             		.loc 1 70 0
 121 0089 C9 F0 A4 FF             		movw	r8, #-92
 122 008d AD F0                   		movw	ax, r8
 123 008f BD F4                   		movw	r12, ax
 124 0091 FA F4                   		movw	hl, r12
 125 0093 8B                      		mov	a, [hl]
 126 0094 9D F2                   		mov	r10, a
 127 0096 5A F2 BF                		and	r10, #-65
 128 0099 AD F0                   		movw	ax, r8
 129 009b DA F4                   		movw	bc, r12
 130 009d 8D F2                   		mov	a, r10
 131 009f 48 00 00                		mov	[bc], a
  71:../src/r_cg_cgc.c ****     /* Set fIH */
  72:../src/r_cg_cgc.c ****     HIOSTOP = 0U;
 132                             		.loc 1 72 0
 133 00a2 C9 F0 A1 FF             		movw	r8, #-95
 134 00a6 AD F0                   		movw	ax, r8
 135 00a8 BD F4                   		movw	r12, ax
 136 00aa FA F4                   		movw	hl, r12
 137 00ac 8B                      		mov	a, [hl]
 138 00ad 9D F2                   		mov	r10, a
 139 00af 5A F2 FE                		and	r10, #-2
 140 00b2 AD F0                   		movw	ax, r8
 141 00b4 DA F4                   		movw	bc, r12
 142 00b6 8D F2                   		mov	a, r10
 143 00b8 48 00 00                		mov	[bc], a
  73:../src/r_cg_cgc.c **** }
 144                             		.loc 1 73 0
 145 00bb 10 02                   		addw	sp, #2
 146 00bd D7                      		ret
 147                             	.LFE0:
 179                             	.Letext0:
 180                             		.file 2 "../src/iodefine.h"
 181                             		.file 3 "../src/r_cg_macrodriver.h"
 182                             		.file 4 "../src/r_cg_userdefine.h"
 183                             		.file 5 "../src/global.c"
