   1                             	r8	=	0xffef0
   2                             	r16	=	0xffee8
   3                             	r24	=	0xffee0
   4                             	r9	=	0xffef1
   5                             	r17	=	0xffee9
   6                             	r25	=	0xffee1
   7                             	r10	=	0xffef2
   8                             	r18	=	0xffeea
   9                             	r26	=	0xffee2
  10                             	r11	=	0xffef3
  11                             	r19	=	0xffeeb
  12                             	r27	=	0xffee3
  13                             	r12	=	0xffef4
  14                             	r20	=	0xffeec
  15                             	r28	=	0xffee4
  16                             	r13	=	0xffef5
  17                             	r21	=	0xffeed
  18                             	r29	=	0xffee5
  19                             	r14	=	0xffef6
  20                             	r22	=	0xffeee
  21                             	r30	=	0xffee6
  22                             	r15	=	0xffef7
  23                             	r23	=	0xffeef
  24                             	r31	=	0xffee7
  25                             	.text
  26                             	.Ltext0:
  27                             		.comm	_gate_status,2,2
  28                             		.comm	_mode,2,2
  29                             		.comm	_uart1RxBuf,16,1
  30                             		.comm	_uart1RxCnt,2,2
  31                             		.comm	_uart1RxFlag,1,1
  32                             		.comm	_uart1RxErrFlag,1,1
  33                             		.comm	_uart1RxOvrFlag,1,1
  34                             		.comm	_uart1TxBuf,16,1
  35                             		.comm	_uart1TxCnt,2,2
  36                             		.comm	_uart1TxFlag,1,1
  37                             		.comm	_time_now,7,1
  38                             		.comm	_uart1Status,2,2
  39                             		.global	_R_PORT_Create
  41                             	_R_PORT_Create:
  42                             	.LFB0:
  43                             		.file 1 "../src/r_cg_port.c"
   1:../src/r_cg_port.c **** /**************************************************************************************************
   2:../src/r_cg_port.c **** * DISCLAIMER
   3:../src/r_cg_port.c **** * This software is supplied by Renesas Electronics Corporation and is only intended for use with Re
   4:../src/r_cg_port.c **** * No other uses are authorized. This software is owned by Renesas Electronics Corporation and is pr
   5:../src/r_cg_port.c **** * applicable laws, including copyright laws. 
   6:../src/r_cg_port.c **** * THIS SOFTWARE IS PROVIDED "AS IS" AND RENESAS MAKES NO WARRANTIESREGARDING THIS SOFTWARE, WHETHER
   7:../src/r_cg_port.c **** * OR STATUTORY, INCLUDING BUT NOT LIMITED TO WARRANTIES OF MERCHANTABILITY, FITNESS FOR A PARTICULA
   8:../src/r_cg_port.c **** * NON-INFRINGEMENT.  ALL SUCH WARRANTIES ARE EXPRESSLY DISCLAIMED.TO THE MAXIMUM EXTENT PERMITTED N
   9:../src/r_cg_port.c **** * LAW, NEITHER RENESAS ELECTRONICS CORPORATION NOR ANY OF ITS AFFILIATED COMPANIES SHALL BE LIABLE 
  10:../src/r_cg_port.c **** * INDIRECT, SPECIAL, INCIDENTAL OR CONSEQUENTIAL DAMAGES FOR ANY REASON RELATED TO THIS SOFTWARE, E
  11:../src/r_cg_port.c **** * ITS AFFILIATES HAVE BEEN ADVISED OF THE POSSIBILITY OF SUCH DAMAGES.
  12:../src/r_cg_port.c **** * Renesas reserves the right, without notice, to make changes to this software and to discontinue t
  13:../src/r_cg_port.c **** * of this software. By using this software, you agree to the additional terms and conditions found 
  14:../src/r_cg_port.c **** * following link:
  15:../src/r_cg_port.c **** * http://www.renesas.com/disclaimer
  16:../src/r_cg_port.c **** *
  17:../src/r_cg_port.c **** * Copyright (C) 2011, 2015 Renesas Electronics Corporation. All rights reserved.
  18:../src/r_cg_port.c **** ***************************************************************************************************
  19:../src/r_cg_port.c **** 
  20:../src/r_cg_port.c **** /**************************************************************************************************
  21:../src/r_cg_port.c **** * File Name    : r_cg_port.c
  22:../src/r_cg_port.c **** * Version      : CodeGenerator for RL78/G14 V2.04.02.01 [15 May 2015]
  23:../src/r_cg_port.c **** * Device(s)    : R5F104LE
  24:../src/r_cg_port.c **** * Tool-Chain   : GCCRL78
  25:../src/r_cg_port.c **** * Description  : This file implements device driver for PORT module.
  26:../src/r_cg_port.c **** * Creation Date: 5/2/2016
  27:../src/r_cg_port.c **** ***************************************************************************************************
  28:../src/r_cg_port.c **** 
  29:../src/r_cg_port.c **** /**************************************************************************************************
  30:../src/r_cg_port.c **** Includes
  31:../src/r_cg_port.c **** ***************************************************************************************************
  32:../src/r_cg_port.c **** #include "r_cg_macrodriver.h"
  33:../src/r_cg_port.c **** #include "r_cg_port.h"
  34:../src/r_cg_port.c **** /* Start user code for include. Do not edit comment generated here */
  35:../src/r_cg_port.c **** /* End user code. Do not edit comment generated here */
  36:../src/r_cg_port.c **** #include "r_cg_userdefine.h"
  37:../src/r_cg_port.c **** 
  38:../src/r_cg_port.c **** /**************************************************************************************************
  39:../src/r_cg_port.c **** Global variables and functions
  40:../src/r_cg_port.c **** ***************************************************************************************************
  41:../src/r_cg_port.c **** /* Start user code for global. Do not edit comment generated here */
  42:../src/r_cg_port.c **** /* End user code. Do not edit comment generated here */
  43:../src/r_cg_port.c **** 
  44:../src/r_cg_port.c **** /**************************************************************************************************
  45:../src/r_cg_port.c **** * Function Name: R_PORT_Create
  46:../src/r_cg_port.c **** * Description  : This function initializes the Port I/O.
  47:../src/r_cg_port.c **** * Arguments    : None
  48:../src/r_cg_port.c **** * Return Value : None
  49:../src/r_cg_port.c **** ***************************************************************************************************
  50:../src/r_cg_port.c **** void R_PORT_Create(void)
  51:../src/r_cg_port.c **** {
  44                             		.loc 1 51 0
  52:../src/r_cg_port.c ****     P4 = _00_Pn1_OUTPUT_0 | _04_Pn2_OUTPUT_1 | _00_Pn3_OUTPUT_0;
  45                             		.loc 1 52 0
  46 0000 C9 F0 04 FF             		movw	r8, #-252
  47 0004 AD F0                   		movw	ax, r8
  48 0006 BD F2                   		movw	r10, ax
  49 0008 DA F2                   		movw	bc, r10
  50 000a 51 04                   		mov	a, #4
  51 000c 48 00 00                		mov	[bc], a
  53:../src/r_cg_port.c ****     P7 = _00_Pn0_OUTPUT_0 | _00_Pn1_OUTPUT_0 | _00_Pn2_OUTPUT_0 | _00_Pn3_OUTPUT_0 | _00_Pn4_OUTPUT
  52                             		.loc 1 53 0
  53 000f C9 F0 07 FF             		movw	r8, #-249
  54 0013 AD F0                   		movw	ax, r8
  55 0015 BD F2                   		movw	r10, ax
  56 0017 DA F2                   		movw	bc, r10
  57 0019 F1                      		clrb	a
  58 001a 48 00 00                		mov	[bc], a
  54:../src/r_cg_port.c ****          _00_Pn5_OUTPUT_0 | _00_Pn6_OUTPUT_0;
  55:../src/r_cg_port.c ****     PU0 = _04_PUn2_PULLUP_ON | _08_PUn3_PULLUP_ON;
  59                             		.loc 1 55 0
  60 001d C9 F0 30 00             		movw	r8, #48
  61 0021 AD F0                   		movw	ax, r8
  62 0023 BD F2                   		movw	r10, ax
  63 0025 DA F2                   		movw	bc, r10
  64 0027 51 0C                   		mov	a, #12
  65 0029 48 00 00                		mov	[bc], a
  56:../src/r_cg_port.c ****     PU4 = _01_PUn0_PULLUP_ON;
  66                             		.loc 1 56 0
  67 002c C9 F0 34 00             		movw	r8, #52
  68 0030 AD F0                   		movw	ax, r8
  69 0032 BD F2                   		movw	r10, ax
  70 0034 DA F2                   		movw	bc, r10
  71 0036 E1                      		oneb	a
  72 0037 48 00 00                		mov	[bc], a
  57:../src/r_cg_port.c ****     PU14 = _40_PUn6_PULLUP_ON;
  73                             		.loc 1 57 0
  74 003a C9 F0 3E 00             		movw	r8, #62
  75 003e AD F0                   		movw	ax, r8
  76 0040 BD F2                   		movw	r10, ax
  77 0042 DA F2                   		movw	bc, r10
  78 0044 51 40                   		mov	a, #64
  79 0046 48 00 00                		mov	[bc], a
  58:../src/r_cg_port.c ****     PIM0 = _08_PIMn3_TTL_ON;
  80                             		.loc 1 58 0
  81 0049 C9 F0 40 00             		movw	r8, #64
  82 004d AD F0                   		movw	ax, r8
  83 004f BD F2                   		movw	r10, ax
  84 0051 DA F2                   		movw	bc, r10
  85 0053 51 08                   		mov	a, #8
  86 0055 48 00 00                		mov	[bc], a
  59:../src/r_cg_port.c ****     PM0 = _01_PMn0_NOT_USE | _02_PMn1_NOT_USE | _04_PMn2_NOT_USE | _08_PMn3_NOT_USE | _10_PMn4_NOT_
  87                             		.loc 1 59 0
  88 0058 C9 F0 20 FF             		movw	r8, #-224
  89 005c AD F0                   		movw	ax, r8
  90 005e BD F2                   		movw	r10, ax
  91 0060 DA F2                   		movw	bc, r10
  92 0062 51 FF                   		mov	a, #-1
  93 0064 48 00 00                		mov	[bc], a
  60:../src/r_cg_port.c ****           _20_PMn5_MODE_INPUT | _40_PMn6_MODE_INPUT | _80_PM0_DEFAULT;
  61:../src/r_cg_port.c ****     PM3 = _01_PMn0_NOT_USE | _02_PMn1_MODE_INPUT | _FC_PM3_DEFAULT;
  94                             		.loc 1 61 0
  95 0067 C9 F0 23 FF             		movw	r8, #-221
  96 006b AD F0                   		movw	ax, r8
  97 006d BD F2                   		movw	r10, ax
  98 006f DA F2                   		movw	bc, r10
  99 0071 51 FF                   		mov	a, #-1
 100 0073 48 00 00                		mov	[bc], a
  62:../src/r_cg_port.c ****     PM4 = _01_PMn0_NOT_USE | _00_PMn1_MODE_OUTPUT | _00_PMn2_MODE_OUTPUT | _00_PMn3_MODE_OUTPUT | _
 101                             		.loc 1 62 0
 102 0076 C9 F0 24 FF             		movw	r8, #-220
 103 007a AD F0                   		movw	ax, r8
 104 007c BD F2                   		movw	r10, ax
 105 007e DA F2                   		movw	bc, r10
 106 0080 51 F1                   		mov	a, #-15
 107 0082 48 00 00                		mov	[bc], a
  63:../src/r_cg_port.c ****     PM5 = _01_PMn0_MODE_INPUT | _02_PMn1_MODE_INPUT | _04_PMn2_NOT_USE | _08_PMn3_NOT_USE | _10_PMn
 108                             		.loc 1 63 0
 109 0085 C9 F0 25 FF             		movw	r8, #-219
 110 0089 AD F0                   		movw	ax, r8
 111 008b BD F2                   		movw	r10, ax
 112 008d DA F2                   		movw	bc, r10
 113 008f 51 FF                   		mov	a, #-1
 114 0091 48 00 00                		mov	[bc], a
  64:../src/r_cg_port.c ****           _20_PMn5_NOT_USE | _C0_PM5_DEFAULT;
  65:../src/r_cg_port.c ****     PM7 = _00_PMn0_MODE_OUTPUT | _00_PMn1_MODE_OUTPUT | _00_PMn2_MODE_OUTPUT | _00_PMn3_MODE_OUTPUT
 115                             		.loc 1 65 0
 116 0094 C9 F0 27 FF             		movw	r8, #-217
 117 0098 AD F0                   		movw	ax, r8
 118 009a BD F2                   		movw	r10, ax
 119 009c DA F2                   		movw	bc, r10
 120 009e 51 80                   		mov	a, #-128
 121 00a0 48 00 00                		mov	[bc], a
  66:../src/r_cg_port.c ****           _00_PMn4_MODE_OUTPUT | _00_PMn5_MODE_OUTPUT | _00_PMn6_MODE_OUTPUT | _80_PMn7_MODE_INPUT;
  67:../src/r_cg_port.c ****     PM14 = _01_PMn0_NOT_USE | _02_PMn1_NOT_USE | _40_PMn6_MODE_INPUT | _80_PMn7_NOT_USE | _3C_PM14_
 122                             		.loc 1 67 0
 123 00a3 C9 F0 2E FF             		movw	r8, #-210
 124 00a7 AD F0                   		movw	ax, r8
 125 00a9 BD F2                   		movw	r10, ax
 126 00ab DA F2                   		movw	bc, r10
 127 00ad 51 FF                   		mov	a, #-1
 128 00af 48 00 00                		mov	[bc], a
  68:../src/r_cg_port.c **** }
 129                             		.loc 1 68 0
 130 00b2 D7                      		ret
 131                             	.LFE0:
 159                             	.Letext0:
 160                             		.file 2 "../src/iodefine.h"
 161                             		.file 3 "../src/iodefine_ext.h"
 162                             		.file 4 "../src/r_cg_macrodriver.h"
 163                             		.file 5 "../src/r_cg_rtc.h"
 164                             		.file 6 "../src/r_cg_userdefine.h"
 165                             		.file 7 "../src/global.c"
