   1                             	r8	=	0xffef0
   2                             	r16	=	0xffee8
   3                             	r24	=	0xffee0
   4                             	r9	=	0xffef1
   5                             	r17	=	0xffee9
   6                             	r25	=	0xffee1
   7                             	r10	=	0xffef2
   8                             	r18	=	0xffeea
   9                             	r26	=	0xffee2
  10                             	r11	=	0xffef3
  11                             	r19	=	0xffeeb
  12                             	r27	=	0xffee3
  13                             	r12	=	0xffef4
  14                             	r20	=	0xffeec
  15                             	r28	=	0xffee4
  16                             	r13	=	0xffef5
  17                             	r21	=	0xffeed
  18                             	r29	=	0xffee5
  19                             	r14	=	0xffef6
  20                             	r22	=	0xffeee
  21                             	r30	=	0xffee6
  22                             	r15	=	0xffef7
  23                             	r23	=	0xffeef
  24                             	r31	=	0xffee7
  25                             	.text
  26                             	.Ltext0:
  27                             		.comm	_gate_status,2,2
  28                             		.comm	_mode,2,2
  29                             		.comm	_uart1RxBuf,16,1
  30                             		.comm	_uart1RxCnt,2,2
  31                             		.comm	_uart1RxFlag,1,1
  32                             		.comm	_uart1RxErrFlag,1,1
  33                             		.comm	_uart1RxOvrFlag,1,1
  34                             		.comm	_uart1TxBuf,16,1
  35                             		.comm	_uart1TxCnt,2,2
  36                             		.comm	_uart1TxFlag,1,1
  37                             		.comm	_time_now,7,1
  38                             		.comm	_uart1Status,2,2
  39                             		.global	_R_Systeminit
  41                             	_R_Systeminit:
  42                             	.LFB0:
  43                             		.file 1 "../src/r_hardware_setup.c"
   1:../src/r_hardware_setup.c **** /**************************************************************************************************
   2:../src/r_hardware_setup.c **** * DISCLAIMER
   3:../src/r_hardware_setup.c **** * This software is supplied by Renesas Electronics Corporation and is only intended for use with Re
   4:../src/r_hardware_setup.c **** * No other uses are authorized. This software is owned by Renesas Electronics Corporation and is pr
   5:../src/r_hardware_setup.c **** * applicable laws, including copyright laws. 
   6:../src/r_hardware_setup.c **** * THIS SOFTWARE IS PROVIDED "AS IS" AND RENESAS MAKES NO WARRANTIESREGARDING THIS SOFTWARE, WHETHER
   7:../src/r_hardware_setup.c **** * OR STATUTORY, INCLUDING BUT NOT LIMITED TO WARRANTIES OF MERCHANTABILITY, FITNESS FOR A PARTICULA
   8:../src/r_hardware_setup.c **** * NON-INFRINGEMENT.  ALL SUCH WARRANTIES ARE EXPRESSLY DISCLAIMED.TO THE MAXIMUM EXTENT PERMITTED N
   9:../src/r_hardware_setup.c **** * LAW, NEITHER RENESAS ELECTRONICS CORPORATION NOR ANY OF ITS AFFILIATED COMPANIES SHALL BE LIABLE 
  10:../src/r_hardware_setup.c **** * INDIRECT, SPECIAL, INCIDENTAL OR CONSEQUENTIAL DAMAGES FOR ANY REASON RELATED TO THIS SOFTWARE, E
  11:../src/r_hardware_setup.c **** * ITS AFFILIATES HAVE BEEN ADVISED OF THE POSSIBILITY OF SUCH DAMAGES.
  12:../src/r_hardware_setup.c **** * Renesas reserves the right, without notice, to make changes to this software and to discontinue t
  13:../src/r_hardware_setup.c **** * of this software. By using this software, you agree to the additional terms and conditions found 
  14:../src/r_hardware_setup.c **** * following link:
  15:../src/r_hardware_setup.c **** * http://www.renesas.com/disclaimer
  16:../src/r_hardware_setup.c **** *
  17:../src/r_hardware_setup.c **** * Copyright (C) 2011, 2015 Renesas Electronics Corporation. All rights reserved.
  18:../src/r_hardware_setup.c **** ***************************************************************************************************
  19:../src/r_hardware_setup.c **** 
  20:../src/r_hardware_setup.c **** /**************************************************************************************************
  21:../src/r_hardware_setup.c **** * File Name    : r_hardware_setup.c
  22:../src/r_hardware_setup.c **** * Version      : CodeGenerator for RL78/G14 V2.04.02.01 [15 May 2015]
  23:../src/r_hardware_setup.c **** * Device(s)    : R5F104LE
  24:../src/r_hardware_setup.c **** * Tool-Chain   : GCCRL78
  25:../src/r_hardware_setup.c **** * Description  : This file implements system initializing function.
  26:../src/r_hardware_setup.c **** * Creation Date: 5/2/2016
  27:../src/r_hardware_setup.c **** ***************************************************************************************************
  28:../src/r_hardware_setup.c **** 
  29:../src/r_hardware_setup.c **** /**************************************************************************************************
  30:../src/r_hardware_setup.c **** Includes
  31:../src/r_hardware_setup.c **** ***************************************************************************************************
  32:../src/r_hardware_setup.c **** #include "r_cg_macrodriver.h"
  33:../src/r_hardware_setup.c **** #include "r_cg_cgc.h"
  34:../src/r_hardware_setup.c **** #include "r_cg_port.h"
  35:../src/r_hardware_setup.c **** #include "r_cg_intc.h"
  36:../src/r_hardware_setup.c **** #include "r_cg_serial.h"
  37:../src/r_hardware_setup.c **** #include "r_cg_adc.h"
  38:../src/r_hardware_setup.c **** #include "r_cg_timer.h"
  39:../src/r_hardware_setup.c **** #include "r_cg_rtc.h"
  40:../src/r_hardware_setup.c **** #include "r_cg_pclbuz.h"
  41:../src/r_hardware_setup.c **** /* Start user code for include. Do not edit comment generated here */
  42:../src/r_hardware_setup.c **** /* End user code. Do not edit comment generated here */
  43:../src/r_hardware_setup.c **** #include "r_cg_userdefine.h"
  44:../src/r_hardware_setup.c **** 
  45:../src/r_hardware_setup.c **** /**************************************************************************************************
  46:../src/r_hardware_setup.c **** Global variables and functions
  47:../src/r_hardware_setup.c **** ***************************************************************************************************
  48:../src/r_hardware_setup.c **** /* Start user code for global. Do not edit comment generated here */
  49:../src/r_hardware_setup.c **** /* End user code. Do not edit comment generated here */
  50:../src/r_hardware_setup.c **** int HardwareSetup(void);
  51:../src/r_hardware_setup.c **** void R_Systeminit(void);
  52:../src/r_hardware_setup.c **** 
  53:../src/r_hardware_setup.c **** 
  54:../src/r_hardware_setup.c **** /**************************************************************************************************
  55:../src/r_hardware_setup.c **** * Function Name: R_Systeminit
  56:../src/r_hardware_setup.c **** * Description  : This function initializes every macro.
  57:../src/r_hardware_setup.c **** * Arguments    : None
  58:../src/r_hardware_setup.c **** * Return Value : None
  59:../src/r_hardware_setup.c **** ***************************************************************************************************
  60:../src/r_hardware_setup.c **** void R_Systeminit(void)
  61:../src/r_hardware_setup.c **** {
  44                             		.loc 1 61 0
  62:../src/r_hardware_setup.c ****     PIOR0 = 0x00U;
  45                             		.loc 1 62 0
  46 0000 C9 F0 77 00             		movw	r8, #119
  47 0004 AD F0                   		movw	ax, r8
  48 0006 BD F2                   		movw	r10, ax
  49 0008 DA F2                   		movw	bc, r10
  50 000a F1                      		clrb	a
  51 000b 48 00 00                		mov	[bc], a
  63:../src/r_hardware_setup.c ****     PIOR1 = 0x00U;
  52                             		.loc 1 63 0
  53 000e C9 F0 79 00             		movw	r8, #121
  54 0012 AD F0                   		movw	ax, r8
  55 0014 BD F2                   		movw	r10, ax
  56 0016 DA F2                   		movw	bc, r10
  57 0018 F1                      		clrb	a
  58 0019 48 00 00                		mov	[bc], a
  64:../src/r_hardware_setup.c ****     R_CGC_Create();
  59                             		.loc 1 64 0
  60 001c FC 00 00 00             		call	!!%code(_R_CGC_Create)
  65:../src/r_hardware_setup.c ****     R_PORT_Create();
  61                             		.loc 1 65 0
  62 0020 FC 00 00 00             		call	!!%code(_R_PORT_Create)
  66:../src/r_hardware_setup.c ****     R_SAU0_Create();
  63                             		.loc 1 66 0
  64 0024 FC 00 00 00             		call	!!%code(_R_SAU0_Create)
  67:../src/r_hardware_setup.c ****     R_ADC_Create();
  65                             		.loc 1 67 0
  66 0028 FC 00 00 00             		call	!!%code(_R_ADC_Create)
  68:../src/r_hardware_setup.c ****     R_TAU0_Create();
  67                             		.loc 1 68 0
  68 002c FC 00 00 00             		call	!!%code(_R_TAU0_Create)
  69:../src/r_hardware_setup.c ****     R_RTC_Create();
  69                             		.loc 1 69 0
  70 0030 FC 00 00 00             		call	!!%code(_R_RTC_Create)
  70:../src/r_hardware_setup.c ****     R_PCLBUZ0_Create();
  71                             		.loc 1 70 0
  72 0034 FC 00 00 00             		call	!!%code(_R_PCLBUZ0_Create)
  71:../src/r_hardware_setup.c ****     R_INTC_Create();
  73                             		.loc 1 71 0
  74 0038 FC 00 00 00             		call	!!%code(_R_INTC_Create)
  72:../src/r_hardware_setup.c ****     R_TMR_RD0_Create();
  75                             		.loc 1 72 0
  76 003c FC 00 00 00             		call	!!%code(_R_TMR_RD0_Create)
  73:../src/r_hardware_setup.c ****     IAWCTL = 0x00U;
  77                             		.loc 1 73 0
  78 0040 C9 F0 78 00             		movw	r8, #120
  79 0044 AD F0                   		movw	ax, r8
  80 0046 BD F2                   		movw	r10, ax
  81 0048 DA F2                   		movw	bc, r10
  82 004a F1                      		clrb	a
  83 004b 48 00 00                		mov	[bc], a
  74:../src/r_hardware_setup.c **** }
  84                             		.loc 1 74 0
  85 004e D7                      		ret
  86                             	.LFE0:
  88                             		.global	_HardwareSetup
  90                             	_HardwareSetup:
  91                             	.LFB1:
  75:../src/r_hardware_setup.c **** 
  76:../src/r_hardware_setup.c **** /**************************************************************************************************
  77:../src/r_hardware_setup.c **** * Function Name: HardwareSetup
  78:../src/r_hardware_setup.c **** * Description  : This function initializes hardware setting.
  79:../src/r_hardware_setup.c **** * Arguments    : None
  80:../src/r_hardware_setup.c **** * Return Value : None
  81:../src/r_hardware_setup.c **** ***************************************************************************************************
  82:../src/r_hardware_setup.c **** int HardwareSetup(void)
  83:../src/r_hardware_setup.c **** {
  92                             		.loc 1 83 0
  93                             		; start of function
  94                             		; locals: 2 bytes
  95 004f 20 02                   		subw	sp, #2
  96                             	.LCFI0:
  84:../src/r_hardware_setup.c ****     DI();
  97                             		.loc 1 84 0
  98                             	 ; 84 "../src/r_hardware_setup.c" 1
  99 0051 71 7B FA                		di
 100                             	 ; 0 "" 2
  85:../src/r_hardware_setup.c ****     R_Systeminit();
 101                             		.loc 1 85 0
 102 0054 FC 00 00 00             		call	!!%code(_R_Systeminit)
  86:../src/r_hardware_setup.c **** 
  87:../src/r_hardware_setup.c ****     return (1U);
 103                             		.loc 1 87 0
 104 0058 E6                      		onew	ax
 105 0059 B8 00                   		movw	[sp], ax
 106 005b BD F0                   		movw	r8, ax
  88:../src/r_hardware_setup.c **** }
 107                             		.loc 1 88 0
 108 005d 10 02                   		addw	sp, #2
 109 005f D7                      		ret
 110                             	.LFE1:
 150                             	.Letext0:
 151                             		.file 2 "../src/r_cg_macrodriver.h"
 152                             		.file 3 "../src/r_cg_rtc.h"
 153                             		.file 4 "../src/r_cg_userdefine.h"
 154                             		.file 5 "../src/global.c"
