   1                             	r8	=	0xffef0
   2                             	r16	=	0xffee8
   3                             	r24	=	0xffee0
   4                             	r9	=	0xffef1
   5                             	r17	=	0xffee9
   6                             	r25	=	0xffee1
   7                             	r10	=	0xffef2
   8                             	r18	=	0xffeea
   9                             	r26	=	0xffee2
  10                             	r11	=	0xffef3
  11                             	r19	=	0xffeeb
  12                             	r27	=	0xffee3
  13                             	r12	=	0xffef4
  14                             	r20	=	0xffeec
  15                             	r28	=	0xffee4
  16                             	r13	=	0xffef5
  17                             	r21	=	0xffeed
  18                             	r29	=	0xffee5
  19                             	r14	=	0xffef6
  20                             	r22	=	0xffeee
  21                             	r30	=	0xffee6
  22                             	r15	=	0xffef7
  23                             	r23	=	0xffeef
  24                             	r31	=	0xffee7
  25                             	.text
  26                             	.Ltext0:
  27                             		.section	.text.R_Systeminit,"ax",@progbits
  28                             		.global	_R_Systeminit
  30                             	_R_Systeminit:
  31                             	.LFB0:
  32                             		.file 1 "../src/r_hardware_setup.c"
   1:../src/r_hardware_setup.c **** /**************************************************************************************************
   2:../src/r_hardware_setup.c **** * DISCLAIMER
   3:../src/r_hardware_setup.c **** * This software is supplied by Renesas Electronics Corporation and is only intended for use with Re
   4:../src/r_hardware_setup.c **** * No other uses are authorized. This software is owned by Renesas Electronics Corporation and is pr
   5:../src/r_hardware_setup.c **** * applicable laws, including copyright laws. 
   6:../src/r_hardware_setup.c **** * THIS SOFTWARE IS PROVIDED "AS IS" AND RENESAS MAKES NO WARRANTIESREGARDING THIS SOFTWARE, WHETHER
   7:../src/r_hardware_setup.c **** * OR STATUTORY, INCLUDING BUT NOT LIMITED TO WARRANTIES OF MERCHANTABILITY, FITNESS FOR A PARTICULA
   8:../src/r_hardware_setup.c **** * NON-INFRINGEMENT.  ALL SUCH WARRANTIES ARE EXPRESSLY DISCLAIMED.TO THE MAXIMUM EXTENT PERMITTED N
   9:../src/r_hardware_setup.c **** * LAW, NEITHER RENESAS ELECTRONICS CORPORATION NOR ANY OF ITS AFFILIATED COMPANIES SHALL BE LIABLE 
  10:../src/r_hardware_setup.c **** * INDIRECT, SPECIAL, INCIDENTAL OR CONSEQUENTIAL DAMAGES FOR ANY REASON RELATED TO THIS SOFTWARE, E
  11:../src/r_hardware_setup.c **** * ITS AFFILIATES HAVE BEEN ADVISED OF THE POSSIBILITY OF SUCH DAMAGES.
  12:../src/r_hardware_setup.c **** * Renesas reserves the right, without notice, to make changes to this software and to discontinue t
  13:../src/r_hardware_setup.c **** * of this software. By using this software, you agree to the additional terms and conditions found 
  14:../src/r_hardware_setup.c **** * following link:
  15:../src/r_hardware_setup.c **** * http://www.renesas.com/disclaimer
  16:../src/r_hardware_setup.c **** *
  17:../src/r_hardware_setup.c **** * Copyright (C) 2011, 2015 Renesas Electronics Corporation. All rights reserved.
  18:../src/r_hardware_setup.c **** ***************************************************************************************************
  19:../src/r_hardware_setup.c **** 
  20:../src/r_hardware_setup.c **** /**************************************************************************************************
  21:../src/r_hardware_setup.c **** * File Name    : r_hardware_setup.c
  22:../src/r_hardware_setup.c **** * Version      : CodeGenerator for RL78/G12 V2.03.02.01 [15 May 2015]
  23:../src/r_hardware_setup.c **** * Device(s)    : R5F1026A
  24:../src/r_hardware_setup.c **** * Tool-Chain   : GCCRL78
  25:../src/r_hardware_setup.c **** * Description  : This file implements system initializing function.
  26:../src/r_hardware_setup.c **** * Creation Date: 4/13/2016
  27:../src/r_hardware_setup.c **** ***************************************************************************************************
  28:../src/r_hardware_setup.c **** 
  29:../src/r_hardware_setup.c **** /**************************************************************************************************
  30:../src/r_hardware_setup.c **** Includes
  31:../src/r_hardware_setup.c **** ***************************************************************************************************
  32:../src/r_hardware_setup.c **** #include "r_cg_macrodriver.h"
  33:../src/r_hardware_setup.c **** #include "r_cg_cgc.h"
  34:../src/r_hardware_setup.c **** #include "r_cg_port.h"
  35:../src/r_hardware_setup.c **** #include "r_cg_intc.h"
  36:../src/r_hardware_setup.c **** #include "r_cg_timer.h"
  37:../src/r_hardware_setup.c **** /* Start user code for include. Do not edit comment generated here */
  38:../src/r_hardware_setup.c **** /* End user code. Do not edit comment generated here */
  39:../src/r_hardware_setup.c **** #include "r_cg_userdefine.h"
  40:../src/r_hardware_setup.c **** 
  41:../src/r_hardware_setup.c **** /**************************************************************************************************
  42:../src/r_hardware_setup.c **** Global variables and functions
  43:../src/r_hardware_setup.c **** ***************************************************************************************************
  44:../src/r_hardware_setup.c **** /* Start user code for global. Do not edit comment generated here */
  45:../src/r_hardware_setup.c **** /* End user code. Do not edit comment generated here */
  46:../src/r_hardware_setup.c **** int HardwareSetup(void);
  47:../src/r_hardware_setup.c **** void R_Systeminit(void);
  48:../src/r_hardware_setup.c **** 
  49:../src/r_hardware_setup.c **** 
  50:../src/r_hardware_setup.c **** /**************************************************************************************************
  51:../src/r_hardware_setup.c **** * Function Name: R_Systeminit
  52:../src/r_hardware_setup.c **** * Description  : This function initializes every macro.
  53:../src/r_hardware_setup.c **** * Arguments    : None
  54:../src/r_hardware_setup.c **** * Return Value : None
  55:../src/r_hardware_setup.c **** ***************************************************************************************************
  56:../src/r_hardware_setup.c **** void R_Systeminit(void)
  57:../src/r_hardware_setup.c **** {
  33                             		.loc 1 57 0
  58:../src/r_hardware_setup.c ****     PIOR = 0x00U;
  34                             		.loc 1 58 0
  35 0000 F5 77 00                		clrb	!119
  59:../src/r_hardware_setup.c ****     R_CGC_Get_ResetSource();
  36                             		.loc 1 59 0
  37 0003 FC 00 00 00             		call	!!%code(_R_CGC_Get_ResetSource)
  38                             	.LVL0:
  60:../src/r_hardware_setup.c ****     R_CGC_Create();
  39                             		.loc 1 60 0
  40 0007 FC 00 00 00             		call	!!%code(_R_CGC_Create)
  41                             	.LVL1:
  61:../src/r_hardware_setup.c ****     R_PORT_Create();
  42                             		.loc 1 61 0
  43 000b FC 00 00 00             		call	!!%code(_R_PORT_Create)
  44                             	.LVL2:
  62:../src/r_hardware_setup.c ****     R_TAU0_Create();
  45                             		.loc 1 62 0
  46 000f FC 00 00 00             		call	!!%code(_R_TAU0_Create)
  47                             	.LVL3:
  63:../src/r_hardware_setup.c ****     R_INTC_Create();
  48                             		.loc 1 63 0
  49 0013 FC 00 00 00             		call	!!%code(_R_INTC_Create)
  50                             	.LVL4:
  64:../src/r_hardware_setup.c ****     IAWCTL = 0x00U;
  51                             		.loc 1 64 0
  52 0017 F5 78 00                		clrb	!120
  65:../src/r_hardware_setup.c **** }
  53                             		.loc 1 65 0
  54 001a D7                      		ret
  55                             	.LFE0:
  57                             		.section	.text.HardwareSetup,"ax",@progbits
  58                             		.global	_HardwareSetup
  60                             	_HardwareSetup:
  61                             	.LFB1:
  66:../src/r_hardware_setup.c **** 
  67:../src/r_hardware_setup.c **** /**************************************************************************************************
  68:../src/r_hardware_setup.c **** * Function Name: HardwareSetup
  69:../src/r_hardware_setup.c **** * Description  : This function initializes hardware setting.
  70:../src/r_hardware_setup.c **** * Arguments    : None
  71:../src/r_hardware_setup.c **** * Return Value : None
  72:../src/r_hardware_setup.c **** ***************************************************************************************************
  73:../src/r_hardware_setup.c **** int HardwareSetup(void)
  74:../src/r_hardware_setup.c **** {
  62                             		.loc 1 74 0
  75:../src/r_hardware_setup.c ****     DI();
  63                             		.loc 1 75 0
  64                             	 ; 75 "../src/r_hardware_setup.c" 1
  65 0000 71 7B FA                		di
  66                             	 ; 0 "" 2
  76:../src/r_hardware_setup.c ****     R_Systeminit();
  67                             		.loc 1 76 0
  68 0003 FC 00 00 00             		call	!!%code(_R_Systeminit)
  69                             	.LVL5:
  77:../src/r_hardware_setup.c **** 
  78:../src/r_hardware_setup.c ****     return (1U);
  79:../src/r_hardware_setup.c **** }
  70                             		.loc 1 79 0
  71 0007 C9 F0 01 00             		movw	r8, #1
  72 000b D7                      		ret
  73                             	.LFE1:
 109                             	.Letext0:
 110                             		.file 2 "../src/r_cg_cgc.h"
 111                             		.file 3 "../src/r_cg_port.h"
 112                             		.file 4 "../src/r_cg_timer.h"
 113                             		.file 5 "../src/r_cg_intc.h"
