   1                             	r8	=	0xffef0
   2                             	r16	=	0xffee8
   3                             	r24	=	0xffee0
   4                             	r9	=	0xffef1
   5                             	r17	=	0xffee9
   6                             	r25	=	0xffee1
   7                             	r10	=	0xffef2
   8                             	r18	=	0xffeea
   9                             	r26	=	0xffee2
  10                             	r11	=	0xffef3
  11                             	r19	=	0xffeeb
  12                             	r27	=	0xffee3
  13                             	r12	=	0xffef4
  14                             	r20	=	0xffeec
  15                             	r28	=	0xffee4
  16                             	r13	=	0xffef5
  17                             	r21	=	0xffeed
  18                             	r29	=	0xffee5
  19                             	r14	=	0xffef6
  20                             	r22	=	0xffeee
  21                             	r30	=	0xffee6
  22                             	r15	=	0xffef7
  23                             	r23	=	0xffeef
  24                             	r31	=	0xffee7
  25                             	.text
  26                             	.Ltext0:
  27                             		.section	.text.startup.main,"ax",@progbits
  28                             		.global	_main
  30                             	_main:
  31                             	.LFB0:
  32                             		.file 1 "../src/r_main.c"
   1:../src/r_main.c **** /**************************************************************************************************
   2:../src/r_main.c **** * DISCLAIMER
   3:../src/r_main.c **** * This software is supplied by Renesas Electronics Corporation and is only intended for use with Re
   4:../src/r_main.c **** * No other uses are authorized. This software is owned by Renesas Electronics Corporation and is pr
   5:../src/r_main.c **** * applicable laws, including copyright laws. 
   6:../src/r_main.c **** * THIS SOFTWARE IS PROVIDED "AS IS" AND RENESAS MAKES NO WARRANTIESREGARDING THIS SOFTWARE, WHETHER
   7:../src/r_main.c **** * OR STATUTORY, INCLUDING BUT NOT LIMITED TO WARRANTIES OF MERCHANTABILITY, FITNESS FOR A PARTICULA
   8:../src/r_main.c **** * NON-INFRINGEMENT.  ALL SUCH WARRANTIES ARE EXPRESSLY DISCLAIMED.TO THE MAXIMUM EXTENT PERMITTED N
   9:../src/r_main.c **** * LAW, NEITHER RENESAS ELECTRONICS CORPORATION NOR ANY OF ITS AFFILIATED COMPANIES SHALL BE LIABLE 
  10:../src/r_main.c **** * INDIRECT, SPECIAL, INCIDENTAL OR CONSEQUENTIAL DAMAGES FOR ANY REASON RELATED TO THIS SOFTWARE, E
  11:../src/r_main.c **** * ITS AFFILIATES HAVE BEEN ADVISED OF THE POSSIBILITY OF SUCH DAMAGES.
  12:../src/r_main.c **** * Renesas reserves the right, without notice, to make changes to this software and to discontinue t
  13:../src/r_main.c **** * of this software. By using this software, you agree to the additional terms and conditions found 
  14:../src/r_main.c **** * following link:
  15:../src/r_main.c **** * http://www.renesas.com/disclaimer
  16:../src/r_main.c **** *
  17:../src/r_main.c **** * Copyright (C) 2011, 2015 Renesas Electronics Corporation. All rights reserved.
  18:../src/r_main.c **** ***************************************************************************************************
  19:../src/r_main.c **** 
  20:../src/r_main.c **** /**************************************************************************************************
  21:../src/r_main.c **** * File Name    : r_main.c
  22:../src/r_main.c **** * Version      : CodeGenerator for RL78/G12 V2.03.02.01 [15 May 2015]
  23:../src/r_main.c **** * Device(s)    : R5F1026A
  24:../src/r_main.c **** * Tool-Chain   : GCCRL78
  25:../src/r_main.c **** * Description  : This file implements main function.
  26:../src/r_main.c **** * Creation Date: 4/13/2016
  27:../src/r_main.c **** ***************************************************************************************************
  28:../src/r_main.c **** 
  29:../src/r_main.c **** /**************************************************************************************************
  30:../src/r_main.c **** Includes
  31:../src/r_main.c **** ***************************************************************************************************
  32:../src/r_main.c **** #include "r_cg_macrodriver.h"
  33:../src/r_main.c **** #include "r_cg_cgc.h"
  34:../src/r_main.c **** #include "r_cg_port.h"
  35:../src/r_main.c **** #include "r_cg_intc.h"
  36:../src/r_main.c **** #include "r_cg_timer.h"
  37:../src/r_main.c **** /* Start user code for include. Do not edit comment generated here */
  38:../src/r_main.c **** #include "global.h"
  39:../src/r_main.c **** /* End user code. Do not edit comment generated here */
  40:../src/r_main.c **** #include "r_cg_userdefine.h"
  41:../src/r_main.c **** 
  42:../src/r_main.c **** /**************************************************************************************************
  43:../src/r_main.c **** Global variables and functions
  44:../src/r_main.c **** ***************************************************************************************************
  45:../src/r_main.c **** /* Start user code for global. Do not edit comment generated here */
  46:../src/r_main.c **** /* End user code. Do not edit comment generated here */
  47:../src/r_main.c **** void R_MAIN_UserInit(void);
  48:../src/r_main.c **** 
  49:../src/r_main.c **** /**************************************************************************************************
  50:../src/r_main.c **** * Function Name: main
  51:../src/r_main.c **** * Description  : This function implements main function.
  52:../src/r_main.c **** * Arguments    : None
  53:../src/r_main.c **** * Return Value : None
  54:../src/r_main.c **** ***************************************************************************************************
  55:../src/r_main.c **** void main(void)
  56:../src/r_main.c **** {
  33                             		.loc 1 56 0
  34                             	.LBB4:
  35                             	.LBB5:
  57:../src/r_main.c ****     R_MAIN_UserInit();
  58:../src/r_main.c ****     /* Start user code. Do not edit comment generated here */
  59:../src/r_main.c ****     R_TAU0_Channel0_Start(); 	//PWM carrier
  60:../src/r_main.c ****     R_TAU0_Channel3_Start();	//Manchester RC5 modulator
  61:../src/r_main.c ****     btnOpenTrigger = 0;
  62:../src/r_main.c ****     btnOpenTrigger = 0;
  63:../src/r_main.c ****     R_INTC0_Start(); 			// Buttons
  64:../src/r_main.c ****     R_INTC1_Start();
  65:../src/r_main.c ****     frameBase = frameBaseDef;
  66:../src/r_main.c ****     tx = 0;
  67:../src/r_main.c ****     while (1U)
  68:../src/r_main.c ****     {
  69:../src/r_main.c ****     	if (btnOpenTrigger) btnOpenTriggered();
  70:../src/r_main.c ****     	else if (btnCloseTrigger) btnCloseTriggered();
  71:../src/r_main.c ****     }
  72:../src/r_main.c ****     /* End user code. Do not edit comment generated here */
  73:../src/r_main.c **** }
  74:../src/r_main.c **** 
  75:../src/r_main.c **** 
  76:../src/r_main.c **** /**************************************************************************************************
  77:../src/r_main.c **** * Function Name: R_MAIN_UserInit
  78:../src/r_main.c **** * Description  : This function adds user code before implementing main function.
  79:../src/r_main.c **** * Arguments    : None
  80:../src/r_main.c **** * Return Value : None
  81:../src/r_main.c **** ***************************************************************************************************
  82:../src/r_main.c **** void R_MAIN_UserInit(void)
  83:../src/r_main.c **** {
  84:../src/r_main.c ****     /* Start user code. Do not edit comment generated here */
  85:../src/r_main.c ****     EI();
  36                             		.loc 1 85 0
  37                             	 ; 85 "../src/r_main.c" 1
  38 0000 71 7A FA                		ei
  39                             	 ; 0 "" 2
  40                             	.LBE5:
  41                             	.LBE4:
  59:../src/r_main.c ****     R_TAU0_Channel3_Start();	//Manchester RC5 modulator
  42                             		.loc 1 59 0
  43 0003 FC 00 00 00             		call	!!%code(_R_TAU0_Channel0_Start)
  44                             	.LVL0:
  60:../src/r_main.c ****     btnOpenTrigger = 0;
  45                             		.loc 1 60 0
  46 0007 FC 00 00 00             		call	!!%code(_R_TAU0_Channel3_Start)
  47                             	.LVL1:
  61:../src/r_main.c ****     btnOpenTrigger = 0;
  48                             		.loc 1 61 0
  49 000b F5 00 00                		clrb	!_btnOpenTrigger
  62:../src/r_main.c ****     R_INTC0_Start(); 			// Buttons
  50                             		.loc 1 62 0
  51 000e F5 00 00                		clrb	!_btnOpenTrigger
  63:../src/r_main.c ****     R_INTC1_Start();
  52                             		.loc 1 63 0
  53 0011 FC 00 00 00             		call	!!%code(_R_INTC0_Start)
  54                             	.LVL2:
  64:../src/r_main.c ****     frameBase = frameBaseDef;
  55                             		.loc 1 64 0
  56 0015 FC 00 00 00             		call	!!%code(_R_INTC1_Start)
  57                             	.LVL3:
  65:../src/r_main.c ****     tx = 0;
  58                             		.loc 1 65 0
  59 0019 30 20 34                		movw	ax, #13344
  60 001c BF 00 00                		movw	!_frameBase, ax
  66:../src/r_main.c ****     while (1U)
  61                             		.loc 1 66 0
  62 001f F5 00 00                		clrb	!_tx
  63                             	.L2:
  69:../src/r_main.c ****     	else if (btnCloseTrigger) btnCloseTriggered();
  64                             		.loc 1 69 0
  65 0022 D5 00 00                		cmp0	!_btnOpenTrigger
  66 0025 61 F8                   		 sknz
  67 0027 EC 33 00 00             		 br	!!.L3
  69:../src/r_main.c ****     	else if (btnCloseTrigger) btnCloseTriggered();
  68                             		.loc 1 69 0 is_stmt 0 discriminator 1
  69 002b FC 00 00 00             		call	!!%code(_btnOpenTriggered)
  70                             	.LVL4:
  71 002f EC 22 00 00             		br	!!.L2
  72                             	.L3:
  70:../src/r_main.c ****     }
  73                             		.loc 1 70 0 is_stmt 1
  74 0033 D5 00 00                		cmp0	!_btnCloseTrigger
  75 0036 61 F8                   		 sknz
  76 0038 EC 22 00 00             		 br	!!.L2
  70:../src/r_main.c ****     }
  77                             		.loc 1 70 0 is_stmt 0 discriminator 1
  78 003c FC 00 00 00             		call	!!%code(_btnCloseTriggered)
  79                             	.LVL5:
  80 0040 EC 22 00 00             		br	!!.L2
  81                             	.LFE0:
  83                             		.section	.text.R_MAIN_UserInit,"ax",@progbits
  84                             		.global	_R_MAIN_UserInit
  86                             	_R_MAIN_UserInit:
  87                             	.LFB1:
  83:../src/r_main.c ****     /* Start user code. Do not edit comment generated here */
  88                             		.loc 1 83 0 is_stmt 1
  89                             		.loc 1 85 0
  90                             	 ; 85 "../src/r_main.c" 1
  91 0000 71 7A FA                		ei
  92                             	 ; 0 "" 2
  86:../src/r_main.c ****     /* End user code. Do not edit comment generated here */
  87:../src/r_main.c **** }
  93                             		.loc 1 87 0
  94 0003 D7                      		ret
  95                             	.LFE1:
  97                             		.comm	_msg,2,2
  98                             		.comm	_tx,1,1
  99                             		.comm	_modulate,1,1
 100                             		.comm	_frameBase,2,2
 101                             		.comm	_btnCloseTrigger,1,1
 102                             		.comm	_btnOpenTrigger,1,1
 137                             	.Letext0:
 138                             		.file 2 "../src/r_cg_macrodriver.h"
 139                             		.file 3 "../src/global.h"
 140                             		.file 4 "../src/r_cg_timer.h"
 141                             		.file 5 "../src/r_cg_intc.h"
