   1                             	r8	=	0xffef0
   2                             	r16	=	0xffee8
   3                             	r24	=	0xffee0
   4                             	r9	=	0xffef1
   5                             	r17	=	0xffee9
   6                             	r25	=	0xffee1
   7                             	r10	=	0xffef2
   8                             	r18	=	0xffeea
   9                             	r26	=	0xffee2
  10                             	r11	=	0xffef3
  11                             	r19	=	0xffeeb
  12                             	r27	=	0xffee3
  13                             	r12	=	0xffef4
  14                             	r20	=	0xffeec
  15                             	r28	=	0xffee4
  16                             	r13	=	0xffef5
  17                             	r21	=	0xffeed
  18                             	r29	=	0xffee5
  19                             	r14	=	0xffef6
  20                             	r22	=	0xffeee
  21                             	r30	=	0xffee6
  22                             	r15	=	0xffef7
  23                             	r23	=	0xffeef
  24                             	r31	=	0xffee7
  25                             	.text
  26                             	.Ltext0:
  27                             		.global	_pwm_out
  28                             	.bss
  29                             		.balign 2
  32                             	_pwm_out:
  33 0000 00 00                   		.zero	2
  34                             	.text
  35                             		.global	_r_tau0_channel0_interrupt
  37                             	_r_tau0_channel0_interrupt:
  38                             	.LFB0:
  39                             		.file 1 "../src/r_cg_timer_user.c"
   1:../src/r_cg_timer_user.c **** /**************************************************************************************************
   2:../src/r_cg_timer_user.c **** * DISCLAIMER
   3:../src/r_cg_timer_user.c **** * This software is supplied by Renesas Electronics Corporation and is only intended for use with Re
   4:../src/r_cg_timer_user.c **** * No other uses are authorized. This software is owned by Renesas Electronics Corporation and is pr
   5:../src/r_cg_timer_user.c **** * applicable laws, including copyright laws. 
   6:../src/r_cg_timer_user.c **** * THIS SOFTWARE IS PROVIDED "AS IS" AND RENESAS MAKES NO WARRANTIESREGARDING THIS SOFTWARE, WHETHER
   7:../src/r_cg_timer_user.c **** * OR STATUTORY, INCLUDING BUT NOT LIMITED TO WARRANTIES OF MERCHANTABILITY, FITNESS FOR A PARTICULA
   8:../src/r_cg_timer_user.c **** * NON-INFRINGEMENT.  ALL SUCH WARRANTIES ARE EXPRESSLY DISCLAIMED.TO THE MAXIMUM EXTENT PERMITTED N
   9:../src/r_cg_timer_user.c **** * LAW, NEITHER RENESAS ELECTRONICS CORPORATION NOR ANY OF ITS AFFILIATED COMPANIES SHALL BE LIABLE 
  10:../src/r_cg_timer_user.c **** * INDIRECT, SPECIAL, INCIDENTAL OR CONSEQUENTIAL DAMAGES FOR ANY REASON RELATED TO THIS SOFTWARE, E
  11:../src/r_cg_timer_user.c **** * ITS AFFILIATES HAVE BEEN ADVISED OF THE POSSIBILITY OF SUCH DAMAGES.
  12:../src/r_cg_timer_user.c **** * Renesas reserves the right, without notice, to make changes to this software and to discontinue t
  13:../src/r_cg_timer_user.c **** * of this software. By using this software, you agree to the additional terms and conditions found 
  14:../src/r_cg_timer_user.c **** * following link:
  15:../src/r_cg_timer_user.c **** * http://www.renesas.com/disclaimer
  16:../src/r_cg_timer_user.c **** *
  17:../src/r_cg_timer_user.c **** * Copyright (C) 2011, 2015 Renesas Electronics Corporation. All rights reserved.
  18:../src/r_cg_timer_user.c **** ***************************************************************************************************
  19:../src/r_cg_timer_user.c **** 
  20:../src/r_cg_timer_user.c **** /**************************************************************************************************
  21:../src/r_cg_timer_user.c **** * File Name    : r_cg_timer_user.c
  22:../src/r_cg_timer_user.c **** * Version      : CodeGenerator for RL78/G12 V2.03.02.01 [15 May 2015]
  23:../src/r_cg_timer_user.c **** * Device(s)    : R5F1026A
  24:../src/r_cg_timer_user.c **** * Tool-Chain   : GCCRL78
  25:../src/r_cg_timer_user.c **** * Description  : This file implements device driver for TAU module.
  26:../src/r_cg_timer_user.c **** * Creation Date: 4/10/2016
  27:../src/r_cg_timer_user.c **** ***************************************************************************************************
  28:../src/r_cg_timer_user.c **** 
  29:../src/r_cg_timer_user.c **** /**************************************************************************************************
  30:../src/r_cg_timer_user.c **** Includes
  31:../src/r_cg_timer_user.c **** ***************************************************************************************************
  32:../src/r_cg_timer_user.c **** #include "r_cg_macrodriver.h"
  33:../src/r_cg_timer_user.c **** #include "r_cg_timer.h"
  34:../src/r_cg_timer_user.c **** /* Start user code for include. Do not edit comment generated here */
  35:../src/r_cg_timer_user.c **** /* End user code. Do not edit comment generated here */
  36:../src/r_cg_timer_user.c **** #include "r_cg_userdefine.h"
  37:../src/r_cg_timer_user.c **** 
  38:../src/r_cg_timer_user.c **** /**************************************************************************************************
  39:../src/r_cg_timer_user.c **** Global variables and functions
  40:../src/r_cg_timer_user.c **** ***************************************************************************************************
  41:../src/r_cg_timer_user.c **** /* Start user code for global. Do not edit comment generated here */
  42:../src/r_cg_timer_user.c **** int pwm_out = 0;
  43:../src/r_cg_timer_user.c **** /* End user code. Do not edit comment generated here */
  44:../src/r_cg_timer_user.c **** 
  45:../src/r_cg_timer_user.c **** /**************************************************************************************************
  46:../src/r_cg_timer_user.c **** * Function Name: r_tau0_channel0_interrupt
  47:../src/r_cg_timer_user.c **** * Description  : This function is INTTM00 interrupt service routine.
  48:../src/r_cg_timer_user.c **** * Arguments    : None
  49:../src/r_cg_timer_user.c **** * Return Value : None
  50:../src/r_cg_timer_user.c **** ***************************************************************************************************
  51:../src/r_cg_timer_user.c **** void r_tau0_channel0_interrupt(void)
  52:../src/r_cg_timer_user.c **** {
  40                             		.loc 1 52 0
  41                             		; start of function
  42                             		; push 14: ax bc de hl r8 r10 r12
  43 0000 61 CF                   		sel	rb0
  44 0002 C1                      		push	ax
  45                             	.LCFI0:
  46 0003 C3                      		push	bc
  47                             	.LCFI1:
  48 0004 C5                      		push	de
  49                             	.LCFI2:
  50 0005 C7                      		push	hl
  51                             	.LCFI3:
  52 0006 61 DF                   		sel	rb1
  53 0008 C1                      		push	ax ; r8
  54                             	.LCFI4:
  55 0009 C3                      		push	bc ; r10
  56                             	.LCFI5:
  57 000a C5                      		push	de ; r12
  58                             	.LCFI6:
  59 000b 61 CF                   		sel	rb0
  53:../src/r_cg_timer_user.c ****     /* Start user code. Do not edit comment generated here */
  54:../src/r_cg_timer_user.c **** 	//PWM Master
  55:../src/r_cg_timer_user.c **** 	if (pwm_out) P1_bit.no0 = 1;
  60                             		.loc 1 55 0
  61 000d AF 00 00                		movw	ax, !_pwm_out
  62 0010 BD F0                   		movw	r8, ax
  63 0012 44 00 00                		cmpw	ax, #0
  64 0015 61 F8                   		 sknz
  65 0017 EC 34 00 00             		 br	!!.L1
  66                             		.loc 1 55 0 is_stmt 0 discriminator 1
  67 001b C9 F0 01 FF             		movw	r8, #-255
  68 001f AD F0                   		movw	ax, r8
  69 0021 BD F4                   		movw	r12, ax
  70 0023 FA F4                   		movw	hl, r12
  71 0025 8B                      		mov	a, [hl]
  72 0026 9D F2                   		mov	r10, a
  73 0028 6A F2 01                		or	r10, #1
  74 002b AD F0                   		movw	ax, r8
  75 002d DA F4                   		movw	bc, r12
  76 002f 8D F2                   		mov	a, r10
  77 0031 48 00 00                		mov	[bc], a
  78                             	.L1:
  56:../src/r_cg_timer_user.c ****     /* End user code. Do not edit comment generated here */
  57:../src/r_cg_timer_user.c **** }
  79                             		.loc 1 57 0 is_stmt 1
  80 0034 61 DF                   		sel	rb1
  81 0036 C4                      		pop	de ; r12
  82 0037 C2                      		pop	bc ; r10
  83 0038 C0                      		pop	ax ; r8
  84 0039 61 CF                   		sel	rb0
  85 003b C6                      		pop	hl
  86 003c C4                      		pop	de
  87 003d C2                      		pop	bc
  88 003e C0                      		pop	ax
  89 003f 61 FC                   		reti
  90                             	.LFE0:
  92                             		.global	_r_tau0_channel1_interrupt
  94                             	_r_tau0_channel1_interrupt:
  95                             	.LFB1:
  58:../src/r_cg_timer_user.c **** 
  59:../src/r_cg_timer_user.c **** /**************************************************************************************************
  60:../src/r_cg_timer_user.c **** * Function Name: r_tau0_channel1_interrupt
  61:../src/r_cg_timer_user.c **** * Description  : This function is INTTM01 interrupt service routine.
  62:../src/r_cg_timer_user.c **** * Arguments    : None
  63:../src/r_cg_timer_user.c **** * Return Value : None
  64:../src/r_cg_timer_user.c **** ***************************************************************************************************
  65:../src/r_cg_timer_user.c **** void r_tau0_channel1_interrupt(void)
  66:../src/r_cg_timer_user.c **** {
  96                             		.loc 1 66 0
  97                             		; start of function
  98                             		; push 14: ax bc de hl r8 r10 r12
  99 0041 61 CF                   		sel	rb0
 100 0043 C1                      		push	ax
 101                             	.LCFI7:
 102 0044 C3                      		push	bc
 103                             	.LCFI8:
 104 0045 C5                      		push	de
 105                             	.LCFI9:
 106 0046 C7                      		push	hl
 107                             	.LCFI10:
 108 0047 61 DF                   		sel	rb1
 109 0049 C1                      		push	ax ; r8
 110                             	.LCFI11:
 111 004a C3                      		push	bc ; r10
 112                             	.LCFI12:
 113 004b C5                      		push	de ; r12
 114                             	.LCFI13:
 115 004c 61 CF                   		sel	rb0
  67:../src/r_cg_timer_user.c ****     /* Start user code. Do not edit comment generated here */
  68:../src/r_cg_timer_user.c **** 	//PWM Slave
  69:../src/r_cg_timer_user.c **** 	if (pwm_out) P1_bit.no0 = 0;
 116                             		.loc 1 69 0
 117 004e AF 00 00                		movw	ax, !_pwm_out
 118 0051 BD F0                   		movw	r8, ax
 119 0053 44 00 00                		cmpw	ax, #0
 120 0056 61 F8                   		 sknz
 121 0058 EC 75 00 00             		 br	!!.L3
 122                             		.loc 1 69 0 is_stmt 0 discriminator 1
 123 005c C9 F0 01 FF             		movw	r8, #-255
 124 0060 AD F0                   		movw	ax, r8
 125 0062 BD F4                   		movw	r12, ax
 126 0064 FA F4                   		movw	hl, r12
 127 0066 8B                      		mov	a, [hl]
 128 0067 9D F2                   		mov	r10, a
 129 0069 5A F2 FE                		and	r10, #-2
 130 006c AD F0                   		movw	ax, r8
 131 006e DA F4                   		movw	bc, r12
 132 0070 8D F2                   		mov	a, r10
 133 0072 48 00 00                		mov	[bc], a
 134                             	.L3:
  70:../src/r_cg_timer_user.c ****     /* End user code. Do not edit comment generated here */
  71:../src/r_cg_timer_user.c **** }
 135                             		.loc 1 71 0 is_stmt 1
 136 0075 61 DF                   		sel	rb1
 137 0077 C4                      		pop	de ; r12
 138 0078 C2                      		pop	bc ; r10
 139 0079 C0                      		pop	ax ; r8
 140 007a 61 CF                   		sel	rb0
 141 007c C6                      		pop	hl
 142 007d C4                      		pop	de
 143 007e C2                      		pop	bc
 144 007f C0                      		pop	ax
 145 0080 61 FC                   		reti
 146                             	.LFE1:
 148                             		.global	_r_tau0_channel3_interrupt
 150                             	_r_tau0_channel3_interrupt:
 151                             	.LFB2:
  72:../src/r_cg_timer_user.c **** 
  73:../src/r_cg_timer_user.c **** /**************************************************************************************************
  74:../src/r_cg_timer_user.c **** * Function Name: r_tau0_channel3_interrupt
  75:../src/r_cg_timer_user.c **** * Description  : This function is INTTM03 interrupt service routine.
  76:../src/r_cg_timer_user.c **** * Arguments    : None
  77:../src/r_cg_timer_user.c **** * Return Value : None
  78:../src/r_cg_timer_user.c **** ***************************************************************************************************
  79:../src/r_cg_timer_user.c **** void r_tau0_channel3_interrupt(void)
  80:../src/r_cg_timer_user.c **** {
 152                             		.loc 1 80 0
 153                             		; start of function
 154                             		; push 10: ax bc de hl r8
 155 0082 61 CF                   		sel	rb0
 156 0084 C1                      		push	ax
 157                             	.LCFI14:
 158 0085 C3                      		push	bc
 159                             	.LCFI15:
 160 0086 C5                      		push	de
 161                             	.LCFI16:
 162 0087 C7                      		push	hl
 163                             	.LCFI17:
 164 0088 61 DF                   		sel	rb1
 165 008a C1                      		push	ax ; r8
 166                             	.LCFI18:
 167 008b 61 CF                   		sel	rb0
  81:../src/r_cg_timer_user.c ****     /* Start user code. Do not edit comment generated here */
  82:../src/r_cg_timer_user.c **** 	//Half-bit Manchester
  83:../src/r_cg_timer_user.c **** 	pwm_out ^= 1;
 168                             		.loc 1 83 0
 169 008d AF 00 00                		movw	ax, !_pwm_out
 170 0090 BD F0                   		movw	r8, ax
 171 0092 7C 00                   		xor a, #0 
 172 0094 08                      		 xch a, x 
 173 0095 7C 01                   		 xor a, #1 
 174 0097 08                      		 xch a, x
 175 0098 BD F0                   		movw	r8, ax
 176 009a BF 00 00                		movw	!_pwm_out, ax
  84:../src/r_cg_timer_user.c ****     /* End user code. Do not edit comment generated here */
  85:../src/r_cg_timer_user.c **** }
 177                             		.loc 1 85 0
 178 009d 61 DF                   		sel	rb1
 179 009f C0                      		pop	ax ; r8
 180 00a0 61 CF                   		sel	rb0
 181 00a2 C6                      		pop	hl
 182 00a3 C4                      		pop	de
 183 00a4 C2                      		pop	bc
 184 00a5 C0                      		pop	ax
 185 00a6 61 FC                   		reti
 186                             	.LFE2:
 306                             	.Letext0:
 307                             		.file 2 "../src/iodefine.h"
