   1                             	r8	=	0xffef0
   2                             	r16	=	0xffee8
   3                             	r24	=	0xffee0
   4                             	r9	=	0xffef1
   5                             	r17	=	0xffee9
   6                             	r25	=	0xffee1
   7                             	r10	=	0xffef2
   8                             	r18	=	0xffeea
   9                             	r26	=	0xffee2
  10                             	r11	=	0xffef3
  11                             	r19	=	0xffeeb
  12                             	r27	=	0xffee3
  13                             	r12	=	0xffef4
  14                             	r20	=	0xffeec
  15                             	r28	=	0xffee4
  16                             	r13	=	0xffef5
  17                             	r21	=	0xffeed
  18                             	r29	=	0xffee5
  19                             	r14	=	0xffef6
  20                             	r22	=	0xffeee
  21                             	r30	=	0xffee6
  22                             	r15	=	0xffef7
  23                             	r23	=	0xffeef
  24                             	r31	=	0xffee7
  25                             	.text
  26                             	.Ltext0:
  27                             		.global	_main
  29                             	_main:
  30                             	.LFB0:
  31                             		.file 1 "../src/r_main.c"
   1:../src/r_main.c **** /**************************************************************************************************
   2:../src/r_main.c **** * DISCLAIMER
   3:../src/r_main.c **** * This software is supplied by Renesas Electronics Corporation and is only intended for use with Re
   4:../src/r_main.c **** * No other uses are authorized. This software is owned by Renesas Electronics Corporation and is pr
   5:../src/r_main.c **** * applicable laws, including copyright laws. 
   6:../src/r_main.c **** * THIS SOFTWARE IS PROVIDED "AS IS" AND RENESAS MAKES NO WARRANTIESREGARDING THIS SOFTWARE, WHETHER
   7:../src/r_main.c **** * OR STATUTORY, INCLUDING BUT NOT LIMITED TO WARRANTIES OF MERCHANTABILITY, FITNESS FOR A PARTICULA
   8:../src/r_main.c **** * NON-INFRINGEMENT.  ALL SUCH WARRANTIES ARE EXPRESSLY DISCLAIMED.TO THE MAXIMUM EXTENT PERMITTED N
   9:../src/r_main.c **** * LAW, NEITHER RENESAS ELECTRONICS CORPORATION NOR ANY OF ITS AFFILIATED COMPANIES SHALL BE LIABLE 
  10:../src/r_main.c **** * INDIRECT, SPECIAL, INCIDENTAL OR CONSEQUENTIAL DAMAGES FOR ANY REASON RELATED TO THIS SOFTWARE, E
  11:../src/r_main.c **** * ITS AFFILIATES HAVE BEEN ADVISED OF THE POSSIBILITY OF SUCH DAMAGES.
  12:../src/r_main.c **** * Renesas reserves the right, without notice, to make changes to this software and to discontinue t
  13:../src/r_main.c **** * of this software. By using this software, you agree to the additional terms and conditions found 
  14:../src/r_main.c **** * following link:
  15:../src/r_main.c **** * http://www.renesas.com/disclaimer
  16:../src/r_main.c **** *
  17:../src/r_main.c **** * Copyright (C) 2011, 2015 Renesas Electronics Corporation. All rights reserved.
  18:../src/r_main.c **** ***************************************************************************************************
  19:../src/r_main.c **** 
  20:../src/r_main.c **** /**************************************************************************************************
  21:../src/r_main.c **** * File Name    : r_main.c
  22:../src/r_main.c **** * Version      : CodeGenerator for RL78/G12 V2.03.02.01 [15 May 2015]
  23:../src/r_main.c **** * Device(s)    : R5F1026A
  24:../src/r_main.c **** * Tool-Chain   : GCCRL78
  25:../src/r_main.c **** * Description  : This file implements main function.
  26:../src/r_main.c **** * Creation Date: 4/10/2016
  27:../src/r_main.c **** ***************************************************************************************************
  28:../src/r_main.c **** 
  29:../src/r_main.c **** /**************************************************************************************************
  30:../src/r_main.c **** Includes
  31:../src/r_main.c **** ***************************************************************************************************
  32:../src/r_main.c **** #include "r_cg_macrodriver.h"
  33:../src/r_main.c **** #include "r_cg_cgc.h"
  34:../src/r_main.c **** #include "r_cg_port.h"
  35:../src/r_main.c **** #include "r_cg_intc.h"
  36:../src/r_main.c **** #include "r_cg_timer.h"
  37:../src/r_main.c **** #include "r_cg_wdt.h"
  38:../src/r_main.c **** /* Start user code for include. Do not edit comment generated here */
  39:../src/r_main.c **** /* End user code. Do not edit comment generated here */
  40:../src/r_main.c **** #include "r_cg_userdefine.h"
  41:../src/r_main.c **** 
  42:../src/r_main.c **** /**************************************************************************************************
  43:../src/r_main.c **** Global variables and functions
  44:../src/r_main.c **** ***************************************************************************************************
  45:../src/r_main.c **** /* Start user code for global. Do not edit comment generated here */
  46:../src/r_main.c **** /* End user code. Do not edit comment generated here */
  47:../src/r_main.c **** void R_MAIN_UserInit(void);
  48:../src/r_main.c **** 
  49:../src/r_main.c **** /**************************************************************************************************
  50:../src/r_main.c **** * Function Name: main
  51:../src/r_main.c **** * Description  : This function implements main function.
  52:../src/r_main.c **** * Arguments    : None
  53:../src/r_main.c **** * Return Value : None
  54:../src/r_main.c **** ***************************************************************************************************
  55:../src/r_main.c **** void main(void)
  56:../src/r_main.c **** {
  32                             		.loc 1 56 0
  57:../src/r_main.c ****     R_MAIN_UserInit();
  33                             		.loc 1 57 0
  34 0000 FC 00 00 00             		call	!!%code(_R_MAIN_UserInit)
  58:../src/r_main.c ****     /* Start user code. Do not edit comment generated here */
  59:../src/r_main.c ****     R_TAU0_Channel0_Start(); 	//PWM
  35                             		.loc 1 59 0
  36 0004 FC 00 00 00             		call	!!%code(_R_TAU0_Channel0_Start)
  60:../src/r_main.c ****     R_TAU0_Channel3_Start();	//Manchester RC5
  37                             		.loc 1 60 0
  38 0008 FC 00 00 00             		call	!!%code(_R_TAU0_Channel3_Start)
  39                             	.L2:
  61:../src/r_main.c ****     while (1U)
  62:../src/r_main.c ****     {
  63:../src/r_main.c ****         ;
  64:../src/r_main.c ****     }
  40                             		.loc 1 64 0 discriminator 1
  41 000c EC 0C 00 00             		br	!!.L2
  42                             	.LFE0:
  44                             		.global	_R_MAIN_UserInit
  46                             	_R_MAIN_UserInit:
  47                             	.LFB1:
  65:../src/r_main.c ****     /* End user code. Do not edit comment generated here */
  66:../src/r_main.c **** }
  67:../src/r_main.c **** 
  68:../src/r_main.c **** 
  69:../src/r_main.c **** /**************************************************************************************************
  70:../src/r_main.c **** * Function Name: R_MAIN_UserInit
  71:../src/r_main.c **** * Description  : This function adds user code before implementing main function.
  72:../src/r_main.c **** * Arguments    : None
  73:../src/r_main.c **** * Return Value : None
  74:../src/r_main.c **** ***************************************************************************************************
  75:../src/r_main.c **** void R_MAIN_UserInit(void)
  76:../src/r_main.c **** {
  48                             		.loc 1 76 0
  77:../src/r_main.c ****     /* Start user code. Do not edit comment generated here */
  78:../src/r_main.c ****     EI();
  49                             		.loc 1 78 0
  50                             	 ; 78 "../src/r_main.c" 1
  51 0010 71 7A FA                		ei
  52                             	 ; 0 "" 2
  79:../src/r_main.c ****     /* End user code. Do not edit comment generated here */
  80:../src/r_main.c **** }
  53                             		.loc 1 80 0
  54 0013 D7                      		ret
  55                             	.LFE1:
  91                             	.Letext0:
