15:21:48 **** Incremental Build of configuration HardwareDebug for project GateController ****
make -j4 all 
'Scanning and building file: ../src/adc.c'
'Scanning and building file: ../src/global.c'
'Scanning and building file: ../src/infrared.c'
'Scanning and building file: ../src/r_cg_adc_user.c'
'Invoking: Scanner and Compiler'
'Invoking: Scanner and Compiler'
'Invoking: Scanner and Compiler'
'Invoking: Scanner and Compiler'
rl78-elf-gcc -MM -MP -MF "src/adc.d" -MT"src/adc.o" -MT"src/adc.d" -x c   -nostdinc -I"C:\PROGRA~2\KPIT\GNURL7~1.02-\rl78-elf/rl78-elf/optlibinc" -Wstack-usage=64 -mrl78 -g2 -g "../src/adc.c"
rl78-elf-gcc -MM -MP -MF "src/infrared.d" -MT"src/infrared.o" -MT"src/infrared.d" -x c   -nostdinc -I"C:\PROGRA~2\KPIT\GNURL7~1.02-\rl78-elf/rl78-elf/optlibinc" -Wstack-usage=64 -mrl78 -g2 -g "../src/infrared.c"
rl78-elf-gcc -MM -MP -MF "src/global.d" -MT"src/global.o" -MT"src/global.d" -x c   -nostdinc -I"C:\PROGRA~2\KPIT\GNURL7~1.02-\rl78-elf/rl78-elf/optlibinc" -Wstack-usage=64 -mrl78 -g2 -g "../src/global.c"
rl78-elf-gcc -MM -MP -MF "src/r_cg_adc_user.d" -MT"src/r_cg_adc_user.o" -MT"src/r_cg_adc_user.d" -x c   -nostdinc -I"C:\PROGRA~2\KPIT\GNURL7~1.02-\rl78-elf/rl78-elf/optlibinc" -Wstack-usage=64 -mrl78 -g2 -g "../src/r_cg_adc_user.c"
rl78-elf-gcc -c -x c  -Wa,-adlhn="r_cg_adc_user.lst" -nostdinc -I"C:\PROGRA~2\KPIT\GNURL7~1.02-\rl78-elf/rl78-elf/optlibinc" -Wstack-usage=64 -mrl78 -g2 -g -o "src/r_cg_adc_user.o" "../src/r_cg_adc_user.c"
'Finished scanning and building: ../src/r_cg_adc_user.c'
rl78-elf-gcc -c -x c  -Wa,-adlhn="adc.lst" -nostdinc -I"C:\PROGRA~2\KPIT\GNURL7~1.02-\rl78-elf/rl78-elf/optlibinc" -Wstack-usage=64 -mrl78 -g2 -g -o "src/adc.o" "../src/adc.c"
rl78-elf-gcc -c -x c  -Wa,-adlhn="infrared.lst" -nostdinc -I"C:\PROGRA~2\KPIT\GNURL7~1.02-\rl78-elf/rl78-elf/optlibinc" -Wstack-usage=64 -mrl78 -g2 -g -o "src/infrared.o" "../src/infrared.c"

'Finished scanning and building: ../src/adc.c'
'Finished scanning and building: ../src/infrared.c'
'Scanning and building file: ../src/r_cg_intc_user.c'


'Invoking: Scanner and Compiler'
'Scanning and building file: ../src/r_cg_serial_user.c'
'Scanning and building file: ../src/r_cg_timer_user.c'
'Invoking: Scanner and Compiler'
'Invoking: Scanner and Compiler'
rl78-elf-gcc -MM -MP -MF "src/r_cg_intc_user.d" -MT"src/r_cg_intc_user.o" -MT"src/r_cg_intc_user.d" -x c   -nostdinc -I"C:\PROGRA~2\KPIT\GNURL7~1.02-\rl78-elf/rl78-elf/optlibinc" -Wstack-usage=64 -mrl78 -g2 -g "../src/r_cg_intc_user.c"
rl78-elf-gcc -MM -MP -MF "src/r_cg_serial_user.d" -MT"src/r_cg_serial_user.o" -MT"src/r_cg_serial_user.d" -x c   -nostdinc -I"C:\PROGRA~2\KPIT\GNURL7~1.02-\rl78-elf/rl78-elf/optlibinc" -Wstack-usage=64 -mrl78 -g2 -g "../src/r_cg_serial_user.c"
rl78-elf-gcc -MM -MP -MF "src/r_cg_timer_user.d" -MT"src/r_cg_timer_user.o" -MT"src/r_cg_timer_user.d" -x c   -nostdinc -I"C:\PROGRA~2\KPIT\GNURL7~1.02-\rl78-elf/rl78-elf/optlibinc" -Wstack-usage=64 -mrl78 -g2 -g "../src/r_cg_timer_user.c"
rl78-elf-gcc -c -x c  -Wa,-adlhn="global.lst" -nostdinc -I"C:\PROGRA~2\KPIT\GNURL7~1.02-\rl78-elf/rl78-elf/optlibinc" -Wstack-usage=64 -mrl78 -g2 -g -o "src/global.o" "../src/global.c"
rl78-elf-gcc -c -x c  -Wa,-adlhn="r_cg_intc_user.lst" -nostdinc -I"C:\PROGRA~2\KPIT\GNURL7~1.02-\rl78-elf/rl78-elf/optlibinc" -Wstack-usage=64 -mrl78 -g2 -g -o "src/r_cg_intc_user.o" "../src/r_cg_intc_user.c"
'Finished scanning and building: ../src/global.c'
'Finished scanning and building: ../src/r_cg_intc_user.c'


rl78-elf-gcc -c -x c  -Wa,-adlhn="r_cg_serial_user.lst" -nostdinc -I"C:\PROGRA~2\KPIT\GNURL7~1.02-\rl78-elf/rl78-elf/optlibinc" -Wstack-usage=64 -mrl78 -g2 -g -o "src/r_cg_serial_user.o" "../src/r_cg_serial_user.c"
rl78-elf-gcc -c -x c  -Wa,-adlhn="r_cg_timer_user.lst" -nostdinc -I"C:\PROGRA~2\KPIT\GNURL7~1.02-\rl78-elf/rl78-elf/optlibinc" -Wstack-usage=64 -mrl78 -g2 -g -o "src/r_cg_timer_user.o" "../src/r_cg_timer_user.c"
'Scanning and building file: ../src/r_main.c'
'Finished scanning and building: ../src/r_cg_serial_user.c'
'Finished scanning and building: ../src/r_cg_timer_user.c'
'Invoking: Scanner and Compiler'


rl78-elf-gcc -MM -MP -MF "src/r_main.d" -MT"src/r_main.o" -MT"src/r_main.d" -x c   -nostdinc -I"C:\PROGRA~2\KPIT\GNURL7~1.02-\rl78-elf/rl78-elf/optlibinc" -Wstack-usage=64 -mrl78 -g2 -g "../src/r_main.c"
rl78-elf-gcc -c -x c  -Wa,-adlhn="r_main.lst" -nostdinc -I"C:\PROGRA~2\KPIT\GNURL7~1.02-\rl78-elf/rl78-elf/optlibinc" -Wstack-usage=64 -mrl78 -g2 -g -o "src/r_main.o" "../src/r_main.c"
'Finished scanning and building: ../src/r_main.c'

'Invoking: Linker'
'Building target:'
rl78-elf-ld -o "GateController.x" -T"C:\Users\trist\e2_studio\workspace\GateController\HardwareDebug\GateController_HardwareDebug_auto.gsi" @"C:\Users\trist\e2_studio\workspace\GateController\HardwareDebug\LinkerSubCommand.tmp"    -M=GateController.map -L"C:\PROGRA~2\KPIT\GNURL7~1.02-\rl78-elf/lib/gcc/rl78-elf/4.9-GNURL78_v15.02/g14" -L"C:\PROGRA~2\KPIT\GNURL7~1.02-\rl78-elf/rl78-elf/lib/g14" --start-group -loptm -loptc -lgcc --end-group -e_PowerON_Reset
'Finished building:'

'Invoking: Objcopy'
'Building target:'
rl78-elf-objcopy -O srec   GateController.x "GateController.mot"
'Finished building target:'

'Build complete.'

15:21:50 Build Finished. 0 errors, 0 warnings. (took 1s.686ms)

