19:32:36 **** Incremental Build of configuration HardwareDebug for project GateController ****
make -j4 all 
'Build complete.'
19:35:40 **** Incremental Build of configuration HardwareDebug for project GateController ****
make -j4 all 
'Scanning and building file: ../src/r_main.c'
'Invoking: Scanner and Compiler'
rl78-elf-gcc -MM -MP -MF "src/r_main.d" -MT"src/r_main.o" -MT"src/r_main.d" -x c   -nostdinc -I"C:\PROGRA~2\KPIT\GNURL7~1.02-\rl78-elf/rl78-elf/optlibinc" -Wstack-usage=64 -mrl78 -g2 -g "../src/r_main.c"
rl78-elf-gcc -c -x c  -Wa,-adlhn="r_main.lst" -nostdinc -I"C:\PROGRA~2\KPIT\GNURL7~1.02-\rl78-elf/rl78-elf/optlibinc" -Wstack-usage=64 -mrl78 -g2 -g -o "src/r_main.o" "../src/r_main.c"
'Finished scanning and building: ../src/r_main.c'

'Invoking: Linker'
'Building target:'
rl78-elf-ld -o "GateController.x" -T"C:\Users\trist\e2_studio\workspace\GateController\HardwareDebug\GateController_HardwareDebug_auto.gsi" @"C:\Users\trist\e2_studio\workspace\GateController\HardwareDebug\LinkerSubCommand.tmp"    -M=GateController.map -L"C:\PROGRA~2\KPIT\GNURL7~1.02-\rl78-elf/lib/gcc/rl78-elf/4.9-GNURL78_v15.02/g14" -L"C:\PROGRA~2\KPIT\GNURL7~1.02-\rl78-elf/rl78-elf/lib/g14" --start-group -loptm -loptc -lgcc --end-group -e_PowerON_Reset
'Finished building:'

'Invoking: Objcopy'
'Building target:'
rl78-elf-objcopy -O srec   GateController.x "GateController.mot"
'Finished building target:'

'Build complete.'
19:37:33 **** Incremental Build of configuration HardwareDebug for project GateController ****
make -j4 all 
'Scanning and building file: ../src/r_main.c'
'Invoking: Scanner and Compiler'
rl78-elf-gcc -MM -MP -MF "src/r_main.d" -MT"src/r_main.o" -MT"src/r_main.d" -x c   -nostdinc -I"C:\PROGRA~2\KPIT\GNURL7~1.02-\rl78-elf/rl78-elf/optlibinc" -Wstack-usage=64 -mrl78 -g2 -g "../src/r_main.c"
rl78-elf-gcc -c -x c  -Wa,-adlhn="r_main.lst" -nostdinc -I"C:\PROGRA~2\KPIT\GNURL7~1.02-\rl78-elf/rl78-elf/optlibinc" -Wstack-usage=64 -mrl78 -g2 -g -o "src/r_main.o" "../src/r_main.c"
'Finished scanning and building: ../src/r_main.c'

'Invoking: Linker'
'Building target:'
rl78-elf-ld -o "GateController.x" -T"C:\Users\trist\e2_studio\workspace\GateController\HardwareDebug\GateController_HardwareDebug_auto.gsi" @"C:\Users\trist\e2_studio\workspace\GateController\HardwareDebug\LinkerSubCommand.tmp"    -M=GateController.map -L"C:\PROGRA~2\KPIT\GNURL7~1.02-\rl78-elf/lib/gcc/rl78-elf/4.9-GNURL78_v15.02/g14" -L"C:\PROGRA~2\KPIT\GNURL7~1.02-\rl78-elf/rl78-elf/lib/g14" --start-group -loptm -loptc -lgcc --end-group -e_PowerON_Reset
'Finished building:'

'Invoking: Objcopy'
'Building target:'
rl78-elf-objcopy -O srec   GateController.x "GateController.mot"
'Finished building target:'

'Build complete.'
20:12:22 **** Incremental Build of configuration HardwareDebug for project GateController ****
make -j4 all 
'Scanning and building file: ../src/r_main.c'
'Invoking: Scanner and Compiler'
rl78-elf-gcc -MM -MP -MF "src/r_main.d" -MT"src/r_main.o" -MT"src/r_main.d" -x c   -nostdinc -I"C:\PROGRA~2\KPIT\GNURL7~1.02-\rl78-elf/rl78-elf/optlibinc" -Wstack-usage=64 -mrl78 -g2 -g "../src/r_main.c"
rl78-elf-gcc -c -x c  -Wa,-adlhn="r_main.lst" -nostdinc -I"C:\PROGRA~2\KPIT\GNURL7~1.02-\rl78-elf/rl78-elf/optlibinc" -Wstack-usage=64 -mrl78 -g2 -g -o "src/r_main.o" "../src/r_main.c"
'Finished scanning and building: ../src/r_main.c'

'Invoking: Linker'
'Building target:'
rl78-elf-ld -o "GateController.x" -T"C:\Users\trist\e2_studio\workspace\GateController\HardwareDebug\GateController_HardwareDebug_auto.gsi" @"C:\Users\trist\e2_studio\workspace\GateController\HardwareDebug\LinkerSubCommand.tmp"    -M=GateController.map -L"C:\PROGRA~2\KPIT\GNURL7~1.02-\rl78-elf/lib/gcc/rl78-elf/4.9-GNURL78_v15.02/g14" -L"C:\PROGRA~2\KPIT\GNURL7~1.02-\rl78-elf/rl78-elf/lib/g14" --start-group -loptm -loptc -lgcc --end-group -e_PowerON_Reset
'Finished building:'

'Invoking: Objcopy'
'Building target:'
rl78-elf-objcopy -O srec   GateController.x "GateController.mot"
'Finished building target:'

'Build complete.'
20:24:49 **** Incremental Build of configuration HardwareDebug for project GateController ****
make -j4 all 
'Scanning and building file: ../src/r_main.c'
'Invoking: Scanner and Compiler'
rl78-elf-gcc -MM -MP -MF "src/r_main.d" -MT"src/r_main.o" -MT"src/r_main.d" -x c   -nostdinc -I"C:\PROGRA~2\KPIT\GNURL7~1.02-\rl78-elf/rl78-elf/optlibinc" -Wstack-usage=64 -mrl78 -g2 -g "../src/r_main.c"
rl78-elf-gcc -c -x c  -Wa,-adlhn="r_main.lst" -nostdinc -I"C:\PROGRA~2\KPIT\GNURL7~1.02-\rl78-elf/rl78-elf/optlibinc" -Wstack-usage=64 -mrl78 -g2 -g -o "src/r_main.o" "../src/r_main.c"
'Finished scanning and building: ../src/r_main.c'

'Invoking: Linker'
'Building target:'
rl78-elf-ld -o "GateController.x" -T"C:\Users\trist\e2_studio\workspace\GateController\HardwareDebug\GateController_HardwareDebug_auto.gsi" @"C:\Users\trist\e2_studio\workspace\GateController\HardwareDebug\LinkerSubCommand.tmp"    -M=GateController.map -L"C:\PROGRA~2\KPIT\GNURL7~1.02-\rl78-elf/lib/gcc/rl78-elf/4.9-GNURL78_v15.02/g14" -L"C:\PROGRA~2\KPIT\GNURL7~1.02-\rl78-elf/rl78-elf/lib/g14" --start-group -loptm -loptc -lgcc --end-group -e_PowerON_Reset
'Finished building:'

'Invoking: Objcopy'
'Building target:'
rl78-elf-objcopy -O srec   GateController.x "GateController.mot"
'Finished building target:'

'Build complete.'
21:19:49 **** Incremental Build of configuration HardwareDebug for project GateController ****
make -j4 all 
'Scanning and building file: ../src/global.c'
'Scanning and building file: ../src/infrared.c'
'Scanning and building file: ../src/r_cg_adc.c'
'Scanning and building file: ../src/lcd.c'
'Invoking: Scanner and Compiler'
'Invoking: Scanner and Compiler'
'Invoking: Scanner and Compiler'
'Invoking: Scanner and Compiler'
rl78-elf-gcc -MM -MP -MF "src/infrared.d" -MT"src/infrared.o" -MT"src/infrared.d" -x c   -nostdinc -I"C:\PROGRA~2\KPIT\GNURL7~1.02-\rl78-elf/rl78-elf/optlibinc" -Wstack-usage=64 -mrl78 -g2 -g "../src/infrared.c"
rl78-elf-gcc -MM -MP -MF "src/global.d" -MT"src/global.o" -MT"src/global.d" -x c   -nostdinc -I"C:\PROGRA~2\KPIT\GNURL7~1.02-\rl78-elf/rl78-elf/optlibinc" -Wstack-usage=64 -mrl78 -g2 -g "../src/global.c"
rl78-elf-gcc -MM -MP -MF "src/r_cg_adc.d" -MT"src/r_cg_adc.o" -MT"src/r_cg_adc.d" -x c   -nostdinc -I"C:\PROGRA~2\KPIT\GNURL7~1.02-\rl78-elf/rl78-elf/optlibinc" -Wstack-usage=64 -mrl78 -g2 -g "../src/r_cg_adc.c"
rl78-elf-gcc -MM -MP -MF "src/lcd.d" -MT"src/lcd.o" -MT"src/lcd.d" -x c   -nostdinc -I"C:\PROGRA~2\KPIT\GNURL7~1.02-\rl78-elf/rl78-elf/optlibinc" -Wstack-usage=64 -mrl78 -g2 -g "../src/lcd.c"
../src/lcd.c: In function 'print_lcd':
../src/lcd.c:188:16: warning: incompatible implicit declaration of built-in function 'strlen'
  uint8_t len = strlen(message);
                ^
rl78-elf-gcc -c -x c  -Wa,-adlhn="global.lst" -nostdinc -I"C:\PROGRA~2\KPIT\GNURL7~1.02-\rl78-elf/rl78-elf/optlibinc" -Wstack-usage=64 -mrl78 -g2 -g -o "src/global.o" "../src/global.c"
rl78-elf-gcc -c -x c  -Wa,-adlhn="infrared.lst" -nostdinc -I"C:\PROGRA~2\KPIT\GNURL7~1.02-\rl78-elf/rl78-elf/optlibinc" -Wstack-usage=64 -mrl78 -g2 -g -o "src/infrared.o" "../src/infrared.c"
'Finished scanning and building: ../src/global.c'
'Finished scanning and building: ../src/infrared.c'


'Scanning and building file: ../src/r_cg_adc_user.c'
rl78-elf-gcc -c -x c  -Wa,-adlhn="r_cg_adc.lst" -nostdinc -I"C:\PROGRA~2\KPIT\GNURL7~1.02-\rl78-elf/rl78-elf/optlibinc" -Wstack-usage=64 -mrl78 -g2 -g -o "src/r_cg_adc.o" "../src/r_cg_adc.c"
'Invoking: Scanner and Compiler'
'Scanning and building file: ../src/r_cg_cgc.c'
'Finished scanning and building: ../src/r_cg_adc.c'
'Invoking: Scanner and Compiler'

'Scanning and building file: ../src/r_cg_cgc_user.c'
rl78-elf-gcc -MM -MP -MF "src/r_cg_adc_user.d" -MT"src/r_cg_adc_user.o" -MT"src/r_cg_adc_user.d" -x c   -nostdinc -I"C:\PROGRA~2\KPIT\GNURL7~1.02-\rl78-elf/rl78-elf/optlibinc" -Wstack-usage=64 -mrl78 -g2 -g "../src/r_cg_adc_user.c"
'Invoking: Scanner and Compiler'
rl78-elf-gcc -MM -MP -MF "src/r_cg_cgc.d" -MT"src/r_cg_cgc.o" -MT"src/r_cg_cgc.d" -x c   -nostdinc -I"C:\PROGRA~2\KPIT\GNURL7~1.02-\rl78-elf/rl78-elf/optlibinc" -Wstack-usage=64 -mrl78 -g2 -g "../src/r_cg_cgc.c"
rl78-elf-gcc -c -x c  -Wa,-adlhn="lcd.lst" -nostdinc -I"C:\PROGRA~2\KPIT\GNURL7~1.02-\rl78-elf/rl78-elf/optlibinc" -Wstack-usage=64 -mrl78 -g2 -g -o "src/lcd.o" "../src/lcd.c"
'Finished scanning and building: ../src/lcd.c'

'Scanning and building file: ../src/r_cg_intc.c'
rl78-elf-gcc -MM -MP -MF "src/r_cg_cgc_user.d" -MT"src/r_cg_cgc_user.o" -MT"src/r_cg_cgc_user.d" -x c   -nostdinc -I"C:\PROGRA~2\KPIT\GNURL7~1.02-\rl78-elf/rl78-elf/optlibinc" -Wstack-usage=64 -mrl78 -g2 -g "../src/r_cg_cgc_user.c"
rl78-elf-gcc -c -x c  -Wa,-adlhn="r_cg_adc_user.lst" -nostdinc -I"C:\PROGRA~2\KPIT\GNURL7~1.02-\rl78-elf/rl78-elf/optlibinc" -Wstack-usage=64 -mrl78 -g2 -g -o "src/r_cg_adc_user.o" "../src/r_cg_adc_user.c"
'Invoking: Scanner and Compiler'
'Finished scanning and building: ../src/r_cg_adc_user.c'
rl78-elf-gcc -c -x c  -Wa,-adlhn="r_cg_cgc.lst" -nostdinc -I"C:\PROGRA~2\KPIT\GNURL7~1.02-\rl78-elf/rl78-elf/optlibinc" -Wstack-usage=64 -mrl78 -g2 -g -o "src/r_cg_cgc.o" "../src/r_cg_cgc.c"

'Finished scanning and building: ../src/r_cg_cgc.c'
'Scanning and building file: ../src/r_cg_intc_user.c'
rl78-elf-gcc -MM -MP -MF "src/r_cg_intc.d" -MT"src/r_cg_intc.o" -MT"src/r_cg_intc.d" -x c   -nostdinc -I"C:\PROGRA~2\KPIT\GNURL7~1.02-\rl78-elf/rl78-elf/optlibinc" -Wstack-usage=64 -mrl78 -g2 -g "../src/r_cg_intc.c"

'Invoking: Scanner and Compiler'
rl78-elf-gcc -c -x c  -Wa,-adlhn="r_cg_cgc_user.lst" -nostdinc -I"C:\PROGRA~2\KPIT\GNURL7~1.02-\rl78-elf/rl78-elf/optlibinc" -Wstack-usage=64 -mrl78 -g2 -g -o "src/r_cg_cgc_user.o" "../src/r_cg_cgc_user.c"
'Scanning and building file: ../src/r_cg_pclbuz.c'
'Finished scanning and building: ../src/r_cg_cgc_user.c'
'Invoking: Scanner and Compiler'

'Scanning and building file: ../src/r_cg_pclbuz_user.c'
rl78-elf-gcc -MM -MP -MF "src/r_cg_intc_user.d" -MT"src/r_cg_intc_user.o" -MT"src/r_cg_intc_user.d" -x c   -nostdinc -I"C:\PROGRA~2\KPIT\GNURL7~1.02-\rl78-elf/rl78-elf/optlibinc" -Wstack-usage=64 -mrl78 -g2 -g "../src/r_cg_intc_user.c"
'Invoking: Scanner and Compiler'
rl78-elf-gcc -MM -MP -MF "src/r_cg_pclbuz.d" -MT"src/r_cg_pclbuz.o" -MT"src/r_cg_pclbuz.d" -x c   -nostdinc -I"C:\PROGRA~2\KPIT\GNURL7~1.02-\rl78-elf/rl78-elf/optlibinc" -Wstack-usage=64 -mrl78 -g2 -g "../src/r_cg_pclbuz.c"
../src/r_cg_intc_user.c: In function 'r_intc7_interrupt':
../src/r_cg_intc_user.c:53:2: error: 'dataReady' undeclared (first use in this function)
  dataReady = 0;
  ^
../src/r_cg_intc_user.c:53:2: note: each undeclared identifier is reported only once for each function it appears in
src/subdir.mk:142: recipe for target 'src/r_cg_intc_user.o' failed
make: *** [src/r_cg_intc_user.o] Error 1
make: *** Waiting for unfinished jobs....
rl78-elf-gcc -MM -MP -MF "src/r_cg_pclbuz_user.d" -MT"src/r_cg_pclbuz_user.o" -MT"src/r_cg_pclbuz_user.d" -x c   -nostdinc -I"C:\PROGRA~2\KPIT\GNURL7~1.02-\rl78-elf/rl78-elf/optlibinc" -Wstack-usage=64 -mrl78 -g2 -g "../src/r_cg_pclbuz_user.c"
rl78-elf-gcc -c -x c  -Wa,-adlhn="r_cg_intc.lst" -nostdinc -I"C:\PROGRA~2\KPIT\GNURL7~1.02-\rl78-elf/rl78-elf/optlibinc" -Wstack-usage=64 -mrl78 -g2 -g -o "src/r_cg_intc.o" "../src/r_cg_intc.c"
'Finished scanning and building: ../src/r_cg_intc.c'

rl78-elf-gcc -c -x c  -Wa,-adlhn="r_cg_pclbuz.lst" -nostdinc -I"C:\PROGRA~2\KPIT\GNURL7~1.02-\rl78-elf/rl78-elf/optlibinc" -Wstack-usage=64 -mrl78 -g2 -g -o "src/r_cg_pclbuz.o" "../src/r_cg_pclbuz.c"
'Finished scanning and building: ../src/r_cg_pclbuz.c'
rl78-elf-gcc -c -x c  -Wa,-adlhn="r_cg_pclbuz_user.lst" -nostdinc -I"C:\PROGRA~2\KPIT\GNURL7~1.02-\rl78-elf/rl78-elf/optlibinc" -Wstack-usage=64 -mrl78 -g2 -g -o "src/r_cg_pclbuz_user.o" "../src/r_cg_pclbuz_user.c"

'Finished scanning and building: ../src/r_cg_pclbuz_user.c'

21:20:22 **** Incremental Build of configuration HardwareDebug for project GateController ****
make -j4 all 
'Scanning and building file: ../src/r_cg_intc_user.c'
'Scanning and building file: ../src/r_cg_port.c'
'Scanning and building file: ../src/r_cg_port_user.c'
'Scanning and building file: ../src/r_cg_serial.c'
'Invoking: Scanner and Compiler'
'Invoking: Scanner and Compiler'
'Invoking: Scanner and Compiler'
'Invoking: Scanner and Compiler'
rl78-elf-gcc -MM -MP -MF "src/r_cg_intc_user.d" -MT"src/r_cg_intc_user.o" -MT"src/r_cg_intc_user.d" -x c   -nostdinc -I"C:\PROGRA~2\KPIT\GNURL7~1.02-\rl78-elf/rl78-elf/optlibinc" -Wstack-usage=64 -mrl78 -g2 -g "../src/r_cg_intc_user.c"
rl78-elf-gcc -MM -MP -MF "src/r_cg_port.d" -MT"src/r_cg_port.o" -MT"src/r_cg_port.d" -x c   -nostdinc -I"C:\PROGRA~2\KPIT\GNURL7~1.02-\rl78-elf/rl78-elf/optlibinc" -Wstack-usage=64 -mrl78 -g2 -g "../src/r_cg_port.c"
rl78-elf-gcc -MM -MP -MF "src/r_cg_port_user.d" -MT"src/r_cg_port_user.o" -MT"src/r_cg_port_user.d" -x c   -nostdinc -I"C:\PROGRA~2\KPIT\GNURL7~1.02-\rl78-elf/rl78-elf/optlibinc" -Wstack-usage=64 -mrl78 -g2 -g "../src/r_cg_port_user.c"
rl78-elf-gcc -MM -MP -MF "src/r_cg_serial.d" -MT"src/r_cg_serial.o" -MT"src/r_cg_serial.d" -x c   -nostdinc -I"C:\PROGRA~2\KPIT\GNURL7~1.02-\rl78-elf/rl78-elf/optlibinc" -Wstack-usage=64 -mrl78 -g2 -g "../src/r_cg_serial.c"
../src/r_cg_intc_user.c:35:22: warning: extra tokens at end of #include directive
 #include "infrared.h"Ontwerp314PC2016.exe
                      ^
rl78-elf-gcc -c -x c  -Wa,-adlhn="r_cg_intc_user.lst" -nostdinc -I"C:\PROGRA~2\KPIT\GNURL7~1.02-\rl78-elf/rl78-elf/optlibinc" -Wstack-usage=64 -mrl78 -g2 -g -o "src/r_cg_intc_user.o" "../src/r_cg_intc_user.c"
rl78-elf-gcc -c -x c  -Wa,-adlhn="r_cg_port_user.lst" -nostdinc -I"C:\PROGRA~2\KPIT\GNURL7~1.02-\rl78-elf/rl78-elf/optlibinc" -Wstack-usage=64 -mrl78 -g2 -g -o "src/r_cg_port_user.o" "../src/r_cg_port_user.c"
rl78-elf-gcc -c -x c  -Wa,-adlhn="r_cg_port.lst" -nostdinc -I"C:\PROGRA~2\KPIT\GNURL7~1.02-\rl78-elf/rl78-elf/optlibinc" -Wstack-usage=64 -mrl78 -g2 -g -o "src/r_cg_port.o" "../src/r_cg_port.c"
'Finished scanning and building: ../src/r_cg_intc_user.c'
'Finished scanning and building: ../src/r_cg_port_user.c'
'Finished scanning and building: ../src/r_cg_port.c'



'Scanning and building file: ../src/r_cg_serial_user.c'
'Scanning and building file: ../src/r_cg_timer.c'
'Scanning and building file: ../src/r_cg_timer_user.c'
'Invoking: Scanner and Compiler'
'Invoking: Scanner and Compiler'
'Invoking: Scanner and Compiler'
rl78-elf-gcc -c -x c  -Wa,-adlhn="r_cg_serial.lst" -nostdinc -I"C:\PROGRA~2\KPIT\GNURL7~1.02-\rl78-elf/rl78-elf/optlibinc" -Wstack-usage=64 -mrl78 -g2 -g -o "src/r_cg_serial.o" "../src/r_cg_serial.c"
rl78-elf-gcc -MM -MP -MF "src/r_cg_timer.d" -MT"src/r_cg_timer.o" -MT"src/r_cg_timer.d" -x c   -nostdinc -I"C:\PROGRA~2\KPIT\GNURL7~1.02-\rl78-elf/rl78-elf/optlibinc" -Wstack-usage=64 -mrl78 -g2 -g "../src/r_cg_timer.c"
'Finished scanning and building: ../src/r_cg_serial.c'
rl78-elf-gcc -MM -MP -MF "src/r_cg_serial_user.d" -MT"src/r_cg_serial_user.o" -MT"src/r_cg_serial_user.d" -x c   -nostdinc -I"C:\PROGRA~2\KPIT\GNURL7~1.02-\rl78-elf/rl78-elf/optlibinc" -Wstack-usage=64 -mrl78 -g2 -g "../src/r_cg_serial_user.c"
rl78-elf-gcc -MM -MP -MF "src/r_cg_timer_user.d" -MT"src/r_cg_timer_user.o" -MT"src/r_cg_timer_user.d" -x c   -nostdinc -I"C:\PROGRA~2\KPIT\GNURL7~1.02-\rl78-elf/rl78-elf/optlibinc" -Wstack-usage=64 -mrl78 -g2 -g "../src/r_cg_timer_user.c"

'Scanning and building file: ../src/r_cg_vector_table.c'
'Invoking: Scanner and Compiler'
rl78-elf-gcc -MM -MP -MF "src/r_cg_vector_table.d" -MT"src/r_cg_vector_table.o" -MT"src/r_cg_vector_table.d" -x c   -nostdinc -I"C:\PROGRA~2\KPIT\GNURL7~1.02-\rl78-elf/rl78-elf/optlibinc" -Wstack-usage=64 -mrl78 -g2 -g "../src/r_cg_vector_table.c"
rl78-elf-gcc -c -x c  -Wa,-adlhn="r_cg_timer_user.lst" -nostdinc -I"C:\PROGRA~2\KPIT\GNURL7~1.02-\rl78-elf/rl78-elf/optlibinc" -Wstack-usage=64 -mrl78 -g2 -g -o "src/r_cg_timer_user.o" "../src/r_cg_timer_user.c"
'Finished scanning and building: ../src/r_cg_timer_user.c'
rl78-elf-gcc -c -x c  -Wa,-adlhn="r_cg_serial_user.lst" -nostdinc -I"C:\PROGRA~2\KPIT\GNURL7~1.02-\rl78-elf/rl78-elf/optlibinc" -Wstack-usage=64 -mrl78 -g2 -g -o "src/r_cg_serial_user.o" "../src/r_cg_serial_user.c"

'Finished scanning and building: ../src/r_cg_serial_user.c'
'Scanning and building file: ../src/r_hardware_setup.c'

'Invoking: Scanner and Compiler'
'Scanning and building file: ../src/r_main.c'
rl78-elf-gcc -c -x c  -Wa,-adlhn="r_cg_vector_table.lst" -nostdinc -I"C:\PROGRA~2\KPIT\GNURL7~1.02-\rl78-elf/rl78-elf/optlibinc" -Wstack-usage=64 -mrl78 -g2 -g -o "src/r_cg_vector_table.o" "../src/r_cg_vector_table.c"
'Invoking: Scanner and Compiler'
'Finished scanning and building: ../src/r_cg_vector_table.c'
rl78-elf-gcc -MM -MP -MF "src/r_hardware_setup.d" -MT"src/r_hardware_setup.o" -MT"src/r_hardware_setup.d" -x c   -nostdinc -I"C:\PROGRA~2\KPIT\GNURL7~1.02-\rl78-elf/rl78-elf/optlibinc" -Wstack-usage=64 -mrl78 -g2 -g "../src/r_hardware_setup.c"

rl78-elf-gcc -c -x c  -Wa,-adlhn="r_cg_timer.lst" -nostdinc -I"C:\PROGRA~2\KPIT\GNURL7~1.02-\rl78-elf/rl78-elf/optlibinc" -Wstack-usage=64 -mrl78 -g2 -g -o "src/r_cg_timer.o" "../src/r_cg_timer.c"
rl78-elf-gcc -MM -MP -MF "src/r_main.d" -MT"src/r_main.o" -MT"src/r_main.d" -x c   -nostdinc -I"C:\PROGRA~2\KPIT\GNURL7~1.02-\rl78-elf/rl78-elf/optlibinc" -Wstack-usage=64 -mrl78 -g2 -g "../src/r_main.c"
'Finished scanning and building: ../src/r_cg_timer.c'

../src/r_main.c: In function 'main':
../src/r_main.c:102:31: warning: passing argument 1 of 'print_lcd' makes pointer from integer without a cast
      if (dataReady) print_lcd(ir_rxMessage);
                               ^
In file included from ../src/r_main.c:41:0:
../src/lcd.h:58:6: note: expected 'uint8_t *' but argument is of type 'uint16_t'
 void print_lcd(uint8_t *message);
      ^
rl78-elf-gcc -c -x c  -Wa,-adlhn="r_hardware_setup.lst" -nostdinc -I"C:\PROGRA~2\KPIT\GNURL7~1.02-\rl78-elf/rl78-elf/optlibinc" -Wstack-usage=64 -mrl78 -g2 -g -o "src/r_hardware_setup.o" "../src/r_hardware_setup.c"
'Finished scanning and building: ../src/r_hardware_setup.c'

rl78-elf-gcc -c -x c  -Wa,-adlhn="r_main.lst" -nostdinc -I"C:\PROGRA~2\KPIT\GNURL7~1.02-\rl78-elf/rl78-elf/optlibinc" -Wstack-usage=64 -mrl78 -g2 -g -o "src/r_main.o" "../src/r_main.c"
'Finished scanning and building: ../src/r_main.c'

'Invoking: Linker'
'Building target:'
rl78-elf-ld -o "GateController.x" -T"C:\Users\trist\e2_studio\workspace\GateController\HardwareDebug\GateController_HardwareDebug_auto.gsi" @"C:\Users\trist\e2_studio\workspace\GateController\HardwareDebug\LinkerSubCommand.tmp"    -M=GateController.map -L"C:\PROGRA~2\KPIT\GNURL7~1.02-\rl78-elf/lib/gcc/rl78-elf/4.9-GNURL78_v15.02/g14" -L"C:\PROGRA~2\KPIT\GNURL7~1.02-\rl78-elf/rl78-elf/lib/g14" --start-group -loptm -loptc -lgcc --end-group -e_PowerON_Reset
'Finished building:'

'Invoking: Objcopy'
'Building target:'
rl78-elf-objcopy -O srec   GateController.x "GateController.mot"
'Finished building target:'

'Build complete.'
21:20:36 **** Incremental Build of configuration HardwareDebug for project GateController ****
make -j4 all 
'Scanning and building file: ../src/r_cg_intc_user.c'
'Invoking: Scanner and Compiler'
rl78-elf-gcc -MM -MP -MF "src/r_cg_intc_user.d" -MT"src/r_cg_intc_user.o" -MT"src/r_cg_intc_user.d" -x c   -nostdinc -I"C:\PROGRA~2\KPIT\GNURL7~1.02-\rl78-elf/rl78-elf/optlibinc" -Wstack-usage=64 -mrl78 -g2 -g "../src/r_cg_intc_user.c"
rl78-elf-gcc -c -x c  -Wa,-adlhn="r_cg_intc_user.lst" -nostdinc -I"C:\PROGRA~2\KPIT\GNURL7~1.02-\rl78-elf/rl78-elf/optlibinc" -Wstack-usage=64 -mrl78 -g2 -g -o "src/r_cg_intc_user.o" "../src/r_cg_intc_user.c"
'Finished scanning and building: ../src/r_cg_intc_user.c'

'Invoking: Linker'
'Building target:'
rl78-elf-ld -o "GateController.x" -T"C:\Users\trist\e2_studio\workspace\GateController\HardwareDebug\GateController_HardwareDebug_auto.gsi" @"C:\Users\trist\e2_studio\workspace\GateController\HardwareDebug\LinkerSubCommand.tmp"    -M=GateController.map -L"C:\PROGRA~2\KPIT\GNURL7~1.02-\rl78-elf/lib/gcc/rl78-elf/4.9-GNURL78_v15.02/g14" -L"C:\PROGRA~2\KPIT\GNURL7~1.02-\rl78-elf/rl78-elf/lib/g14" --start-group -loptm -loptc -lgcc --end-group -e_PowerON_Reset
'Finished building:'

'Invoking: Objcopy'
'Building target:'
rl78-elf-objcopy -O srec   GateController.x "GateController.mot"
'Finished building target:'

'Build complete.'
21:35:55 **** Incremental Build of configuration HardwareDebug for project GateController ****
make -j4 all 
'Scanning and building file: ../src/infrared.c'
'Scanning and building file: ../src/r_cg_intc_user.c'
'Scanning and building file: ../src/r_main.c'
'Invoking: Scanner and Compiler'
'Invoking: Scanner and Compiler'
'Invoking: Scanner and Compiler'
rl78-elf-gcc -MM -MP -MF "src/infrared.d" -MT"src/infrared.o" -MT"src/infrared.d" -x c   -nostdinc -I"C:\PROGRA~2\KPIT\GNURL7~1.02-\rl78-elf/rl78-elf/optlibinc" -Wstack-usage=64 -mrl78 -g2 -g "../src/infrared.c"
rl78-elf-gcc -MM -MP -MF "src/r_cg_intc_user.d" -MT"src/r_cg_intc_user.o" -MT"src/r_cg_intc_user.d" -x c   -nostdinc -I"C:\PROGRA~2\KPIT\GNURL7~1.02-\rl78-elf/rl78-elf/optlibinc" -Wstack-usage=64 -mrl78 -g2 -g "../src/r_cg_intc_user.c"
rl78-elf-gcc -MM -MP -MF "src/r_main.d" -MT"src/r_main.o" -MT"src/r_main.d" -x c   -nostdinc -I"C:\PROGRA~2\KPIT\GNURL7~1.02-\rl78-elf/rl78-elf/optlibinc" -Wstack-usage=64 -mrl78 -g2 -g "../src/r_main.c"
../src/infrared.c: In function 'IRcmd':
../src/infrared.c:65:39: error: lvalue required as left operand of assignment
   uint8_t addr = (ir_rxMessage >>= 3) &= 0xFF;
                                       ^
../src/infrared.c:66:39: error: lvalue required as left operand of assignment
   uint8_t tog = (ir_rxMessage >>= 11) &= 0x6;
                                       ^
../src/infrared.c:68:15: error: 'T' undeclared (first use in this function)
   if (addr == T)
               ^
../src/infrared.c:68:15: note: each undeclared identifier is reported only once for each function it appears in
../src/infrared.c:69:2: error: expected expression before '}' token
  }
  ^
src/subdir.mk:82: recipe for target 'src/infrared.o' failed
make: *** [src/infrared.o] Error 1
make: *** Waiting for unfinished jobs....
../src/r_main.c: In function 'main':
../src/r_main.c:102:31: warning: passing argument 1 of 'print_lcd' makes pointer from integer without a cast
      if (dataReady) print_lcd(ir_rxMessage);
                               ^
In file included from ../src/r_main.c:41:0:
../src/lcd.h:58:6: note: expected 'uint8_t *' but argument is of type 'uint16_t'
 void print_lcd(uint8_t *message);
      ^
rl78-elf-gcc -c -x c  -Wa,-adlhn="r_cg_intc_user.lst" -nostdinc -I"C:\PROGRA~2\KPIT\GNURL7~1.02-\rl78-elf/rl78-elf/optlibinc" -Wstack-usage=64 -mrl78 -g2 -g -o "src/r_cg_intc_user.o" "../src/r_cg_intc_user.c"
'Finished scanning and building: ../src/r_cg_intc_user.c'

rl78-elf-gcc -c -x c  -Wa,-adlhn="r_main.lst" -nostdinc -I"C:\PROGRA~2\KPIT\GNURL7~1.02-\rl78-elf/rl78-elf/optlibinc" -Wstack-usage=64 -mrl78 -g2 -g -o "src/r_main.o" "../src/r_main.c"
'Finished scanning and building: ../src/r_main.c'

21:35:57 **** Incremental Build of configuration Release for project RemoteController ****
make -j4 all 
'Build complete.'
21:36:39 **** Incremental Build of configuration HardwareDebug for project GateController ****
make -j4 all 
'Scanning and building file: ../src/infrared.c'
'Invoking: Scanner and Compiler'
rl78-elf-gcc -MM -MP -MF "src/infrared.d" -MT"src/infrared.o" -MT"src/infrared.d" -x c   -nostdinc -I"C:\PROGRA~2\KPIT\GNURL7~1.02-\rl78-elf/rl78-elf/optlibinc" -Wstack-usage=64 -mrl78 -g2 -g "../src/infrared.c"
rl78-elf-gcc -c -x c  -Wa,-adlhn="infrared.lst" -nostdinc -I"C:\PROGRA~2\KPIT\GNURL7~1.02-\rl78-elf/rl78-elf/optlibinc" -Wstack-usage=64 -mrl78 -g2 -g -o "src/infrared.o" "../src/infrared.c"
'Finished scanning and building: ../src/infrared.c'

'Invoking: Linker'
'Building target:'
rl78-elf-ld -o "GateController.x" -T"C:\Users\trist\e2_studio\workspace\GateController\HardwareDebug\GateController_HardwareDebug_auto.gsi" @"C:\Users\trist\e2_studio\workspace\GateController\HardwareDebug\LinkerSubCommand.tmp"    -M=GateController.map -L"C:\PROGRA~2\KPIT\GNURL7~1.02-\rl78-elf/lib/gcc/rl78-elf/4.9-GNURL78_v15.02/g14" -L"C:\PROGRA~2\KPIT\GNURL7~1.02-\rl78-elf/rl78-elf/lib/g14" --start-group -loptm -loptc -lgcc --end-group -e_PowerON_Reset
'Finished building:'

'Invoking: Objcopy'
'Building target:'
rl78-elf-objcopy -O srec   GateController.x "GateController.mot"
'Finished building target:'

'Build complete.'
21:36:41 **** Incremental Build of configuration Release for project RemoteController ****
make -j4 all 
'Build complete.'
21:49:51 **** Incremental Build of configuration HardwareDebug for project GateController ****
make -j4 all 
'Scanning and building file: ../src/infrared.c'
'Invoking: Scanner and Compiler'
rl78-elf-gcc -MM -MP -MF "src/infrared.d" -MT"src/infrared.o" -MT"src/infrared.d" -x c   -nostdinc -I"C:\PROGRA~2\KPIT\GNURL7~1.02-\rl78-elf/rl78-elf/optlibinc" -Wstack-usage=64 -mrl78 -g2 -g "../src/infrared.c"
../src/infrared.c: In function 'IRcmd':
../src/infrared.c:73:10: error: 'mode' undeclared (first use in this function)
      if (mode) echo(0x88);
          ^
../src/infrared.c:73:10: note: each undeclared identifier is reported only once for each function it appears in
src/subdir.mk:82: recipe for target 'src/infrared.o' failed
make: *** [src/infrared.o] Error 1
21:49:52 **** Incremental Build of configuration Release for project RemoteController ****
make -j4 all 
'Build complete.'
21:53:47 **** Incremental Build of configuration HardwareDebug for project GateController ****
make -j4 all 
'Scanning and building file: ../src/infrared.c'
'Scanning and building file: ../src/global.c'
'Scanning and building file: ../src/lcd.c'
'Scanning and building file: ../src/r_cg_adc.c'
'Invoking: Scanner and Compiler'
'Invoking: Scanner and Compiler'
'Invoking: Scanner and Compiler'
'Invoking: Scanner and Compiler'
rl78-elf-gcc -MM -MP -MF "src/global.d" -MT"src/global.o" -MT"src/global.d" -x c   -nostdinc -I"C:\PROGRA~2\KPIT\GNURL7~1.02-\rl78-elf/rl78-elf/optlibinc" -Wstack-usage=64 -mrl78 -g2 -g "../src/global.c"
rl78-elf-gcc -MM -MP -MF "src/infrared.d" -MT"src/infrared.o" -MT"src/infrared.d" -x c   -nostdinc -I"C:\PROGRA~2\KPIT\GNURL7~1.02-\rl78-elf/rl78-elf/optlibinc" -Wstack-usage=64 -mrl78 -g2 -g "../src/infrared.c"
rl78-elf-gcc -MM -MP -MF "src/lcd.d" -MT"src/lcd.o" -MT"src/lcd.d" -x c   -nostdinc -I"C:\PROGRA~2\KPIT\GNURL7~1.02-\rl78-elf/rl78-elf/optlibinc" -Wstack-usage=64 -mrl78 -g2 -g "../src/lcd.c"
rl78-elf-gcc -MM -MP -MF "src/r_cg_adc.d" -MT"src/r_cg_adc.o" -MT"src/r_cg_adc.d" -x c   -nostdinc -I"C:\PROGRA~2\KPIT\GNURL7~1.02-\rl78-elf/rl78-elf/optlibinc" -Wstack-usage=64 -mrl78 -g2 -g "../src/r_cg_adc.c"
../src/lcd.c: In function 'print_lcd':
../src/lcd.c:188:16: warning: incompatible implicit declaration of built-in function 'strlen'
  uint8_t len = strlen(message);
                ^
rl78-elf-gcc -c -x c  -Wa,-adlhn="global.lst" -nostdinc -I"C:\PROGRA~2\KPIT\GNURL7~1.02-\rl78-elf/rl78-elf/optlibinc" -Wstack-usage=64 -mrl78 -g2 -g -o "src/global.o" "../src/global.c"
'Finished scanning and building: ../src/global.c'

rl78-elf-gcc -c -x c  -Wa,-adlhn="infrared.lst" -nostdinc -I"C:\PROGRA~2\KPIT\GNURL7~1.02-\rl78-elf/rl78-elf/optlibinc" -Wstack-usage=64 -mrl78 -g2 -g -o "src/infrared.o" "../src/infrared.c"
'Scanning and building file: ../src/r_cg_adc_user.c'
rl78-elf-gcc -c -x c  -Wa,-adlhn="r_cg_adc.lst" -nostdinc -I"C:\PROGRA~2\KPIT\GNURL7~1.02-\rl78-elf/rl78-elf/optlibinc" -Wstack-usage=64 -mrl78 -g2 -g -o "src/r_cg_adc.o" "../src/r_cg_adc.c"
'Finished scanning and building: ../src/infrared.c'
'Invoking: Scanner and Compiler'
'Finished scanning and building: ../src/r_cg_adc.c'


'Scanning and building file: ../src/r_cg_cgc.c'
rl78-elf-gcc -c -x c  -Wa,-adlhn="lcd.lst" -nostdinc -I"C:\PROGRA~2\KPIT\GNURL7~1.02-\rl78-elf/rl78-elf/optlibinc" -Wstack-usage=64 -mrl78 -g2 -g -o "src/lcd.o" "../src/lcd.c"
'Scanning and building file: ../src/r_cg_cgc_user.c'
'Invoking: Scanner and Compiler'
'Finished scanning and building: ../src/lcd.c'
'Invoking: Scanner and Compiler'
rl78-elf-gcc -MM -MP -MF "src/r_cg_adc_user.d" -MT"src/r_cg_adc_user.o" -MT"src/r_cg_adc_user.d" -x c   -nostdinc -I"C:\PROGRA~2\KPIT\GNURL7~1.02-\rl78-elf/rl78-elf/optlibinc" -Wstack-usage=64 -mrl78 -g2 -g "../src/r_cg_adc_user.c"

'Scanning and building file: ../src/r_cg_intc.c'
rl78-elf-gcc -MM -MP -MF "src/r_cg_cgc.d" -MT"src/r_cg_cgc.o" -MT"src/r_cg_cgc.d" -x c   -nostdinc -I"C:\PROGRA~2\KPIT\GNURL7~1.02-\rl78-elf/rl78-elf/optlibinc" -Wstack-usage=64 -mrl78 -g2 -g "../src/r_cg_cgc.c"
'Invoking: Scanner and Compiler'
rl78-elf-gcc -MM -MP -MF "src/r_cg_cgc_user.d" -MT"src/r_cg_cgc_user.o" -MT"src/r_cg_cgc_user.d" -x c   -nostdinc -I"C:\PROGRA~2\KPIT\GNURL7~1.02-\rl78-elf/rl78-elf/optlibinc" -Wstack-usage=64 -mrl78 -g2 -g "../src/r_cg_cgc_user.c"
rl78-elf-gcc -c -x c  -Wa,-adlhn="r_cg_adc_user.lst" -nostdinc -I"C:\PROGRA~2\KPIT\GNURL7~1.02-\rl78-elf/rl78-elf/optlibinc" -Wstack-usage=64 -mrl78 -g2 -g -o "src/r_cg_adc_user.o" "../src/r_cg_adc_user.c"
rl78-elf-gcc -MM -MP -MF "src/r_cg_intc.d" -MT"src/r_cg_intc.o" -MT"src/r_cg_intc.d" -x c   -nostdinc -I"C:\PROGRA~2\KPIT\GNURL7~1.02-\rl78-elf/rl78-elf/optlibinc" -Wstack-usage=64 -mrl78 -g2 -g "../src/r_cg_intc.c"
'Finished scanning and building: ../src/r_cg_adc_user.c'

rl78-elf-gcc -c -x c  -Wa,-adlhn="r_cg_cgc.lst" -nostdinc -I"C:\PROGRA~2\KPIT\GNURL7~1.02-\rl78-elf/rl78-elf/optlibinc" -Wstack-usage=64 -mrl78 -g2 -g -o "src/r_cg_cgc.o" "../src/r_cg_cgc.c"
rl78-elf-gcc -c -x c  -Wa,-adlhn="r_cg_cgc_user.lst" -nostdinc -I"C:\PROGRA~2\KPIT\GNURL7~1.02-\rl78-elf/rl78-elf/optlibinc" -Wstack-usage=64 -mrl78 -g2 -g -o "src/r_cg_cgc_user.o" "../src/r_cg_cgc_user.c"
'Scanning and building file: ../src/r_cg_intc_user.c'
'Finished scanning and building: ../src/r_cg_cgc.c'
'Finished scanning and building: ../src/r_cg_cgc_user.c'
'Invoking: Scanner and Compiler'


'Scanning and building file: ../src/r_cg_pclbuz.c'
'Scanning and building file: ../src/r_cg_pclbuz_user.c'
'Invoking: Scanner and Compiler'
rl78-elf-gcc -MM -MP -MF "src/r_cg_intc_user.d" -MT"src/r_cg_intc_user.o" -MT"src/r_cg_intc_user.d" -x c   -nostdinc -I"C:\PROGRA~2\KPIT\GNURL7~1.02-\rl78-elf/rl78-elf/optlibinc" -Wstack-usage=64 -mrl78 -g2 -g "../src/r_cg_intc_user.c"
'Invoking: Scanner and Compiler'
rl78-elf-gcc -c -x c  -Wa,-adlhn="r_cg_intc.lst" -nostdinc -I"C:\PROGRA~2\KPIT\GNURL7~1.02-\rl78-elf/rl78-elf/optlibinc" -Wstack-usage=64 -mrl78 -g2 -g -o "src/r_cg_intc.o" "../src/r_cg_intc.c"
rl78-elf-gcc -MM -MP -MF "src/r_cg_pclbuz.d" -MT"src/r_cg_pclbuz.o" -MT"src/r_cg_pclbuz.d" -x c   -nostdinc -I"C:\PROGRA~2\KPIT\GNURL7~1.02-\rl78-elf/rl78-elf/optlibinc" -Wstack-usage=64 -mrl78 -g2 -g "../src/r_cg_pclbuz.c"
'Finished scanning and building: ../src/r_cg_intc.c'
rl78-elf-gcc -MM -MP -MF "src/r_cg_pclbuz_user.d" -MT"src/r_cg_pclbuz_user.o" -MT"src/r_cg_pclbuz_user.d" -x c   -nostdinc -I"C:\PROGRA~2\KPIT\GNURL7~1.02-\rl78-elf/rl78-elf/optlibinc" -Wstack-usage=64 -mrl78 -g2 -g "../src/r_cg_pclbuz_user.c"

'Scanning and building file: ../src/r_cg_port.c'
rl78-elf-gcc -c -x c  -Wa,-adlhn="r_cg_intc_user.lst" -nostdinc -I"C:\PROGRA~2\KPIT\GNURL7~1.02-\rl78-elf/rl78-elf/optlibinc" -Wstack-usage=64 -mrl78 -g2 -g -o "src/r_cg_intc_user.o" "../src/r_cg_intc_user.c"
'Invoking: Scanner and Compiler'
'Finished scanning and building: ../src/r_cg_intc_user.c'

rl78-elf-gcc -c -x c  -Wa,-adlhn="r_cg_pclbuz_user.lst" -nostdinc -I"C:\PROGRA~2\KPIT\GNURL7~1.02-\rl78-elf/rl78-elf/optlibinc" -Wstack-usage=64 -mrl78 -g2 -g -o "src/r_cg_pclbuz_user.o" "../src/r_cg_pclbuz_user.c"
'Scanning and building file: ../src/r_cg_port_user.c'
rl78-elf-gcc -c -x c  -Wa,-adlhn="r_cg_pclbuz.lst" -nostdinc -I"C:\PROGRA~2\KPIT\GNURL7~1.02-\rl78-elf/rl78-elf/optlibinc" -Wstack-usage=64 -mrl78 -g2 -g -o "src/r_cg_pclbuz.o" "../src/r_cg_pclbuz.c"
'Finished scanning and building: ../src/r_cg_pclbuz_user.c'
'Invoking: Scanner and Compiler'
rl78-elf-gcc -MM -MP -MF "src/r_cg_port.d" -MT"src/r_cg_port.o" -MT"src/r_cg_port.d" -x c   -nostdinc -I"C:\PROGRA~2\KPIT\GNURL7~1.02-\rl78-elf/rl78-elf/optlibinc" -Wstack-usage=64 -mrl78 -g2 -g "../src/r_cg_port.c"

'Finished scanning and building: ../src/r_cg_pclbuz.c'

'Scanning and building file: ../src/r_cg_serial.c'
'Scanning and building file: ../src/r_cg_serial_user.c'
'Invoking: Scanner and Compiler'
rl78-elf-gcc -MM -MP -MF "src/r_cg_port_user.d" -MT"src/r_cg_port_user.o" -MT"src/r_cg_port_user.d" -x c   -nostdinc -I"C:\PROGRA~2\KPIT\GNURL7~1.02-\rl78-elf/rl78-elf/optlibinc" -Wstack-usage=64 -mrl78 -g2 -g "../src/r_cg_port_user.c"
'Invoking: Scanner and Compiler'
rl78-elf-gcc -MM -MP -MF "src/r_cg_serial.d" -MT"src/r_cg_serial.o" -MT"src/r_cg_serial.d" -x c   -nostdinc -I"C:\PROGRA~2\KPIT\GNURL7~1.02-\rl78-elf/rl78-elf/optlibinc" -Wstack-usage=64 -mrl78 -g2 -g "../src/r_cg_serial.c"
rl78-elf-gcc -c -x c  -Wa,-adlhn="r_cg_port.lst" -nostdinc -I"C:\PROGRA~2\KPIT\GNURL7~1.02-\rl78-elf/rl78-elf/optlibinc" -Wstack-usage=64 -mrl78 -g2 -g -o "src/r_cg_port.o" "../src/r_cg_port.c"
rl78-elf-gcc -MM -MP -MF "src/r_cg_serial_user.d" -MT"src/r_cg_serial_user.o" -MT"src/r_cg_serial_user.d" -x c   -nostdinc -I"C:\PROGRA~2\KPIT\GNURL7~1.02-\rl78-elf/rl78-elf/optlibinc" -Wstack-usage=64 -mrl78 -g2 -g "../src/r_cg_serial_user.c"
'Finished scanning and building: ../src/r_cg_port.c'
rl78-elf-gcc -c -x c  -Wa,-adlhn="r_cg_port_user.lst" -nostdinc -I"C:\PROGRA~2\KPIT\GNURL7~1.02-\rl78-elf/rl78-elf/optlibinc" -Wstack-usage=64 -mrl78 -g2 -g -o "src/r_cg_port_user.o" "../src/r_cg_port_user.c"

'Finished scanning and building: ../src/r_cg_port_user.c'
'Scanning and building file: ../src/r_cg_timer.c'

'Invoking: Scanner and Compiler'
'Scanning and building file: ../src/r_cg_timer_user.c'
'Invoking: Scanner and Compiler'
rl78-elf-gcc -c -x c  -Wa,-adlhn="r_cg_serial_user.lst" -nostdinc -I"C:\PROGRA~2\KPIT\GNURL7~1.02-\rl78-elf/rl78-elf/optlibinc" -Wstack-usage=64 -mrl78 -g2 -g -o "src/r_cg_serial_user.o" "../src/r_cg_serial_user.c"
rl78-elf-gcc -MM -MP -MF "src/r_cg_timer.d" -MT"src/r_cg_timer.o" -MT"src/r_cg_timer.d" -x c   -nostdinc -I"C:\PROGRA~2\KPIT\GNURL7~1.02-\rl78-elf/rl78-elf/optlibinc" -Wstack-usage=64 -mrl78 -g2 -g "../src/r_cg_timer.c"
'Finished scanning and building: ../src/r_cg_serial_user.c'
rl78-elf-gcc -MM -MP -MF "src/r_cg_timer_user.d" -MT"src/r_cg_timer_user.o" -MT"src/r_cg_timer_user.d" -x c   -nostdinc -I"C:\PROGRA~2\KPIT\GNURL7~1.02-\rl78-elf/rl78-elf/optlibinc" -Wstack-usage=64 -mrl78 -g2 -g "../src/r_cg_timer_user.c"

rl78-elf-gcc -c -x c  -Wa,-adlhn="r_cg_serial.lst" -nostdinc -I"C:\PROGRA~2\KPIT\GNURL7~1.02-\rl78-elf/rl78-elf/optlibinc" -Wstack-usage=64 -mrl78 -g2 -g -o "src/r_cg_serial.o" "../src/r_cg_serial.c"
'Scanning and building file: ../src/r_cg_vector_table.c'
'Finished scanning and building: ../src/r_cg_serial.c'
'Invoking: Scanner and Compiler'

'Scanning and building file: ../src/r_hardware_setup.c'
'Invoking: Scanner and Compiler'
rl78-elf-gcc -MM -MP -MF "src/r_cg_vector_table.d" -MT"src/r_cg_vector_table.o" -MT"src/r_cg_vector_table.d" -x c   -nostdinc -I"C:\PROGRA~2\KPIT\GNURL7~1.02-\rl78-elf/rl78-elf/optlibinc" -Wstack-usage=64 -mrl78 -g2 -g "../src/r_cg_vector_table.c"
rl78-elf-gcc -c -x c  -Wa,-adlhn="r_cg_timer_user.lst" -nostdinc -I"C:\PROGRA~2\KPIT\GNURL7~1.02-\rl78-elf/rl78-elf/optlibinc" -Wstack-usage=64 -mrl78 -g2 -g -o "src/r_cg_timer_user.o" "../src/r_cg_timer_user.c"
'Finished scanning and building: ../src/r_cg_timer_user.c'

rl78-elf-gcc -MM -MP -MF "src/r_hardware_setup.d" -MT"src/r_hardware_setup.o" -MT"src/r_hardware_setup.d" -x c   -nostdinc -I"C:\PROGRA~2\KPIT\GNURL7~1.02-\rl78-elf/rl78-elf/optlibinc" -Wstack-usage=64 -mrl78 -g2 -g "../src/r_hardware_setup.c"
'Scanning and building file: ../src/r_main.c'
'Invoking: Scanner and Compiler'
rl78-elf-gcc -c -x c  -Wa,-adlhn="r_cg_vector_table.lst" -nostdinc -I"C:\PROGRA~2\KPIT\GNURL7~1.02-\rl78-elf/rl78-elf/optlibinc" -Wstack-usage=64 -mrl78 -g2 -g -o "src/r_cg_vector_table.o" "../src/r_cg_vector_table.c"
'Finished scanning and building: ../src/r_cg_vector_table.c'

rl78-elf-gcc -MM -MP -MF "src/r_main.d" -MT"src/r_main.o" -MT"src/r_main.d" -x c   -nostdinc -I"C:\PROGRA~2\KPIT\GNURL7~1.02-\rl78-elf/rl78-elf/optlibinc" -Wstack-usage=64 -mrl78 -g2 -g "../src/r_main.c"
rl78-elf-gcc -c -x c  -Wa,-adlhn="r_hardware_setup.lst" -nostdinc -I"C:\PROGRA~2\KPIT\GNURL7~1.02-\rl78-elf/rl78-elf/optlibinc" -Wstack-usage=64 -mrl78 -g2 -g -o "src/r_hardware_setup.o" "../src/r_hardware_setup.c"
rl78-elf-gcc -c -x c  -Wa,-adlhn="r_cg_timer.lst" -nostdinc -I"C:\PROGRA~2\KPIT\GNURL7~1.02-\rl78-elf/rl78-elf/optlibinc" -Wstack-usage=64 -mrl78 -g2 -g -o "src/r_cg_timer.o" "../src/r_cg_timer.c"
'Finished scanning and building: ../src/r_hardware_setup.c'
'Finished scanning and building: ../src/r_cg_timer.c'
../src/r_main.c: In function 'main':
../src/r_main.c:102:31: warning: passing argument 1 of 'print_lcd' makes pointer from integer without a cast
      if (dataReady) print_lcd(ir_rxMessage);
                               ^
In file included from ../src/r_main.c:41:0:
../src/lcd.h:58:6: note: expected 'uint8_t *' but argument is of type 'uint16_t'
 void print_lcd(uint8_t *message);
      ^


rl78-elf-gcc -c -x c  -Wa,-adlhn="r_main.lst" -nostdinc -I"C:\PROGRA~2\KPIT\GNURL7~1.02-\rl78-elf/rl78-elf/optlibinc" -Wstack-usage=64 -mrl78 -g2 -g -o "src/r_main.o" "../src/r_main.c"
'Finished scanning and building: ../src/r_main.c'

'Invoking: Linker'
'Building target:'
rl78-elf-ld -o "GateController.x" -T"C:\Users\trist\e2_studio\workspace\GateController\HardwareDebug\GateController_HardwareDebug_auto.gsi" @"C:\Users\trist\e2_studio\workspace\GateController\HardwareDebug\LinkerSubCommand.tmp"    -M=GateController.map -L"C:\PROGRA~2\KPIT\GNURL7~1.02-\rl78-elf/lib/gcc/rl78-elf/4.9-GNURL78_v15.02/g14" -L"C:\PROGRA~2\KPIT\GNURL7~1.02-\rl78-elf/rl78-elf/lib/g14" --start-group -loptm -loptc -lgcc --end-group -e_PowerON_Reset
'Finished building:'

'Invoking: Objcopy'
'Building target:'
rl78-elf-objcopy -O srec   GateController.x "GateController.mot"
'Finished building target:'

'Build complete.'
21:53:52 **** Incremental Build of configuration Release for project RemoteController ****
make -j4 all 
'Build complete.'
21:59:38 **** Incremental Build of configuration HardwareDebug for project GateController ****
make -j4 all 
'Scanning and building file: ../src/global.c'
'Scanning and building file: ../src/r_cg_adc.c'
'Scanning and building file: ../src/lcd.c'
'Scanning and building file: ../src/infrared.c'
'Invoking: Scanner and Compiler'
'Invoking: Scanner and Compiler'
'Invoking: Scanner and Compiler'
'Invoking: Scanner and Compiler'
rl78-elf-gcc -MM -MP -MF "src/infrared.d" -MT"src/infrared.o" -MT"src/infrared.d" -x c   -nostdinc -I"C:\PROGRA~2\KPIT\GNURL7~1.02-\rl78-elf/rl78-elf/optlibinc" -Wstack-usage=64 -mrl78 -g2 -g "../src/infrared.c"
rl78-elf-gcc -MM -MP -MF "src/global.d" -MT"src/global.o" -MT"src/global.d" -x c   -nostdinc -I"C:\PROGRA~2\KPIT\GNURL7~1.02-\rl78-elf/rl78-elf/optlibinc" -Wstack-usage=64 -mrl78 -g2 -g "../src/global.c"
rl78-elf-gcc -MM -MP -MF "src/r_cg_adc.d" -MT"src/r_cg_adc.o" -MT"src/r_cg_adc.d" -x c   -nostdinc -I"C:\PROGRA~2\KPIT\GNURL7~1.02-\rl78-elf/rl78-elf/optlibinc" -Wstack-usage=64 -mrl78 -g2 -g "../src/r_cg_adc.c"
rl78-elf-gcc -MM -MP -MF "src/lcd.d" -MT"src/lcd.o" -MT"src/lcd.d" -x c   -nostdinc -I"C:\PROGRA~2\KPIT\GNURL7~1.02-\rl78-elf/rl78-elf/optlibinc" -Wstack-usage=64 -mrl78 -g2 -g "../src/lcd.c"
../src/infrared.c: In function 'IRcmd':
../src/infrared.c:77:6: error: 'gate_status' undeclared (first use in this function)
      gate_status = GS_UNKNOWN;
      ^
../src/infrared.c:77:6: note: each undeclared identifier is reported only once for each function it appears in
../src/infrared.c:78:6: error: too few arguments to function 'print_lcd'
      print_lcd();
      ^
In file included from ../src/r_cg_userdefine.h:59:0,
                 from ../src/infrared.h:14,
                 from ../src/infrared.c:8:
../src/lcd.h:58:6: note: declared here
 void print_lcd(uint8_t *message);
      ^
src/subdir.mk:82: recipe for target 'src/infrared.o' failed
make: *** [src/infrared.o] Error 1
make: *** Waiting for unfinished jobs....
../src/lcd.c: In function 'print_lcd':
../src/lcd.c:188:16: warning: incompatible implicit declaration of built-in function 'strlen'
  uint8_t len = strlen(message);
                ^
rl78-elf-gcc -c -x c  -Wa,-adlhn="global.lst" -nostdinc -I"C:\PROGRA~2\KPIT\GNURL7~1.02-\rl78-elf/rl78-elf/optlibinc" -Wstack-usage=64 -mrl78 -g2 -g -o "src/global.o" "../src/global.c"
'Finished scanning and building: ../src/global.c'

rl78-elf-gcc -c -x c  -Wa,-adlhn="r_cg_adc.lst" -nostdinc -I"C:\PROGRA~2\KPIT\GNURL7~1.02-\rl78-elf/rl78-elf/optlibinc" -Wstack-usage=64 -mrl78 -g2 -g -o "src/r_cg_adc.o" "../src/r_cg_adc.c"
'Finished scanning and building: ../src/r_cg_adc.c'

rl78-elf-gcc -c -x c  -Wa,-adlhn="lcd.lst" -nostdinc -I"C:\PROGRA~2\KPIT\GNURL7~1.02-\rl78-elf/rl78-elf/optlibinc" -Wstack-usage=64 -mrl78 -g2 -g -o "src/lcd.o" "../src/lcd.c"
'Finished scanning and building: ../src/lcd.c'

21:59:40 **** Incremental Build of configuration Release for project RemoteController ****
make -j4 all 
'Build complete.'
22:03:02 **** Incremental Build of configuration HardwareDebug for project GateController ****
make -j4 all 
'Scanning and building file: ../src/lcd.c'
'Scanning and building file: ../src/global.c'
'Scanning and building file: ../src/infrared.c'
'Scanning and building file: ../src/r_cg_adc.c'
'Invoking: Scanner and Compiler'
'Invoking: Scanner and Compiler'
'Invoking: Scanner and Compiler'
'Invoking: Scanner and Compiler'
rl78-elf-gcc -MM -MP -MF "src/global.d" -MT"src/global.o" -MT"src/global.d" -x c   -nostdinc -I"C:\PROGRA~2\KPIT\GNURL7~1.02-\rl78-elf/rl78-elf/optlibinc" -Wstack-usage=64 -mrl78 -g2 -g "../src/global.c"
rl78-elf-gcc -MM -MP -MF "src/lcd.d" -MT"src/lcd.o" -MT"src/lcd.d" -x c   -nostdinc -I"C:\PROGRA~2\KPIT\GNURL7~1.02-\rl78-elf/rl78-elf/optlibinc" -Wstack-usage=64 -mrl78 -g2 -g "../src/lcd.c"
rl78-elf-gcc -MM -MP -MF "src/infrared.d" -MT"src/infrared.o" -MT"src/infrared.d" -x c   -nostdinc -I"C:\PROGRA~2\KPIT\GNURL7~1.02-\rl78-elf/rl78-elf/optlibinc" -Wstack-usage=64 -mrl78 -g2 -g "../src/infrared.c"
rl78-elf-gcc -MM -MP -MF "src/r_cg_adc.d" -MT"src/r_cg_adc.o" -MT"src/r_cg_adc.d" -x c   -nostdinc -I"C:\PROGRA~2\KPIT\GNURL7~1.02-\rl78-elf/rl78-elf/optlibinc" -Wstack-usage=64 -mrl78 -g2 -g "../src/r_cg_adc.c"
../src/lcd.c: In function 'print_lcd':
../src/lcd.c:188:16: warning: incompatible implicit declaration of built-in function 'strlen'
  uint8_t len = strlen(message);
                ^
../src/infrared.c: In function 'IRcmd':
../src/infrared.c:78:6: error: 'gate_status' undeclared (first use in this function)
      gate_status = GS_UNKNOWN;
      ^
../src/infrared.c:78:6: note: each undeclared identifier is reported only once for each function it appears in
../src/infrared.c:80:34: warning: passing argument 2 of 'word_to_ascii' discards 'volatile' qualifier from pointer target type
      word_to_ascii(ir_rxMessage, ascii_word);
                                  ^
In file included from ../src/r_cg_userdefine.h:60:0,
                 from ../src/infrared.h:14,
                 from ../src/infrared.c:8:
../src/lcd.h:59:6: note: expected 'uint8_t *' but argument is of type 'volatile uint8_t *'
 void word_to_ascii(uint16_t word, uint8_t *lcd_word);
      ^
../src/infrared.c:81:16: warning: passing argument 1 of 'print_lcd' discards 'volatile' qualifier from pointer target type
      print_lcd(ascii_word);
                ^
In file included from ../src/r_cg_userdefine.h:60:0,
                 from ../src/infrared.h:14,
                 from ../src/infrared.c:8:
../src/lcd.h:58:6: note: expected 'uint8_t *' but argument is of type 'volatile uint8_t *'
 void print_lcd(uint8_t *message);
      ^
src/subdir.mk:82: recipe for target 'src/infrared.o' failed
make: *** [src/infrared.o] Error 1
make: *** Waiting for unfinished jobs....
rl78-elf-gcc -c -x c  -Wa,-adlhn="global.lst" -nostdinc -I"C:\PROGRA~2\KPIT\GNURL7~1.02-\rl78-elf/rl78-elf/optlibinc" -Wstack-usage=64 -mrl78 -g2 -g -o "src/global.o" "../src/global.c"
'Finished scanning and building: ../src/global.c'
rl78-elf-gcc -c -x c  -Wa,-adlhn="r_cg_adc.lst" -nostdinc -I"C:\PROGRA~2\KPIT\GNURL7~1.02-\rl78-elf/rl78-elf/optlibinc" -Wstack-usage=64 -mrl78 -g2 -g -o "src/r_cg_adc.o" "../src/r_cg_adc.c"

'Finished scanning and building: ../src/r_cg_adc.c'

rl78-elf-gcc -c -x c  -Wa,-adlhn="lcd.lst" -nostdinc -I"C:\PROGRA~2\KPIT\GNURL7~1.02-\rl78-elf/rl78-elf/optlibinc" -Wstack-usage=64 -mrl78 -g2 -g -o "src/lcd.o" "../src/lcd.c"
'Finished scanning and building: ../src/lcd.c'

22:03:05 **** Incremental Build of configuration Release for project RemoteController ****
make -j4 all 
'Build complete.'
22:03:18 **** Incremental Build of configuration HardwareDebug for project GateController ****
make -j4 all 
'Scanning and building file: ../src/global.c'
'Scanning and building file: ../src/lcd.c'
'Scanning and building file: ../src/infrared.c'
'Scanning and building file: ../src/r_cg_adc.c'
'Invoking: Scanner and Compiler'
'Invoking: Scanner and Compiler'
'Invoking: Scanner and Compiler'
'Invoking: Scanner and Compiler'
rl78-elf-gcc -MM -MP -MF "src/global.d" -MT"src/global.o" -MT"src/global.d" -x c   -nostdinc -I"C:\PROGRA~2\KPIT\GNURL7~1.02-\rl78-elf/rl78-elf/optlibinc" -Wstack-usage=64 -mrl78 -g2 -g "../src/global.c"
rl78-elf-gcc -MM -MP -MF "src/infrared.d" -MT"src/infrared.o" -MT"src/infrared.d" -x c   -nostdinc -I"C:\PROGRA~2\KPIT\GNURL7~1.02-\rl78-elf/rl78-elf/optlibinc" -Wstack-usage=64 -mrl78 -g2 -g "../src/infrared.c"
rl78-elf-gcc -MM -MP -MF "src/lcd.d" -MT"src/lcd.o" -MT"src/lcd.d" -x c   -nostdinc -I"C:\PROGRA~2\KPIT\GNURL7~1.02-\rl78-elf/rl78-elf/optlibinc" -Wstack-usage=64 -mrl78 -g2 -g "../src/lcd.c"
rl78-elf-gcc -MM -MP -MF "src/r_cg_adc.d" -MT"src/r_cg_adc.o" -MT"src/r_cg_adc.d" -x c   -nostdinc -I"C:\PROGRA~2\KPIT\GNURL7~1.02-\rl78-elf/rl78-elf/optlibinc" -Wstack-usage=64 -mrl78 -g2 -g "../src/r_cg_adc.c"
../src/infrared.c: In function 'IRcmd':
../src/lcd.c: In function 'print_lcd':
../src/lcd.c:188:16: warning: incompatible implicit declaration of built-in function 'strlen'
  uint8_t len = strlen(message);
                ^
../src/infrared.c:80:34: warning: passing argument 2 of 'word_to_ascii' discards 'volatile' qualifier from pointer target type
      word_to_ascii(ir_rxMessage, ascii_word);
                                  ^
In file included from ../src/r_cg_userdefine.h:60:0,
                 from ../src/infrared.h:14,
                 from ../src/infrared.c:8:
../src/lcd.h:59:6: note: expected 'uint8_t *' but argument is of type 'volatile uint8_t *'
 void word_to_ascii(uint16_t word, uint8_t *lcd_word);
      ^
../src/infrared.c:81:16: warning: passing argument 1 of 'print_lcd' discards 'volatile' qualifier from pointer target type
      print_lcd(ascii_word);
                ^
In file included from ../src/r_cg_userdefine.h:60:0,
                 from ../src/infrared.h:14,
                 from ../src/infrared.c:8:
../src/lcd.h:58:6: note: expected 'uint8_t *' but argument is of type 'volatile uint8_t *'
 void print_lcd(uint8_t *message);
      ^
rl78-elf-gcc -c -x c  -Wa,-adlhn="global.lst" -nostdinc -I"C:\PROGRA~2\KPIT\GNURL7~1.02-\rl78-elf/rl78-elf/optlibinc" -Wstack-usage=64 -mrl78 -g2 -g -o "src/global.o" "../src/global.c"
'Finished scanning and building: ../src/global.c'
rl78-elf-gcc -c -x c  -Wa,-adlhn="infrared.lst" -nostdinc -I"C:\PROGRA~2\KPIT\GNURL7~1.02-\rl78-elf/rl78-elf/optlibinc" -Wstack-usage=64 -mrl78 -g2 -g -o "src/infrared.o" "../src/infrared.c"

rl78-elf-gcc -c -x c  -Wa,-adlhn="r_cg_adc.lst" -nostdinc -I"C:\PROGRA~2\KPIT\GNURL7~1.02-\rl78-elf/rl78-elf/optlibinc" -Wstack-usage=64 -mrl78 -g2 -g -o "src/r_cg_adc.o" "../src/r_cg_adc.c"
'Finished scanning and building: ../src/infrared.c'
'Scanning and building file: ../src/r_cg_adc_user.c'
'Finished scanning and building: ../src/r_cg_adc.c'

'Invoking: Scanner and Compiler'

'Scanning and building file: ../src/r_cg_cgc.c'
'Invoking: Scanner and Compiler'
'Scanning and building file: ../src/r_cg_cgc_user.c'
rl78-elf-gcc -c -x c  -Wa,-adlhn="lcd.lst" -nostdinc -I"C:\PROGRA~2\KPIT\GNURL7~1.02-\rl78-elf/rl78-elf/optlibinc" -Wstack-usage=64 -mrl78 -g2 -g -o "src/lcd.o" "../src/lcd.c"
'Invoking: Scanner and Compiler'
'Finished scanning and building: ../src/lcd.c'
rl78-elf-gcc -MM -MP -MF "src/r_cg_adc_user.d" -MT"src/r_cg_adc_user.o" -MT"src/r_cg_adc_user.d" -x c   -nostdinc -I"C:\PROGRA~2\KPIT\GNURL7~1.02-\rl78-elf/rl78-elf/optlibinc" -Wstack-usage=64 -mrl78 -g2 -g "../src/r_cg_adc_user.c"

rl78-elf-gcc -MM -MP -MF "src/r_cg_cgc.d" -MT"src/r_cg_cgc.o" -MT"src/r_cg_cgc.d" -x c   -nostdinc -I"C:\PROGRA~2\KPIT\GNURL7~1.02-\rl78-elf/rl78-elf/optlibinc" -Wstack-usage=64 -mrl78 -g2 -g "../src/r_cg_cgc.c"
'Scanning and building file: ../src/r_cg_intc.c'
'Invoking: Scanner and Compiler'
rl78-elf-gcc -MM -MP -MF "src/r_cg_cgc_user.d" -MT"src/r_cg_cgc_user.o" -MT"src/r_cg_cgc_user.d" -x c   -nostdinc -I"C:\PROGRA~2\KPIT\GNURL7~1.02-\rl78-elf/rl78-elf/optlibinc" -Wstack-usage=64 -mrl78 -g2 -g "../src/r_cg_cgc_user.c"
rl78-elf-gcc -c -x c  -Wa,-adlhn="r_cg_adc_user.lst" -nostdinc -I"C:\PROGRA~2\KPIT\GNURL7~1.02-\rl78-elf/rl78-elf/optlibinc" -Wstack-usage=64 -mrl78 -g2 -g -o "src/r_cg_adc_user.o" "../src/r_cg_adc_user.c"
rl78-elf-gcc -MM -MP -MF "src/r_cg_intc.d" -MT"src/r_cg_intc.o" -MT"src/r_cg_intc.d" -x c   -nostdinc -I"C:\PROGRA~2\KPIT\GNURL7~1.02-\rl78-elf/rl78-elf/optlibinc" -Wstack-usage=64 -mrl78 -g2 -g "../src/r_cg_intc.c"
'Finished scanning and building: ../src/r_cg_adc_user.c'

rl78-elf-gcc -c -x c  -Wa,-adlhn="r_cg_cgc.lst" -nostdinc -I"C:\PROGRA~2\KPIT\GNURL7~1.02-\rl78-elf/rl78-elf/optlibinc" -Wstack-usage=64 -mrl78 -g2 -g -o "src/r_cg_cgc.o" "../src/r_cg_cgc.c"
rl78-elf-gcc -c -x c  -Wa,-adlhn="r_cg_cgc_user.lst" -nostdinc -I"C:\PROGRA~2\KPIT\GNURL7~1.02-\rl78-elf/rl78-elf/optlibinc" -Wstack-usage=64 -mrl78 -g2 -g -o "src/r_cg_cgc_user.o" "../src/r_cg_cgc_user.c"
'Scanning and building file: ../src/r_cg_intc_user.c'
'Finished scanning and building: ../src/r_cg_cgc.c'
'Finished scanning and building: ../src/r_cg_cgc_user.c'
'Invoking: Scanner and Compiler'


'Scanning and building file: ../src/r_cg_pclbuz.c'
'Scanning and building file: ../src/r_cg_pclbuz_user.c'
'Invoking: Scanner and Compiler'
'Invoking: Scanner and Compiler'
rl78-elf-gcc -MM -MP -MF "src/r_cg_intc_user.d" -MT"src/r_cg_intc_user.o" -MT"src/r_cg_intc_user.d" -x c   -nostdinc -I"C:\PROGRA~2\KPIT\GNURL7~1.02-\rl78-elf/rl78-elf/optlibinc" -Wstack-usage=64 -mrl78 -g2 -g "../src/r_cg_intc_user.c"
rl78-elf-gcc -c -x c  -Wa,-adlhn="r_cg_intc.lst" -nostdinc -I"C:\PROGRA~2\KPIT\GNURL7~1.02-\rl78-elf/rl78-elf/optlibinc" -Wstack-usage=64 -mrl78 -g2 -g -o "src/r_cg_intc.o" "../src/r_cg_intc.c"
rl78-elf-gcc -MM -MP -MF "src/r_cg_pclbuz.d" -MT"src/r_cg_pclbuz.o" -MT"src/r_cg_pclbuz.d" -x c   -nostdinc -I"C:\PROGRA~2\KPIT\GNURL7~1.02-\rl78-elf/rl78-elf/optlibinc" -Wstack-usage=64 -mrl78 -g2 -g "../src/r_cg_pclbuz.c"
'Finished scanning and building: ../src/r_cg_intc.c'
rl78-elf-gcc -MM -MP -MF "src/r_cg_pclbuz_user.d" -MT"src/r_cg_pclbuz_user.o" -MT"src/r_cg_pclbuz_user.d" -x c   -nostdinc -I"C:\PROGRA~2\KPIT\GNURL7~1.02-\rl78-elf/rl78-elf/optlibinc" -Wstack-usage=64 -mrl78 -g2 -g "../src/r_cg_pclbuz_user.c"

'Scanning and building file: ../src/r_cg_port.c'
'Invoking: Scanner and Compiler'
rl78-elf-gcc -c -x c  -Wa,-adlhn="r_cg_intc_user.lst" -nostdinc -I"C:\PROGRA~2\KPIT\GNURL7~1.02-\rl78-elf/rl78-elf/optlibinc" -Wstack-usage=64 -mrl78 -g2 -g -o "src/r_cg_intc_user.o" "../src/r_cg_intc_user.c"
'Finished scanning and building: ../src/r_cg_intc_user.c'
rl78-elf-gcc -c -x c  -Wa,-adlhn="r_cg_pclbuz_user.lst" -nostdinc -I"C:\PROGRA~2\KPIT\GNURL7~1.02-\rl78-elf/rl78-elf/optlibinc" -Wstack-usage=64 -mrl78 -g2 -g -o "src/r_cg_pclbuz_user.o" "../src/r_cg_pclbuz_user.c"
rl78-elf-gcc -c -x c  -Wa,-adlhn="r_cg_pclbuz.lst" -nostdinc -I"C:\PROGRA~2\KPIT\GNURL7~1.02-\rl78-elf/rl78-elf/optlibinc" -Wstack-usage=64 -mrl78 -g2 -g -o "src/r_cg_pclbuz.o" "../src/r_cg_pclbuz.c"

'Finished scanning and building: ../src/r_cg_pclbuz_user.c'
rl78-elf-gcc -MM -MP -MF "src/r_cg_port.d" -MT"src/r_cg_port.o" -MT"src/r_cg_port.d" -x c   -nostdinc -I"C:\PROGRA~2\KPIT\GNURL7~1.02-\rl78-elf/rl78-elf/optlibinc" -Wstack-usage=64 -mrl78 -g2 -g "../src/r_cg_port.c"
'Finished scanning and building: ../src/r_cg_pclbuz.c'
'Scanning and building file: ../src/r_cg_port_user.c'

'Invoking: Scanner and Compiler'

'Scanning and building file: ../src/r_cg_serial.c'
'Invoking: Scanner and Compiler'
'Scanning and building file: ../src/r_cg_serial_user.c'
'Invoking: Scanner and Compiler'
rl78-elf-gcc -MM -MP -MF "src/r_cg_port_user.d" -MT"src/r_cg_port_user.o" -MT"src/r_cg_port_user.d" -x c   -nostdinc -I"C:\PROGRA~2\KPIT\GNURL7~1.02-\rl78-elf/rl78-elf/optlibinc" -Wstack-usage=64 -mrl78 -g2 -g "../src/r_cg_port_user.c"
rl78-elf-gcc -c -x c  -Wa,-adlhn="r_cg_port.lst" -nostdinc -I"C:\PROGRA~2\KPIT\GNURL7~1.02-\rl78-elf/rl78-elf/optlibinc" -Wstack-usage=64 -mrl78 -g2 -g -o "src/r_cg_port.o" "../src/r_cg_port.c"
rl78-elf-gcc -MM -MP -MF "src/r_cg_serial.d" -MT"src/r_cg_serial.o" -MT"src/r_cg_serial.d" -x c   -nostdinc -I"C:\PROGRA~2\KPIT\GNURL7~1.02-\rl78-elf/rl78-elf/optlibinc" -Wstack-usage=64 -mrl78 -g2 -g "../src/r_cg_serial.c"
'Finished scanning and building: ../src/r_cg_port.c'
rl78-elf-gcc -MM -MP -MF "src/r_cg_serial_user.d" -MT"src/r_cg_serial_user.o" -MT"src/r_cg_serial_user.d" -x c   -nostdinc -I"C:\PROGRA~2\KPIT\GNURL7~1.02-\rl78-elf/rl78-elf/optlibinc" -Wstack-usage=64 -mrl78 -g2 -g "../src/r_cg_serial_user.c"

'Scanning and building file: ../src/r_cg_timer.c'
'Invoking: Scanner and Compiler'
rl78-elf-gcc -c -x c  -Wa,-adlhn="r_cg_port_user.lst" -nostdinc -I"C:\PROGRA~2\KPIT\GNURL7~1.02-\rl78-elf/rl78-elf/optlibinc" -Wstack-usage=64 -mrl78 -g2 -g -o "src/r_cg_port_user.o" "../src/r_cg_port_user.c"
'Finished scanning and building: ../src/r_cg_port_user.c'

rl78-elf-gcc -MM -MP -MF "src/r_cg_timer.d" -MT"src/r_cg_timer.o" -MT"src/r_cg_timer.d" -x c   -nostdinc -I"C:\PROGRA~2\KPIT\GNURL7~1.02-\rl78-elf/rl78-elf/optlibinc" -Wstack-usage=64 -mrl78 -g2 -g "../src/r_cg_timer.c"
'Scanning and building file: ../src/r_cg_timer_user.c'
'Invoking: Scanner and Compiler'
rl78-elf-gcc -c -x c  -Wa,-adlhn="r_cg_serial_user.lst" -nostdinc -I"C:\PROGRA~2\KPIT\GNURL7~1.02-\rl78-elf/rl78-elf/optlibinc" -Wstack-usage=64 -mrl78 -g2 -g -o "src/r_cg_serial_user.o" "../src/r_cg_serial_user.c"
'Finished scanning and building: ../src/r_cg_serial_user.c'

rl78-elf-gcc -c -x c  -Wa,-adlhn="r_cg_serial.lst" -nostdinc -I"C:\PROGRA~2\KPIT\GNURL7~1.02-\rl78-elf/rl78-elf/optlibinc" -Wstack-usage=64 -mrl78 -g2 -g -o "src/r_cg_serial.o" "../src/r_cg_serial.c"
'Scanning and building file: ../src/r_cg_vector_table.c'
rl78-elf-gcc -MM -MP -MF "src/r_cg_timer_user.d" -MT"src/r_cg_timer_user.o" -MT"src/r_cg_timer_user.d" -x c   -nostdinc -I"C:\PROGRA~2\KPIT\GNURL7~1.02-\rl78-elf/rl78-elf/optlibinc" -Wstack-usage=64 -mrl78 -g2 -g "../src/r_cg_timer_user.c"
'Finished scanning and building: ../src/r_cg_serial.c'
'Invoking: Scanner and Compiler'

'Scanning and building file: ../src/r_hardware_setup.c'
'Invoking: Scanner and Compiler'
rl78-elf-gcc -MM -MP -MF "src/r_cg_vector_table.d" -MT"src/r_cg_vector_table.o" -MT"src/r_cg_vector_table.d" -x c   -nostdinc -I"C:\PROGRA~2\KPIT\GNURL7~1.02-\rl78-elf/rl78-elf/optlibinc" -Wstack-usage=64 -mrl78 -g2 -g "../src/r_cg_vector_table.c"
rl78-elf-gcc -c -x c  -Wa,-adlhn="r_cg_timer_user.lst" -nostdinc -I"C:\PROGRA~2\KPIT\GNURL7~1.02-\rl78-elf/rl78-elf/optlibinc" -Wstack-usage=64 -mrl78 -g2 -g -o "src/r_cg_timer_user.o" "../src/r_cg_timer_user.c"
'Finished scanning and building: ../src/r_cg_timer_user.c'
rl78-elf-gcc -MM -MP -MF "src/r_hardware_setup.d" -MT"src/r_hardware_setup.o" -MT"src/r_hardware_setup.d" -x c   -nostdinc -I"C:\PROGRA~2\KPIT\GNURL7~1.02-\rl78-elf/rl78-elf/optlibinc" -Wstack-usage=64 -mrl78 -g2 -g "../src/r_hardware_setup.c"

'Scanning and building file: ../src/r_main.c'
'Invoking: Scanner and Compiler'
rl78-elf-gcc -c -x c  -Wa,-adlhn="r_cg_vector_table.lst" -nostdinc -I"C:\PROGRA~2\KPIT\GNURL7~1.02-\rl78-elf/rl78-elf/optlibinc" -Wstack-usage=64 -mrl78 -g2 -g -o "src/r_cg_vector_table.o" "../src/r_cg_vector_table.c"
'Finished scanning and building: ../src/r_cg_vector_table.c'

rl78-elf-gcc -MM -MP -MF "src/r_main.d" -MT"src/r_main.o" -MT"src/r_main.d" -x c   -nostdinc -I"C:\PROGRA~2\KPIT\GNURL7~1.02-\rl78-elf/rl78-elf/optlibinc" -Wstack-usage=64 -mrl78 -g2 -g "../src/r_main.c"
rl78-elf-gcc -c -x c  -Wa,-adlhn="r_cg_timer.lst" -nostdinc -I"C:\PROGRA~2\KPIT\GNURL7~1.02-\rl78-elf/rl78-elf/optlibinc" -Wstack-usage=64 -mrl78 -g2 -g -o "src/r_cg_timer.o" "../src/r_cg_timer.c"
rl78-elf-gcc -c -x c  -Wa,-adlhn="r_hardware_setup.lst" -nostdinc -I"C:\PROGRA~2\KPIT\GNURL7~1.02-\rl78-elf/rl78-elf/optlibinc" -Wstack-usage=64 -mrl78 -g2 -g -o "src/r_hardware_setup.o" "../src/r_hardware_setup.c"
'Finished scanning and building: ../src/r_cg_timer.c'
'Finished scanning and building: ../src/r_hardware_setup.c'


../src/r_main.c: In function 'main':
../src/r_main.c:101:31: warning: passing argument 1 of 'print_lcd' makes pointer from integer without a cast
      if (dataReady) print_lcd(ir_rxMessage);
                               ^
In file included from ../src/r_main.c:41:0:
../src/lcd.h:58:6: note: expected 'uint8_t *' but argument is of type 'uint16_t'
 void print_lcd(uint8_t *message);
      ^
../src/r_main.c: In function 'R_MAIN_UserInit':
../src/r_main.c:284:2: error: 'gateStatus' undeclared (first use in this function)
  gateStatus = GS_UNKNOWN;
  ^
../src/r_main.c:284:2: note: each undeclared identifier is reported only once for each function it appears in
src/subdir.mk:252: recipe for target 'src/r_main.o' failed
make: *** [src/r_main.o] Error 1
22:03:22 **** Incremental Build of configuration Release for project RemoteController ****
make -j4 all 
'Build complete.'
22:04:03 **** Incremental Build of configuration HardwareDebug for project GateController ****
make -j4 all 
'Scanning and building file: ../src/infrared.c'
'Scanning and building file: ../src/r_main.c'
'Invoking: Scanner and Compiler'
'Invoking: Scanner and Compiler'
rl78-elf-gcc -MM -MP -MF "src/infrared.d" -MT"src/infrared.o" -MT"src/infrared.d" -x c   -nostdinc -I"C:\PROGRA~2\KPIT\GNURL7~1.02-\rl78-elf/rl78-elf/optlibinc" -Wstack-usage=64 -mrl78 -g2 -g "../src/infrared.c"
rl78-elf-gcc -MM -MP -MF "src/r_main.d" -MT"src/r_main.o" -MT"src/r_main.d" -x c   -nostdinc -I"C:\PROGRA~2\KPIT\GNURL7~1.02-\rl78-elf/rl78-elf/optlibinc" -Wstack-usage=64 -mrl78 -g2 -g "../src/r_main.c"
../src/r_main.c: In function 'main':
../src/r_main.c:101:31: warning: passing argument 1 of 'print_lcd' makes pointer from integer without a cast
      if (dataReady) print_lcd(ir_rxMessage);
                               ^
In file included from ../src/r_main.c:41:0:
../src/lcd.h:58:6: note: expected 'uint8_t *' but argument is of type 'uint16_t'
 void print_lcd(uint8_t *message);
      ^
../src/r_main.c: In function 'R_MAIN_UserInit':
../src/r_main.c:284:2: error: 'gateStatus' undeclared (first use in this function)
  gateStatus = GS_UNKNOWN;
  ^
../src/r_main.c:284:2: note: each undeclared identifier is reported only once for each function it appears in
src/subdir.mk:252: recipe for target 'src/r_main.o' failed
make: *** [src/r_main.o] Error 1
make: *** Waiting for unfinished jobs....
rl78-elf-gcc -c -x c  -Wa,-adlhn="infrared.lst" -nostdinc -I"C:\PROGRA~2\KPIT\GNURL7~1.02-\rl78-elf/rl78-elf/optlibinc" -Wstack-usage=64 -mrl78 -g2 -g -o "src/infrared.o" "../src/infrared.c"
'Finished scanning and building: ../src/infrared.c'

22:04:04 **** Incremental Build of configuration Release for project RemoteController ****
make -j4 all 
'Build complete.'
22:05:50 **** Incremental Build of configuration HardwareDebug for project GateController ****
make -j4 all 
'Scanning and building file: ../src/infrared.c'
'Scanning and building file: ../src/r_main.c'
'Invoking: Scanner and Compiler'
'Invoking: Scanner and Compiler'
rl78-elf-gcc -MM -MP -MF "src/infrared.d" -MT"src/infrared.o" -MT"src/infrared.d" -x c   -nostdinc -I"C:\PROGRA~2\KPIT\GNURL7~1.02-\rl78-elf/rl78-elf/optlibinc" -Wstack-usage=64 -mrl78 -g2 -g "../src/infrared.c"
rl78-elf-gcc -MM -MP -MF "src/r_main.d" -MT"src/r_main.o" -MT"src/r_main.d" -x c   -nostdinc -I"C:\PROGRA~2\KPIT\GNURL7~1.02-\rl78-elf/rl78-elf/optlibinc" -Wstack-usage=64 -mrl78 -g2 -g "../src/r_main.c"
../src/infrared.c: In function 'IRcmd':
../src/infrared.c:88:14: error: redeclaration of 'ascii_word' with no linkage
      uint8_t ascii_word[16];
              ^
../src/infrared.c:79:14: note: previous declaration of 'ascii_word' was here
      uint8_t ascii_word[16];
              ^
src/subdir.mk:82: recipe for target 'src/infrared.o' failed
make: *** [src/infrared.o] Error 1
make: *** Waiting for unfinished jobs....
../src/r_main.c: In function 'main':
../src/r_main.c:101:31: warning: passing argument 1 of 'print_lcd' makes pointer from integer without a cast
      if (dataReady) print_lcd(ir_rxMessage);
                               ^
In file included from ../src/r_main.c:41:0:
../src/lcd.h:58:6: note: expected 'uint8_t *' but argument is of type 'uint16_t'
 void print_lcd(uint8_t *message);
      ^
rl78-elf-gcc -c -x c  -Wa,-adlhn="r_main.lst" -nostdinc -I"C:\PROGRA~2\KPIT\GNURL7~1.02-\rl78-elf/rl78-elf/optlibinc" -Wstack-usage=64 -mrl78 -g2 -g -o "src/r_main.o" "../src/r_main.c"
'Finished scanning and building: ../src/r_main.c'

22:05:52 **** Incremental Build of configuration Release for project RemoteController ****
make -j4 all 
'Build complete.'
22:06:35 **** Incremental Build of configuration HardwareDebug for project GateController ****
make -j4 all 
'Scanning and building file: ../src/infrared.c'
'Invoking: Scanner and Compiler'
rl78-elf-gcc -MM -MP -MF "src/infrared.d" -MT"src/infrared.o" -MT"src/infrared.d" -x c   -nostdinc -I"C:\PROGRA~2\KPIT\GNURL7~1.02-\rl78-elf/rl78-elf/optlibinc" -Wstack-usage=64 -mrl78 -g2 -g "../src/infrared.c"
rl78-elf-gcc -c -x c  -Wa,-adlhn="infrared.lst" -nostdinc -I"C:\PROGRA~2\KPIT\GNURL7~1.02-\rl78-elf/rl78-elf/optlibinc" -Wstack-usage=64 -mrl78 -g2 -g -o "src/infrared.o" "../src/infrared.c"
'Finished scanning and building: ../src/infrared.c'

'Invoking: Linker'
'Building target:'
rl78-elf-ld -o "GateController.x" -T"C:\Users\trist\e2_studio\workspace\GateController\HardwareDebug\GateController_HardwareDebug_auto.gsi" @"C:\Users\trist\e2_studio\workspace\GateController\HardwareDebug\LinkerSubCommand.tmp"    -M=GateController.map -L"C:\PROGRA~2\KPIT\GNURL7~1.02-\rl78-elf/lib/gcc/rl78-elf/4.9-GNURL78_v15.02/g14" -L"C:\PROGRA~2\KPIT\GNURL7~1.02-\rl78-elf/rl78-elf/lib/g14" --start-group -loptm -loptc -lgcc --end-group -e_PowerON_Reset
'Finished building:'

'Invoking: Objcopy'
'Building target:'
rl78-elf-objcopy -O srec   GateController.x "GateController.mot"
'Finished building target:'

'Build complete.'
22:06:37 **** Incremental Build of configuration Release for project RemoteController ****
make -j4 all 
'Build complete.'
22:35:46 **** Incremental Build of configuration HardwareDebug for project GateController ****
make -j4 all 
'Scanning and building file: ../src/r_cg_timer_user.c'
'Invoking: Scanner and Compiler'
rl78-elf-gcc -MM -MP -MF "src/r_cg_timer_user.d" -MT"src/r_cg_timer_user.o" -MT"src/r_cg_timer_user.d" -x c   -nostdinc -I"C:\PROGRA~2\KPIT\GNURL7~1.02-\rl78-elf/rl78-elf/optlibinc" -Wstack-usage=64 -mrl78 -g2 -g "../src/r_cg_timer_user.c"
rl78-elf-gcc -c -x c  -Wa,-adlhn="r_cg_timer_user.lst" -nostdinc -I"C:\PROGRA~2\KPIT\GNURL7~1.02-\rl78-elf/rl78-elf/optlibinc" -Wstack-usage=64 -mrl78 -g2 -g -o "src/r_cg_timer_user.o" "../src/r_cg_timer_user.c"
'Finished scanning and building: ../src/r_cg_timer_user.c'

'Invoking: Linker'
'Building target:'
rl78-elf-ld -o "GateController.x" -T"C:\Users\trist\e2_studio\workspace\GateController\HardwareDebug\GateController_HardwareDebug_auto.gsi" @"C:\Users\trist\e2_studio\workspace\GateController\HardwareDebug\LinkerSubCommand.tmp"    -M=GateController.map -L"C:\PROGRA~2\KPIT\GNURL7~1.02-\rl78-elf/lib/gcc/rl78-elf/4.9-GNURL78_v15.02/g14" -L"C:\PROGRA~2\KPIT\GNURL7~1.02-\rl78-elf/rl78-elf/lib/g14" --start-group -loptm -loptc -lgcc --end-group -e_PowerON_Reset
'Finished building:'

'Invoking: Objcopy'
'Building target:'
rl78-elf-objcopy -O srec   GateController.x "GateController.mot"
'Finished building target:'

'Build complete.'
22:35:47 **** Incremental Build of configuration Release for project RemoteController ****
make -j4 all 
'Build complete.'
00:25:52 **** Incremental Build of configuration HardwareDebug for project GateController ****
make -j4 all 
'Scanning and building file: ../src/infrared.c'
'Scanning and building file: ../src/r_cg_intc_user.c'
'Scanning and building file: ../src/r_main.c'
'Invoking: Scanner and Compiler'
'Invoking: Scanner and Compiler'
'Invoking: Scanner and Compiler'
rl78-elf-gcc -MM -MP -MF "src/r_cg_intc_user.d" -MT"src/r_cg_intc_user.o" -MT"src/r_cg_intc_user.d" -x c   -nostdinc -I"C:\PROGRA~2\KPIT\GNURL7~1.02-\rl78-elf/rl78-elf/optlibinc" -Wstack-usage=64 -mrl78 -g2 -g "../src/r_cg_intc_user.c"
rl78-elf-gcc -MM -MP -MF "src/infrared.d" -MT"src/infrared.o" -MT"src/infrared.d" -x c   -nostdinc -I"C:\PROGRA~2\KPIT\GNURL7~1.02-\rl78-elf/rl78-elf/optlibinc" -Wstack-usage=64 -mrl78 -g2 -g "../src/infrared.c"
rl78-elf-gcc -MM -MP -MF "src/r_main.d" -MT"src/r_main.o" -MT"src/r_main.d" -x c   -nostdinc -I"C:\PROGRA~2\KPIT\GNURL7~1.02-\rl78-elf/rl78-elf/optlibinc" -Wstack-usage=64 -mrl78 -g2 -g "../src/r_main.c"
../src/infrared.c: In function 'IRcmd':
../src/infrared.c:93:3: error: 'dataReponse' undeclared (first use in this function)
   dataReponse = 0;
   ^
../src/infrared.c:93:3: note: each undeclared identifier is reported only once for each function it appears in
src/subdir.mk:82: recipe for target 'src/infrared.o' failed
make: *** [src/infrared.o] Error 1
make: *** Waiting for unfinished jobs....
rl78-elf-gcc -c -x c  -Wa,-adlhn="r_cg_intc_user.lst" -nostdinc -I"C:\PROGRA~2\KPIT\GNURL7~1.02-\rl78-elf/rl78-elf/optlibinc" -Wstack-usage=64 -mrl78 -g2 -g -o "src/r_cg_intc_user.o" "../src/r_cg_intc_user.c"
'Finished scanning and building: ../src/r_cg_intc_user.c'

rl78-elf-gcc -c -x c  -Wa,-adlhn="r_main.lst" -nostdinc -I"C:\PROGRA~2\KPIT\GNURL7~1.02-\rl78-elf/rl78-elf/optlibinc" -Wstack-usage=64 -mrl78 -g2 -g -o "src/r_main.o" "../src/r_main.c"
'Finished scanning and building: ../src/r_main.c'

00:26:21 **** Incremental Build of configuration HardwareDebug for project GateController ****
make -j4 all 
'Scanning and building file: ../src/infrared.c'
'Invoking: Scanner and Compiler'
rl78-elf-gcc -MM -MP -MF "src/infrared.d" -MT"src/infrared.o" -MT"src/infrared.d" -x c   -nostdinc -I"C:\PROGRA~2\KPIT\GNURL7~1.02-\rl78-elf/rl78-elf/optlibinc" -Wstack-usage=64 -mrl78 -g2 -g "../src/infrared.c"
../src/infrared.c: In function 'IRcmd':
../src/infrared.c:93:3: error: 'dataReponse' undeclared (first use in this function)
   dataReponse = 0;
   ^
../src/infrared.c:93:3: note: each undeclared identifier is reported only once for each function it appears in
src/subdir.mk:82: recipe for target 'src/infrared.o' failed
make: *** [src/infrared.o] Error 1
00:26:39 **** Incremental Build of configuration HardwareDebug for project GateController ****
make -j4 all 
'Scanning and building file: ../src/infrared.c'
'Invoking: Scanner and Compiler'
rl78-elf-gcc -MM -MP -MF "src/infrared.d" -MT"src/infrared.o" -MT"src/infrared.d" -x c   -nostdinc -I"C:\PROGRA~2\KPIT\GNURL7~1.02-\rl78-elf/rl78-elf/optlibinc" -Wstack-usage=64 -mrl78 -g2 -g "../src/infrared.c"
rl78-elf-gcc -c -x c  -Wa,-adlhn="infrared.lst" -nostdinc -I"C:\PROGRA~2\KPIT\GNURL7~1.02-\rl78-elf/rl78-elf/optlibinc" -Wstack-usage=64 -mrl78 -g2 -g -o "src/infrared.o" "../src/infrared.c"
'Finished scanning and building: ../src/infrared.c'

'Invoking: Linker'
'Building target:'
rl78-elf-ld -o "GateController.x" -T"C:\Users\trist\e2_studio\workspace\GateController\HardwareDebug\GateController_HardwareDebug_auto.gsi" @"C:\Users\trist\e2_studio\workspace\GateController\HardwareDebug\LinkerSubCommand.tmp"    -M=GateController.map -L"C:\PROGRA~2\KPIT\GNURL7~1.02-\rl78-elf/lib/gcc/rl78-elf/4.9-GNURL78_v15.02/g14" -L"C:\PROGRA~2\KPIT\GNURL7~1.02-\rl78-elf/rl78-elf/lib/g14" --start-group -loptm -loptc -lgcc --end-group -e_PowerON_Reset
'Finished building:'

'Invoking: Objcopy'
'Building target:'
rl78-elf-objcopy -O srec   GateController.x "GateController.mot"
'Finished building target:'

'Build complete.'
00:36:49 **** Incremental Build of configuration HardwareDebug for project GateController ****
make -j4 all 
'Scanning and building file: ../src/r_main.c'
'Invoking: Scanner and Compiler'
rl78-elf-gcc -MM -MP -MF "src/r_main.d" -MT"src/r_main.o" -MT"src/r_main.d" -x c   -nostdinc -I"C:\PROGRA~2\KPIT\GNURL7~1.02-\rl78-elf/rl78-elf/optlibinc" -Wstack-usage=64 -mrl78 -g2 -g "../src/r_main.c"
rl78-elf-gcc -c -x c  -Wa,-adlhn="r_main.lst" -nostdinc -I"C:\PROGRA~2\KPIT\GNURL7~1.02-\rl78-elf/rl78-elf/optlibinc" -Wstack-usage=64 -mrl78 -g2 -g -o "src/r_main.o" "../src/r_main.c"
'Finished scanning and building: ../src/r_main.c'

'Invoking: Linker'
'Building target:'
rl78-elf-ld -o "GateController.x" -T"C:\Users\trist\e2_studio\workspace\GateController\HardwareDebug\GateController_HardwareDebug_auto.gsi" @"C:\Users\trist\e2_studio\workspace\GateController\HardwareDebug\LinkerSubCommand.tmp"    -M=GateController.map -L"C:\PROGRA~2\KPIT\GNURL7~1.02-\rl78-elf/lib/gcc/rl78-elf/4.9-GNURL78_v15.02/g14" -L"C:\PROGRA~2\KPIT\GNURL7~1.02-\rl78-elf/rl78-elf/lib/g14" --start-group -loptm -loptc -lgcc --end-group -e_PowerON_Reset
'Finished building:'

'Invoking: Objcopy'
'Building target:'
rl78-elf-objcopy -O srec   GateController.x "GateController.mot"
'Finished building target:'

'Build complete.'
00:53:04 **** Incremental Build of configuration Release for project RemoteController ****
make -j4 all 
'Scanning and building file: ../src/global.c'
'Scanning and building file: ../src/r_cg_intc_user.c'
'Scanning and building file: ../src/r_cg_timer_user.c'
'Scanning and building file: ../src/r_main.c'
'Invoking: Scanner and Compiler'
'Invoking: Scanner and Compiler'
'Invoking: Scanner and Compiler'
'Invoking: Scanner and Compiler'
rl78-elf-gcc -MM -MP -MF "src/global.d" -MT"src/global.o" -MT"src/global.d" -x c   -nostdinc -ffunction-sections -fdata-sections -fno-tree-loop-optimize -fno-cse-follow-jumps -fno-caller-saves -I"C:\PROGRA~2\KPIT\GNURL7~1.02-\rl78-elf/rl78-elf/optlibinc" -Wstack-usage=64 -mg13 -Os -g "../src/global.c"
rl78-elf-gcc -MM -MP -MF "src/r_cg_intc_user.d" -MT"src/r_cg_intc_user.o" -MT"src/r_cg_intc_user.d" -x c   -nostdinc -ffunction-sections -fdata-sections -fno-tree-loop-optimize -fno-cse-follow-jumps -fno-caller-saves -I"C:\PROGRA~2\KPIT\GNURL7~1.02-\rl78-elf/rl78-elf/optlibinc" -Wstack-usage=64 -mg13 -Os -g "../src/r_cg_intc_user.c"
rl78-elf-gcc -MM -MP -MF "src/r_cg_timer_user.d" -MT"src/r_cg_timer_user.o" -MT"src/r_cg_timer_user.d" -x c   -nostdinc -ffunction-sections -fdata-sections -fno-tree-loop-optimize -fno-cse-follow-jumps -fno-caller-saves -I"C:\PROGRA~2\KPIT\GNURL7~1.02-\rl78-elf/rl78-elf/optlibinc" -Wstack-usage=64 -mg13 -Os -g "../src/r_cg_timer_user.c"
rl78-elf-gcc -MM -MP -MF "src/r_main.d" -MT"src/r_main.o" -MT"src/r_main.d" -x c   -nostdinc -ffunction-sections -fdata-sections -fno-tree-loop-optimize -fno-cse-follow-jumps -fno-caller-saves -I"C:\PROGRA~2\KPIT\GNURL7~1.02-\rl78-elf/rl78-elf/optlibinc" -Wstack-usage=64 -mg13 -Os -g "../src/r_main.c"
rl78-elf-gcc -c -x c  -Wa,-adlhn="r_main.lst" -nostdinc -ffunction-sections -fdata-sections -fno-tree-loop-optimize -fno-cse-follow-jumps -fno-caller-saves -I"C:\PROGRA~2\KPIT\GNURL7~1.02-\rl78-elf/rl78-elf/optlibinc" -Wstack-usage=64 -mg13 -Os -g -o "src/r_main.o" "../src/r_main.c"
rl78-elf-gcc -c -x c  -Wa,-adlhn="r_cg_timer_user.lst" -nostdinc -ffunction-sections -fdata-sections -fno-tree-loop-optimize -fno-cse-follow-jumps -fno-caller-saves -I"C:\PROGRA~2\KPIT\GNURL7~1.02-\rl78-elf/rl78-elf/optlibinc" -Wstack-usage=64 -mg13 -Os -g -o "src/r_cg_timer_user.o" "../src/r_cg_timer_user.c"
rl78-elf-gcc -c -x c  -Wa,-adlhn="r_cg_intc_user.lst" -nostdinc -ffunction-sections -fdata-sections -fno-tree-loop-optimize -fno-cse-follow-jumps -fno-caller-saves -I"C:\PROGRA~2\KPIT\GNURL7~1.02-\rl78-elf/rl78-elf/optlibinc" -Wstack-usage=64 -mg13 -Os -g -o "src/r_cg_intc_user.o" "../src/r_cg_intc_user.c"
'Finished scanning and building: ../src/r_cg_timer_user.c'
'Finished scanning and building: ../src/r_main.c'
'Finished scanning and building: ../src/r_cg_intc_user.c'
rl78-elf-gcc -c -x c  -Wa,-adlhn="global.lst" -nostdinc -ffunction-sections -fdata-sections -fno-tree-loop-optimize -fno-cse-follow-jumps -fno-caller-saves -I"C:\PROGRA~2\KPIT\GNURL7~1.02-\rl78-elf/rl78-elf/optlibinc" -Wstack-usage=64 -mg13 -Os -g -o "src/global.o" "../src/global.c"


'Finished scanning and building: ../src/global.c'


'Invoking: Linker'
'Building target:'
rl78-elf-ld -o "RemoteController.x" -T"C:\Users\trist\e2_studio\workspace\RemoteController\Release\RemoteController_Release_auto.gsi" @"C:\Users\trist\e2_studio\workspace\RemoteController\Release\LinkerSubCommand.tmp"    -M=RemoteController.map --gc-sections -no-keep-memory -S -L"C:\PROGRA~2\KPIT\GNURL7~1.02-\rl78-elf/lib/gcc/rl78-elf/4.9-GNURL78_v15.02/g13" -L"C:\PROGRA~2\KPIT\GNURL7~1.02-\rl78-elf/rl78-elf/lib/g13" --start-group -loptm -loptc -lgcc --end-group -e_PowerON_Reset
'Finished building:'

'Invoking: Objcopy'
'Building target:'
rl78-elf-objcopy -O srec   RemoteController.x "RemoteController.mot"
'Finished building target:'

'Build complete.'
01:31:32 **** Incremental Build of configuration HardwareDebug for project GateController ****
make -j4 all 
'Scanning and building file: ../src/global.c'
'Scanning and building file: ../src/infrared.c'
'Scanning and building file: ../src/lcd.c'
'Scanning and building file: ../src/r_cg_adc.c'
'Invoking: Scanner and Compiler'
'Invoking: Scanner and Compiler'
'Invoking: Scanner and Compiler'
'Invoking: Scanner and Compiler'
rl78-elf-gcc -MM -MP -MF "src/lcd.d" -MT"src/lcd.o" -MT"src/lcd.d" -x c   -nostdinc -I"C:\PROGRA~2\KPIT\GNURL7~1.02-\rl78-elf/rl78-elf/optlibinc" -Wstack-usage=64 -mrl78 -g2 -g "../src/lcd.c"
rl78-elf-gcc -MM -MP -MF "src/infrared.d" -MT"src/infrared.o" -MT"src/infrared.d" -x c   -nostdinc -I"C:\PROGRA~2\KPIT\GNURL7~1.02-\rl78-elf/rl78-elf/optlibinc" -Wstack-usage=64 -mrl78 -g2 -g "../src/infrared.c"
rl78-elf-gcc -MM -MP -MF "src/global.d" -MT"src/global.o" -MT"src/global.d" -x c   -nostdinc -I"C:\PROGRA~2\KPIT\GNURL7~1.02-\rl78-elf/rl78-elf/optlibinc" -Wstack-usage=64 -mrl78 -g2 -g "../src/global.c"
rl78-elf-gcc -MM -MP -MF "src/r_cg_adc.d" -MT"src/r_cg_adc.o" -MT"src/r_cg_adc.d" -x c   -nostdinc -I"C:\PROGRA~2\KPIT\GNURL7~1.02-\rl78-elf/rl78-elf/optlibinc" -Wstack-usage=64 -mrl78 -g2 -g "../src/r_cg_adc.c"
../src/lcd.c: In function 'print_lcd':
../src/lcd.c:188:16: warning: incompatible implicit declaration of built-in function 'strlen'
  uint8_t len = strlen(message);
                ^
rl78-elf-gcc -c -x c  -Wa,-adlhn="global.lst" -nostdinc -I"C:\PROGRA~2\KPIT\GNURL7~1.02-\rl78-elf/rl78-elf/optlibinc" -Wstack-usage=64 -mrl78 -g2 -g -o "src/global.o" "../src/global.c"
'Finished scanning and building: ../src/global.c'
rl78-elf-gcc -c -x c  -Wa,-adlhn="r_cg_adc.lst" -nostdinc -I"C:\PROGRA~2\KPIT\GNURL7~1.02-\rl78-elf/rl78-elf/optlibinc" -Wstack-usage=64 -mrl78 -g2 -g -o "src/r_cg_adc.o" "../src/r_cg_adc.c"
rl78-elf-gcc -c -x c  -Wa,-adlhn="infrared.lst" -nostdinc -I"C:\PROGRA~2\KPIT\GNURL7~1.02-\rl78-elf/rl78-elf/optlibinc" -Wstack-usage=64 -mrl78 -g2 -g -o "src/infrared.o" "../src/infrared.c"
'Finished scanning and building: ../src/r_cg_adc.c'

'Finished scanning and building: ../src/infrared.c'

'Scanning and building file: ../src/r_cg_adc_user.c'

rl78-elf-gcc -c -x c  -Wa,-adlhn="lcd.lst" -nostdinc -I"C:\PROGRA~2\KPIT\GNURL7~1.02-\rl78-elf/rl78-elf/optlibinc" -Wstack-usage=64 -mrl78 -g2 -g -o "src/lcd.o" "../src/lcd.c"
'Invoking: Scanner and Compiler'
'Scanning and building file: ../src/r_cg_cgc.c'
'Scanning and building file: ../src/r_cg_cgc_user.c'
'Finished scanning and building: ../src/lcd.c'
'Invoking: Scanner and Compiler'
'Invoking: Scanner and Compiler'

'Scanning and building file: ../src/r_cg_intc.c'
rl78-elf-gcc -MM -MP -MF "src/r_cg_adc_user.d" -MT"src/r_cg_adc_user.o" -MT"src/r_cg_adc_user.d" -x c   -nostdinc -I"C:\PROGRA~2\KPIT\GNURL7~1.02-\rl78-elf/rl78-elf/optlibinc" -Wstack-usage=64 -mrl78 -g2 -g "../src/r_cg_adc_user.c"
'Invoking: Scanner and Compiler'
rl78-elf-gcc -MM -MP -MF "src/r_cg_cgc.d" -MT"src/r_cg_cgc.o" -MT"src/r_cg_cgc.d" -x c   -nostdinc -I"C:\PROGRA~2\KPIT\GNURL7~1.02-\rl78-elf/rl78-elf/optlibinc" -Wstack-usage=64 -mrl78 -g2 -g "../src/r_cg_cgc.c"
rl78-elf-gcc -MM -MP -MF "src/r_cg_cgc_user.d" -MT"src/r_cg_cgc_user.o" -MT"src/r_cg_cgc_user.d" -x c   -nostdinc -I"C:\PROGRA~2\KPIT\GNURL7~1.02-\rl78-elf/rl78-elf/optlibinc" -Wstack-usage=64 -mrl78 -g2 -g "../src/r_cg_cgc_user.c"
rl78-elf-gcc -MM -MP -MF "src/r_cg_intc.d" -MT"src/r_cg_intc.o" -MT"src/r_cg_intc.d" -x c   -nostdinc -I"C:\PROGRA~2\KPIT\GNURL7~1.02-\rl78-elf/rl78-elf/optlibinc" -Wstack-usage=64 -mrl78 -g2 -g "../src/r_cg_intc.c"
rl78-elf-gcc -c -x c  -Wa,-adlhn="r_cg_adc_user.lst" -nostdinc -I"C:\PROGRA~2\KPIT\GNURL7~1.02-\rl78-elf/rl78-elf/optlibinc" -Wstack-usage=64 -mrl78 -g2 -g -o "src/r_cg_adc_user.o" "../src/r_cg_adc_user.c"
'Finished scanning and building: ../src/r_cg_adc_user.c'
rl78-elf-gcc -c -x c  -Wa,-adlhn="r_cg_cgc_user.lst" -nostdinc -I"C:\PROGRA~2\KPIT\GNURL7~1.02-\rl78-elf/rl78-elf/optlibinc" -Wstack-usage=64 -mrl78 -g2 -g -o "src/r_cg_cgc_user.o" "../src/r_cg_cgc_user.c"

rl78-elf-gcc -c -x c  -Wa,-adlhn="r_cg_cgc.lst" -nostdinc -I"C:\PROGRA~2\KPIT\GNURL7~1.02-\rl78-elf/rl78-elf/optlibinc" -Wstack-usage=64 -mrl78 -g2 -g -o "src/r_cg_cgc.o" "../src/r_cg_cgc.c"
'Scanning and building file: ../src/r_cg_intc_user.c'
'Finished scanning and building: ../src/r_cg_cgc_user.c'
'Finished scanning and building: ../src/r_cg_cgc.c'

'Invoking: Scanner and Compiler'

'Scanning and building file: ../src/r_cg_pclbuz.c'
'Scanning and building file: ../src/r_cg_pclbuz_user.c'
'Invoking: Scanner and Compiler'
'Invoking: Scanner and Compiler'
rl78-elf-gcc -MM -MP -MF "src/r_cg_intc_user.d" -MT"src/r_cg_intc_user.o" -MT"src/r_cg_intc_user.d" -x c   -nostdinc -I"C:\PROGRA~2\KPIT\GNURL7~1.02-\rl78-elf/rl78-elf/optlibinc" -Wstack-usage=64 -mrl78 -g2 -g "../src/r_cg_intc_user.c"
rl78-elf-gcc -c -x c  -Wa,-adlhn="r_cg_intc.lst" -nostdinc -I"C:\PROGRA~2\KPIT\GNURL7~1.02-\rl78-elf/rl78-elf/optlibinc" -Wstack-usage=64 -mrl78 -g2 -g -o "src/r_cg_intc.o" "../src/r_cg_intc.c"
'Finished scanning and building: ../src/r_cg_intc.c'
rl78-elf-gcc -MM -MP -MF "src/r_cg_pclbuz.d" -MT"src/r_cg_pclbuz.o" -MT"src/r_cg_pclbuz.d" -x c   -nostdinc -I"C:\PROGRA~2\KPIT\GNURL7~1.02-\rl78-elf/rl78-elf/optlibinc" -Wstack-usage=64 -mrl78 -g2 -g "../src/r_cg_pclbuz.c"

rl78-elf-gcc -MM -MP -MF "src/r_cg_pclbuz_user.d" -MT"src/r_cg_pclbuz_user.o" -MT"src/r_cg_pclbuz_user.d" -x c   -nostdinc -I"C:\PROGRA~2\KPIT\GNURL7~1.02-\rl78-elf/rl78-elf/optlibinc" -Wstack-usage=64 -mrl78 -g2 -g "../src/r_cg_pclbuz_user.c"
'Scanning and building file: ../src/r_cg_port.c'
'Invoking: Scanner and Compiler'
rl78-elf-gcc -c -x c  -Wa,-adlhn="r_cg_intc_user.lst" -nostdinc -I"C:\PROGRA~2\KPIT\GNURL7~1.02-\rl78-elf/rl78-elf/optlibinc" -Wstack-usage=64 -mrl78 -g2 -g -o "src/r_cg_intc_user.o" "../src/r_cg_intc_user.c"
'Finished scanning and building: ../src/r_cg_intc_user.c'
rl78-elf-gcc -c -x c  -Wa,-adlhn="r_cg_pclbuz_user.lst" -nostdinc -I"C:\PROGRA~2\KPIT\GNURL7~1.02-\rl78-elf/rl78-elf/optlibinc" -Wstack-usage=64 -mrl78 -g2 -g -o "src/r_cg_pclbuz_user.o" "../src/r_cg_pclbuz_user.c"

'Finished scanning and building: ../src/r_cg_pclbuz_user.c'
rl78-elf-gcc -MM -MP -MF "src/r_cg_port.d" -MT"src/r_cg_port.o" -MT"src/r_cg_port.d" -x c   -nostdinc -I"C:\PROGRA~2\KPIT\GNURL7~1.02-\rl78-elf/rl78-elf/optlibinc" -Wstack-usage=64 -mrl78 -g2 -g "../src/r_cg_port.c"
'Scanning and building file: ../src/r_cg_port_user.c'
rl78-elf-gcc -c -x c  -Wa,-adlhn="r_cg_pclbuz.lst" -nostdinc -I"C:\PROGRA~2\KPIT\GNURL7~1.02-\rl78-elf/rl78-elf/optlibinc" -Wstack-usage=64 -mrl78 -g2 -g -o "src/r_cg_pclbuz.o" "../src/r_cg_pclbuz.c"

'Invoking: Scanner and Compiler'
'Finished scanning and building: ../src/r_cg_pclbuz.c'
'Scanning and building file: ../src/r_cg_serial.c'
'Invoking: Scanner and Compiler'

'Scanning and building file: ../src/r_cg_serial_user.c'
rl78-elf-gcc -MM -MP -MF "src/r_cg_port_user.d" -MT"src/r_cg_port_user.o" -MT"src/r_cg_port_user.d" -x c   -nostdinc -I"C:\PROGRA~2\KPIT\GNURL7~1.02-\rl78-elf/rl78-elf/optlibinc" -Wstack-usage=64 -mrl78 -g2 -g "../src/r_cg_port_user.c"
'Invoking: Scanner and Compiler'
rl78-elf-gcc -MM -MP -MF "src/r_cg_serial.d" -MT"src/r_cg_serial.o" -MT"src/r_cg_serial.d" -x c   -nostdinc -I"C:\PROGRA~2\KPIT\GNURL7~1.02-\rl78-elf/rl78-elf/optlibinc" -Wstack-usage=64 -mrl78 -g2 -g "../src/r_cg_serial.c"
rl78-elf-gcc -c -x c  -Wa,-adlhn="r_cg_port.lst" -nostdinc -I"C:\PROGRA~2\KPIT\GNURL7~1.02-\rl78-elf/rl78-elf/optlibinc" -Wstack-usage=64 -mrl78 -g2 -g -o "src/r_cg_port.o" "../src/r_cg_port.c"
'Finished scanning and building: ../src/r_cg_port.c'
rl78-elf-gcc -MM -MP -MF "src/r_cg_serial_user.d" -MT"src/r_cg_serial_user.o" -MT"src/r_cg_serial_user.d" -x c   -nostdinc -I"C:\PROGRA~2\KPIT\GNURL7~1.02-\rl78-elf/rl78-elf/optlibinc" -Wstack-usage=64 -mrl78 -g2 -g "../src/r_cg_serial_user.c"

rl78-elf-gcc -c -x c  -Wa,-adlhn="r_cg_port_user.lst" -nostdinc -I"C:\PROGRA~2\KPIT\GNURL7~1.02-\rl78-elf/rl78-elf/optlibinc" -Wstack-usage=64 -mrl78 -g2 -g -o "src/r_cg_port_user.o" "../src/r_cg_port_user.c"
'Scanning and building file: ../src/r_cg_timer.c'
'Finished scanning and building: ../src/r_cg_port_user.c'
'Invoking: Scanner and Compiler'

'Scanning and building file: ../src/r_cg_timer_user.c'
'Invoking: Scanner and Compiler'
rl78-elf-gcc -MM -MP -MF "src/r_cg_timer.d" -MT"src/r_cg_timer.o" -MT"src/r_cg_timer.d" -x c   -nostdinc -I"C:\PROGRA~2\KPIT\GNURL7~1.02-\rl78-elf/rl78-elf/optlibinc" -Wstack-usage=64 -mrl78 -g2 -g "../src/r_cg_timer.c"
rl78-elf-gcc -c -x c  -Wa,-adlhn="r_cg_serial_user.lst" -nostdinc -I"C:\PROGRA~2\KPIT\GNURL7~1.02-\rl78-elf/rl78-elf/optlibinc" -Wstack-usage=64 -mrl78 -g2 -g -o "src/r_cg_serial_user.o" "../src/r_cg_serial_user.c"
rl78-elf-gcc -MM -MP -MF "src/r_cg_timer_user.d" -MT"src/r_cg_timer_user.o" -MT"src/r_cg_timer_user.d" -x c   -nostdinc -I"C:\PROGRA~2\KPIT\GNURL7~1.02-\rl78-elf/rl78-elf/optlibinc" -Wstack-usage=64 -mrl78 -g2 -g "../src/r_cg_timer_user.c"
'Finished scanning and building: ../src/r_cg_serial_user.c'

rl78-elf-gcc -c -x c  -Wa,-adlhn="r_cg_serial.lst" -nostdinc -I"C:\PROGRA~2\KPIT\GNURL7~1.02-\rl78-elf/rl78-elf/optlibinc" -Wstack-usage=64 -mrl78 -g2 -g -o "src/r_cg_serial.o" "../src/r_cg_serial.c"
'Scanning and building file: ../src/r_cg_vector_table.c'
'Finished scanning and building: ../src/r_cg_serial.c'
'Invoking: Scanner and Compiler'

'Scanning and building file: ../src/r_hardware_setup.c'
'Invoking: Scanner and Compiler'
rl78-elf-gcc -c -x c  -Wa,-adlhn="r_cg_timer_user.lst" -nostdinc -I"C:\PROGRA~2\KPIT\GNURL7~1.02-\rl78-elf/rl78-elf/optlibinc" -Wstack-usage=64 -mrl78 -g2 -g -o "src/r_cg_timer_user.o" "../src/r_cg_timer_user.c"
rl78-elf-gcc -MM -MP -MF "src/r_cg_vector_table.d" -MT"src/r_cg_vector_table.o" -MT"src/r_cg_vector_table.d" -x c   -nostdinc -I"C:\PROGRA~2\KPIT\GNURL7~1.02-\rl78-elf/rl78-elf/optlibinc" -Wstack-usage=64 -mrl78 -g2 -g "../src/r_cg_vector_table.c"
'Finished scanning and building: ../src/r_cg_timer_user.c'

rl78-elf-gcc -MM -MP -MF "src/r_hardware_setup.d" -MT"src/r_hardware_setup.o" -MT"src/r_hardware_setup.d" -x c   -nostdinc -I"C:\PROGRA~2\KPIT\GNURL7~1.02-\rl78-elf/rl78-elf/optlibinc" -Wstack-usage=64 -mrl78 -g2 -g "../src/r_hardware_setup.c"
'Scanning and building file: ../src/r_main.c'
'Invoking: Scanner and Compiler'
rl78-elf-gcc -c -x c  -Wa,-adlhn="r_cg_vector_table.lst" -nostdinc -I"C:\PROGRA~2\KPIT\GNURL7~1.02-\rl78-elf/rl78-elf/optlibinc" -Wstack-usage=64 -mrl78 -g2 -g -o "src/r_cg_vector_table.o" "../src/r_cg_vector_table.c"
'Finished scanning and building: ../src/r_cg_vector_table.c'
rl78-elf-gcc -c -x c  -Wa,-adlhn="r_cg_timer.lst" -nostdinc -I"C:\PROGRA~2\KPIT\GNURL7~1.02-\rl78-elf/rl78-elf/optlibinc" -Wstack-usage=64 -mrl78 -g2 -g -o "src/r_cg_timer.o" "../src/r_cg_timer.c"
rl78-elf-gcc -MM -MP -MF "src/r_main.d" -MT"src/r_main.o" -MT"src/r_main.d" -x c   -nostdinc -I"C:\PROGRA~2\KPIT\GNURL7~1.02-\rl78-elf/rl78-elf/optlibinc" -Wstack-usage=64 -mrl78 -g2 -g "../src/r_main.c"
rl78-elf-gcc -c -x c  -Wa,-adlhn="r_hardware_setup.lst" -nostdinc -I"C:\PROGRA~2\KPIT\GNURL7~1.02-\rl78-elf/rl78-elf/optlibinc" -Wstack-usage=64 -mrl78 -g2 -g -o "src/r_hardware_setup.o" "../src/r_hardware_setup.c"
'Finished scanning and building: ../src/r_cg_timer.c'

'Finished scanning and building: ../src/r_hardware_setup.c'


rl78-elf-gcc -c -x c  -Wa,-adlhn="r_main.lst" -nostdinc -I"C:\PROGRA~2\KPIT\GNURL7~1.02-\rl78-elf/rl78-elf/optlibinc" -Wstack-usage=64 -mrl78 -g2 -g -o "src/r_main.o" "../src/r_main.c"
'Finished scanning and building: ../src/r_main.c'

'Invoking: Linker'
'Building target:'
rl78-elf-ld -o "GateController.x" -T"C:\Users\trist\e2_studio\workspace\GateController\HardwareDebug\GateController_HardwareDebug_auto.gsi" @"C:\Users\trist\e2_studio\workspace\GateController\HardwareDebug\LinkerSubCommand.tmp"    -M=GateController.map -L"C:\PROGRA~2\KPIT\GNURL7~1.02-\rl78-elf/lib/gcc/rl78-elf/4.9-GNURL78_v15.02/g14" -L"C:\PROGRA~2\KPIT\GNURL7~1.02-\rl78-elf/rl78-elf/lib/g14" --start-group -loptm -loptc -lgcc --end-group -e_PowerON_Reset
'Finished building:'

'Invoking: Objcopy'
'Building target:'
rl78-elf-objcopy -O srec   GateController.x "GateController.mot"
'Finished building target:'

'Build complete.'
01:33:34 **** Incremental Build of configuration HardwareDebug for project GateController ****
make -j4 all 
'Scanning and building file: ../src/r_main.c'
'Invoking: Scanner and Compiler'
rl78-elf-gcc -MM -MP -MF "src/r_main.d" -MT"src/r_main.o" -MT"src/r_main.d" -x c   -nostdinc -I"C:\PROGRA~2\KPIT\GNURL7~1.02-\rl78-elf/rl78-elf/optlibinc" -Wstack-usage=64 -mrl78 -g2 -g "../src/r_main.c"
rl78-elf-gcc -c -x c  -Wa,-adlhn="r_main.lst" -nostdinc -I"C:\PROGRA~2\KPIT\GNURL7~1.02-\rl78-elf/rl78-elf/optlibinc" -Wstack-usage=64 -mrl78 -g2 -g -o "src/r_main.o" "../src/r_main.c"
'Finished scanning and building: ../src/r_main.c'

'Invoking: Linker'
'Building target:'
rl78-elf-ld -o "GateController.x" -T"C:\Users\trist\e2_studio\workspace\GateController\HardwareDebug\GateController_HardwareDebug_auto.gsi" @"C:\Users\trist\e2_studio\workspace\GateController\HardwareDebug\LinkerSubCommand.tmp"    -M=GateController.map -L"C:\PROGRA~2\KPIT\GNURL7~1.02-\rl78-elf/lib/gcc/rl78-elf/4.9-GNURL78_v15.02/g14" -L"C:\PROGRA~2\KPIT\GNURL7~1.02-\rl78-elf/rl78-elf/lib/g14" --start-group -loptm -loptc -lgcc --end-group -e_PowerON_Reset
'Finished building:'

'Invoking: Objcopy'
'Building target:'
rl78-elf-objcopy -O srec   GateController.x "GateController.mot"
'Finished building target:'

'Build complete.'
