00:53:04 **** Incremental Build of configuration Release for project RemoteController ****
make -j4 all 
'Scanning and building file: ../src/global.c'
'Scanning and building file: ../src/r_cg_intc_user.c'
'Scanning and building file: ../src/r_cg_timer_user.c'
'Scanning and building file: ../src/r_main.c'
'Invoking: Scanner and Compiler'
'Invoking: Scanner and Compiler'
'Invoking: Scanner and Compiler'
'Invoking: Scanner and Compiler'
rl78-elf-gcc -MM -MP -MF "src/global.d" -MT"src/global.o" -MT"src/global.d" -x c   -nostdinc -ffunction-sections -fdata-sections -fno-tree-loop-optimize -fno-cse-follow-jumps -fno-caller-saves -I"C:\PROGRA~2\KPIT\GNURL7~1.02-\rl78-elf/rl78-elf/optlibinc" -Wstack-usage=64 -mg13 -Os -g "../src/global.c"
rl78-elf-gcc -MM -MP -MF "src/r_cg_intc_user.d" -MT"src/r_cg_intc_user.o" -MT"src/r_cg_intc_user.d" -x c   -nostdinc -ffunction-sections -fdata-sections -fno-tree-loop-optimize -fno-cse-follow-jumps -fno-caller-saves -I"C:\PROGRA~2\KPIT\GNURL7~1.02-\rl78-elf/rl78-elf/optlibinc" -Wstack-usage=64 -mg13 -Os -g "../src/r_cg_intc_user.c"
rl78-elf-gcc -MM -MP -MF "src/r_cg_timer_user.d" -MT"src/r_cg_timer_user.o" -MT"src/r_cg_timer_user.d" -x c   -nostdinc -ffunction-sections -fdata-sections -fno-tree-loop-optimize -fno-cse-follow-jumps -fno-caller-saves -I"C:\PROGRA~2\KPIT\GNURL7~1.02-\rl78-elf/rl78-elf/optlibinc" -Wstack-usage=64 -mg13 -Os -g "../src/r_cg_timer_user.c"
rl78-elf-gcc -MM -MP -MF "src/r_main.d" -MT"src/r_main.o" -MT"src/r_main.d" -x c   -nostdinc -ffunction-sections -fdata-sections -fno-tree-loop-optimize -fno-cse-follow-jumps -fno-caller-saves -I"C:\PROGRA~2\KPIT\GNURL7~1.02-\rl78-elf/rl78-elf/optlibinc" -Wstack-usage=64 -mg13 -Os -g "../src/r_main.c"
rl78-elf-gcc -c -x c  -Wa,-adlhn="r_main.lst" -nostdinc -ffunction-sections -fdata-sections -fno-tree-loop-optimize -fno-cse-follow-jumps -fno-caller-saves -I"C:\PROGRA~2\KPIT\GNURL7~1.02-\rl78-elf/rl78-elf/optlibinc" -Wstack-usage=64 -mg13 -Os -g -o "src/r_main.o" "../src/r_main.c"
rl78-elf-gcc -c -x c  -Wa,-adlhn="r_cg_timer_user.lst" -nostdinc -ffunction-sections -fdata-sections -fno-tree-loop-optimize -fno-cse-follow-jumps -fno-caller-saves -I"C:\PROGRA~2\KPIT\GNURL7~1.02-\rl78-elf/rl78-elf/optlibinc" -Wstack-usage=64 -mg13 -Os -g -o "src/r_cg_timer_user.o" "../src/r_cg_timer_user.c"
rl78-elf-gcc -c -x c  -Wa,-adlhn="r_cg_intc_user.lst" -nostdinc -ffunction-sections -fdata-sections -fno-tree-loop-optimize -fno-cse-follow-jumps -fno-caller-saves -I"C:\PROGRA~2\KPIT\GNURL7~1.02-\rl78-elf/rl78-elf/optlibinc" -Wstack-usage=64 -mg13 -Os -g -o "src/r_cg_intc_user.o" "../src/r_cg_intc_user.c"
'Finished scanning and building: ../src/r_cg_timer_user.c'
'Finished scanning and building: ../src/r_main.c'
'Finished scanning and building: ../src/r_cg_intc_user.c'
rl78-elf-gcc -c -x c  -Wa,-adlhn="global.lst" -nostdinc -ffunction-sections -fdata-sections -fno-tree-loop-optimize -fno-cse-follow-jumps -fno-caller-saves -I"C:\PROGRA~2\KPIT\GNURL7~1.02-\rl78-elf/rl78-elf/optlibinc" -Wstack-usage=64 -mg13 -Os -g -o "src/global.o" "../src/global.c"


'Finished scanning and building: ../src/global.c'


'Invoking: Linker'
'Building target:'
rl78-elf-ld -o "RemoteController.x" -T"C:\Users\trist\e2_studio\workspace\RemoteController\Release\RemoteController_Release_auto.gsi" @"C:\Users\trist\e2_studio\workspace\RemoteController\Release\LinkerSubCommand.tmp"    -M=RemoteController.map --gc-sections -no-keep-memory -S -L"C:\PROGRA~2\KPIT\GNURL7~1.02-\rl78-elf/lib/gcc/rl78-elf/4.9-GNURL78_v15.02/g13" -L"C:\PROGRA~2\KPIT\GNURL7~1.02-\rl78-elf/rl78-elf/lib/g13" --start-group -loptm -loptc -lgcc --end-group -e_PowerON_Reset
'Finished building:'

'Invoking: Objcopy'
'Building target:'
rl78-elf-objcopy -O srec   RemoteController.x "RemoteController.mot"
'Finished building target:'

'Build complete.'

00:53:06 Build Finished. 0 errors, 0 warnings. (took 1s.217ms)

